<?xml version="1.0" encoding="UTF-8"?>
<coverage generated="1719170802369" clover="3.2.0">
  <project timestamp="1719170802369" name="All files">
    <metrics statements="1031" coveredstatements="384" conditionals="620" coveredconditionals="104" methods="317" coveredmethods="139" elements="1968" coveredelements="627" complexity="0" loc="1031" ncloc="1031" packages="4" files="14" classes="14"/>
    <package name="api-client">
      <metrics statements="840" coveredstatements="280" conditionals="558" coveredconditionals="89" methods="257" coveredmethods="115"/>
      <file name="api.ts" path="/home/jaden/University/Third Year/COS 301/Capstone/TuneIn/frontend/api-client/api.ts">
        <metrics statements="840" coveredstatements="280" conditionals="558" coveredconditionals="89" methods="257" coveredmethods="115"/>
        <line num="19" count="1" type="stmt"/>
        <line num="25" count="1" type="stmt"/>
        <line num="60" count="40" type="cond" truecount="1" falsecount="1"/>
        <line num="61" count="40" type="stmt"/>
        <line num="62" count="40" type="cond" truecount="2" falsecount="0"/>
        <line num="74" count="17" type="stmt"/>
        <line num="76" count="17" type="stmt"/>
        <line num="705" count="1" type="stmt"/>
        <line num="706" count="2" type="stmt"/>
        <line num="716" count="1" type="cond" truecount="3" falsecount="1"/>
        <line num="717" count="1" type="stmt"/>
        <line num="719" count="0" type="stmt"/>
        <line num="720" count="0" type="stmt"/>
        <line num="721" count="0" type="stmt"/>
        <line num="722" count="0" type="stmt"/>
        <line num="723" count="0" type="stmt"/>
        <line num="725" count="0" type="stmt"/>
        <line num="727" count="0" type="stmt"/>
        <line num="729" count="0" type="stmt"/>
        <line num="730" count="0" type="stmt"/>
        <line num="731" count="0" type="cond" truecount="0" falsecount="2"/>
        <line num="732" count="0" type="cond" truecount="0" falsecount="6"/>
        <line num="734" count="0" type="stmt"/>
        <line num="748" count="1" type="cond" truecount="3" falsecount="1"/>
        <line num="749" count="1" type="stmt"/>
        <line num="751" count="0" type="stmt"/>
        <line num="752" count="0" type="stmt"/>
        <line num="753" count="0" type="stmt"/>
        <line num="754" count="0" type="stmt"/>
        <line num="755" count="0" type="stmt"/>
        <line num="757" count="0" type="stmt"/>
        <line num="759" count="0" type="stmt"/>
        <line num="761" count="0" type="stmt"/>
        <line num="762" count="0" type="stmt"/>
        <line num="763" count="0" type="cond" truecount="0" falsecount="2"/>
        <line num="764" count="0" type="cond" truecount="0" falsecount="6"/>
        <line num="766" count="0" type="stmt"/>
        <line num="778" count="1" type="stmt"/>
        <line num="779" count="2" type="stmt"/>
        <line num="788" count="1" type="stmt"/>
        <line num="789" count="0" type="cond" truecount="0" falsecount="2"/>
        <line num="790" count="0" type="stmt"/>
        <line num="791" count="0" type="cond" truecount="0" falsecount="4"/>
        <line num="792" count="0" type="stmt"/>
        <line num="794" count="0" type="stmt"/>
        <line num="807" count="1" type="stmt"/>
        <line num="808" count="0" type="cond" truecount="0" falsecount="2"/>
        <line num="809" count="0" type="stmt"/>
        <line num="810" count="0" type="cond" truecount="0" falsecount="4"/>
        <line num="811" count="0" type="stmt"/>
        <line num="813" count="0" type="stmt"/>
        <line num="825" count="1" type="stmt"/>
        <line num="826" count="0" type="stmt"/>
        <line num="835" count="0" type="stmt"/>
        <line num="845" count="0" type="stmt"/>
        <line num="866" count="1" type="stmt"/>
        <line num="878" count="1" type="stmt"/>
        <line num="886" count="1" type="stmt"/>
        <line num="887" count="1" type="stmt"/>
        <line num="895" count="1" type="stmt"/>
        <line num="896" count="1" type="stmt"/>
        <line num="897" count="1" type="stmt"/>
        <line num="898" count="1" type="stmt"/>
        <line num="899" count="1" type="stmt"/>
        <line num="901" count="1" type="stmt"/>
        <line num="903" count="1" type="stmt"/>
        <line num="904" count="1" type="stmt"/>
        <line num="906" count="1" type="stmt"/>
        <line num="918" count="1" type="stmt"/>
        <line num="919" count="1" type="stmt"/>
        <line num="927" count="1" type="stmt"/>
        <line num="928" count="1" type="cond" truecount="0" falsecount="2"/>
        <line num="929" count="1" type="stmt"/>
        <line num="930" count="0" type="cond" truecount="0" falsecount="4"/>
        <line num="931" count="0" type="stmt"/>
        <line num="933" count="0" type="stmt"/>
        <line num="945" count="1" type="stmt"/>
        <line num="946" count="0" type="stmt"/>
        <line num="954" count="0" type="stmt"/>
        <line num="974" count="1" type="stmt"/>
        <line num="982" count="1" type="stmt"/>
        <line num="983" count="5" type="stmt"/>
        <line num="993" count="1" type="cond" truecount="3" falsecount="1"/>
        <line num="994" count="0" type="stmt"/>
        <line num="996" count="1" type="stmt"/>
        <line num="998" count="1" type="stmt"/>
        <line num="999" count="1" type="stmt"/>
        <line num="1000" count="1" type="stmt"/>
        <line num="1001" count="1" type="stmt"/>
        <line num="1003" count="1" type="stmt"/>
        <line num="1005" count="1" type="stmt"/>
        <line num="1006" count="1" type="stmt"/>
        <line num="1008" count="1" type="stmt"/>
        <line num="1021" count="1" type="cond" truecount="3" falsecount="1"/>
        <line num="1022" count="0" type="stmt"/>
        <line num="1024" count="1" type="stmt"/>
        <line num="1026" count="1" type="stmt"/>
        <line num="1027" count="1" type="stmt"/>
        <line num="1028" count="1" type="stmt"/>
        <line num="1029" count="1" type="stmt"/>
        <line num="1031" count="1" type="stmt"/>
        <line num="1033" count="1" type="stmt"/>
        <line num="1034" count="1" type="stmt"/>
        <line num="1036" count="1" type="stmt"/>
        <line num="1049" count="1" type="cond" truecount="3" falsecount="1"/>
        <line num="1050" count="1" type="stmt"/>
        <line num="1052" count="0" type="stmt"/>
        <line num="1053" count="0" type="stmt"/>
        <line num="1054" count="0" type="stmt"/>
        <line num="1055" count="0" type="stmt"/>
        <line num="1056" count="0" type="stmt"/>
        <line num="1058" count="0" type="stmt"/>
        <line num="1060" count="0" type="stmt"/>
        <line num="1062" count="0" type="stmt"/>
        <line num="1063" count="0" type="stmt"/>
        <line num="1064" count="0" type="cond" truecount="0" falsecount="2"/>
        <line num="1065" count="0" type="cond" truecount="0" falsecount="6"/>
        <line num="1067" count="0" type="stmt"/>
        <line num="1081" count="1" type="cond" truecount="3" falsecount="1"/>
        <line num="1082" count="0" type="stmt"/>
        <line num="1084" count="1" type="stmt"/>
        <line num="1086" count="1" type="stmt"/>
        <line num="1087" count="1" type="stmt"/>
        <line num="1088" count="1" type="stmt"/>
        <line num="1089" count="1" type="stmt"/>
        <line num="1091" count="1" type="stmt"/>
        <line num="1093" count="1" type="stmt"/>
        <line num="1094" count="1" type="stmt"/>
        <line num="1096" count="1" type="stmt"/>
        <line num="1109" count="1" type="cond" truecount="3" falsecount="1"/>
        <line num="1110" count="1" type="stmt"/>
        <line num="1112" count="0" type="stmt"/>
        <line num="1113" count="0" type="stmt"/>
        <line num="1114" count="0" type="stmt"/>
        <line num="1115" count="0" type="stmt"/>
        <line num="1116" count="0" type="stmt"/>
        <line num="1118" count="0" type="stmt"/>
        <line num="1120" count="0" type="stmt"/>
        <line num="1122" count="0" type="stmt"/>
        <line num="1123" count="0" type="stmt"/>
        <line num="1124" count="0" type="cond" truecount="0" falsecount="2"/>
        <line num="1125" count="0" type="cond" truecount="0" falsecount="6"/>
        <line num="1127" count="0" type="stmt"/>
        <line num="1139" count="1" type="stmt"/>
        <line num="1140" count="5" type="stmt"/>
        <line num="1149" count="1" type="stmt"/>
        <line num="1150" count="1" type="cond" truecount="0" falsecount="2"/>
        <line num="1151" count="1" type="stmt"/>
        <line num="1152" count="0" type="cond" truecount="0" falsecount="4"/>
        <line num="1153" count="0" type="stmt"/>
        <line num="1155" count="0" type="stmt"/>
        <line num="1167" count="1" type="stmt"/>
        <line num="1168" count="1" type="cond" truecount="0" falsecount="2"/>
        <line num="1169" count="1" type="stmt"/>
        <line num="1170" count="0" type="cond" truecount="0" falsecount="4"/>
        <line num="1171" count="0" type="stmt"/>
        <line num="1173" count="0" type="stmt"/>
        <line num="1185" count="1" type="stmt"/>
        <line num="1186" count="0" type="cond" truecount="0" falsecount="2"/>
        <line num="1187" count="0" type="stmt"/>
        <line num="1188" count="0" type="cond" truecount="0" falsecount="4"/>
        <line num="1189" count="0" type="stmt"/>
        <line num="1191" count="0" type="stmt"/>
        <line num="1204" count="1" type="stmt"/>
        <line num="1205" count="1" type="cond" truecount="0" falsecount="2"/>
        <line num="1206" count="1" type="stmt"/>
        <line num="1207" count="0" type="cond" truecount="0" falsecount="4"/>
        <line num="1208" count="0" type="stmt"/>
        <line num="1210" count="0" type="stmt"/>
        <line num="1222" count="1" type="stmt"/>
        <line num="1223" count="0" type="cond" truecount="0" falsecount="2"/>
        <line num="1224" count="0" type="stmt"/>
        <line num="1225" count="0" type="cond" truecount="0" falsecount="4"/>
        <line num="1226" count="0" type="stmt"/>
        <line num="1228" count="0" type="stmt"/>
        <line num="1240" count="1" type="stmt"/>
        <line num="1241" count="0" type="stmt"/>
        <line num="1250" count="0" type="stmt"/>
        <line num="1259" count="0" type="stmt"/>
        <line num="1268" count="0" type="stmt"/>
        <line num="1278" count="0" type="stmt"/>
        <line num="1287" count="0" type="stmt"/>
        <line num="1308" count="1" type="stmt"/>
        <line num="1319" count="1" type="stmt"/>
        <line num="1330" count="1" type="stmt"/>
        <line num="1342" count="1" type="stmt"/>
        <line num="1353" count="1" type="stmt"/>
        <line num="1361" count="1" type="stmt"/>
        <line num="1362" count="12" type="stmt"/>
        <line num="1372" count="1" type="cond" truecount="3" falsecount="1"/>
        <line num="1373" count="1" type="stmt"/>
        <line num="1376" count="0" type="cond" truecount="0" falsecount="4"/>
        <line num="1377" count="0" type="stmt"/>
        <line num="1379" count="0" type="stmt"/>
        <line num="1381" count="0" type="stmt"/>
        <line num="1382" count="0" type="stmt"/>
        <line num="1383" count="0" type="stmt"/>
        <line num="1384" count="0" type="stmt"/>
        <line num="1386" count="0" type="stmt"/>
        <line num="1388" count="0" type="stmt"/>
        <line num="1390" count="0" type="stmt"/>
        <line num="1391" count="0" type="stmt"/>
        <line num="1392" count="0" type="cond" truecount="0" falsecount="2"/>
        <line num="1393" count="0" type="cond" truecount="0" falsecount="6"/>
        <line num="1395" count="0" type="stmt"/>
        <line num="1408" count="1" type="cond" truecount="3" falsecount="1"/>
        <line num="1409" count="0" type="stmt"/>
        <line num="1411" count="1" type="stmt"/>
        <line num="1413" count="1" type="stmt"/>
        <line num="1414" count="1" type="stmt"/>
        <line num="1415" count="1" type="stmt"/>
        <line num="1416" count="1" type="stmt"/>
        <line num="1418" count="1" type="stmt"/>
        <line num="1420" count="1" type="stmt"/>
        <line num="1421" count="1" type="stmt"/>
        <line num="1423" count="1" type="stmt"/>
        <line num="1436" count="1" type="cond" truecount="3" falsecount="1"/>
        <line num="1437" count="0" type="stmt"/>
        <line num="1439" count="1" type="stmt"/>
        <line num="1441" count="1" type="stmt"/>
        <line num="1442" count="1" type="stmt"/>
        <line num="1443" count="1" type="stmt"/>
        <line num="1444" count="1" type="stmt"/>
        <line num="1446" count="1" type="stmt"/>
        <line num="1448" count="1" type="stmt"/>
        <line num="1449" count="1" type="stmt"/>
        <line num="1451" count="1" type="stmt"/>
        <line num="1464" count="1" type="cond" truecount="3" falsecount="1"/>
        <line num="1465" count="0" type="stmt"/>
        <line num="1467" count="1" type="stmt"/>
        <line num="1469" count="1" type="stmt"/>
        <line num="1470" count="1" type="stmt"/>
        <line num="1471" count="1" type="stmt"/>
        <line num="1472" count="1" type="stmt"/>
        <line num="1474" count="1" type="stmt"/>
        <line num="1476" count="1" type="stmt"/>
        <line num="1477" count="1" type="stmt"/>
        <line num="1479" count="1" type="stmt"/>
        <line num="1493" count="1" type="cond" truecount="3" falsecount="1"/>
        <line num="1494" count="1" type="stmt"/>
        <line num="1496" count="0" type="stmt"/>
        <line num="1498" count="0" type="stmt"/>
        <line num="1499" count="0" type="stmt"/>
        <line num="1500" count="0" type="stmt"/>
        <line num="1501" count="0" type="stmt"/>
        <line num="1503" count="0" type="stmt"/>
        <line num="1505" count="0" type="stmt"/>
        <line num="1506" count="0" type="stmt"/>
        <line num="1508" count="0" type="stmt"/>
        <line num="1521" count="1" type="cond" truecount="3" falsecount="1"/>
        <line num="1522" count="0" type="stmt"/>
        <line num="1524" count="1" type="stmt"/>
        <line num="1526" count="1" type="stmt"/>
        <line num="1527" count="1" type="stmt"/>
        <line num="1528" count="1" type="stmt"/>
        <line num="1529" count="1" type="stmt"/>
        <line num="1531" count="1" type="stmt"/>
        <line num="1533" count="1" type="stmt"/>
        <line num="1534" count="1" type="stmt"/>
        <line num="1536" count="1" type="stmt"/>
        <line num="1549" count="1" type="cond" truecount="3" falsecount="1"/>
        <line num="1550" count="0" type="stmt"/>
        <line num="1552" count="1" type="stmt"/>
        <line num="1554" count="1" type="stmt"/>
        <line num="1555" count="1" type="stmt"/>
        <line num="1556" count="1" type="stmt"/>
        <line num="1557" count="1" type="stmt"/>
        <line num="1559" count="1" type="stmt"/>
        <line num="1561" count="1" type="stmt"/>
        <line num="1562" count="1" type="stmt"/>
        <line num="1564" count="1" type="stmt"/>
        <line num="1577" count="1" type="cond" truecount="3" falsecount="1"/>
        <line num="1578" count="0" type="stmt"/>
        <line num="1580" count="1" type="stmt"/>
        <line num="1582" count="1" type="stmt"/>
        <line num="1583" count="1" type="stmt"/>
        <line num="1584" count="1" type="stmt"/>
        <line num="1585" count="1" type="stmt"/>
        <line num="1587" count="1" type="stmt"/>
        <line num="1589" count="1" type="stmt"/>
        <line num="1590" count="1" type="stmt"/>
        <line num="1592" count="1" type="stmt"/>
        <line num="1605" count="1" type="cond" truecount="3" falsecount="1"/>
        <line num="1606" count="0" type="stmt"/>
        <line num="1608" count="1" type="stmt"/>
        <line num="1610" count="1" type="stmt"/>
        <line num="1611" count="1" type="stmt"/>
        <line num="1612" count="1" type="stmt"/>
        <line num="1613" count="1" type="stmt"/>
        <line num="1615" count="1" type="stmt"/>
        <line num="1617" count="1" type="stmt"/>
        <line num="1618" count="1" type="stmt"/>
        <line num="1620" count="1" type="stmt"/>
        <line num="1633" count="1" type="cond" truecount="3" falsecount="1"/>
        <line num="1634" count="0" type="stmt"/>
        <line num="1636" count="1" type="stmt"/>
        <line num="1638" count="1" type="stmt"/>
        <line num="1639" count="1" type="stmt"/>
        <line num="1640" count="1" type="stmt"/>
        <line num="1641" count="1" type="stmt"/>
        <line num="1643" count="1" type="stmt"/>
        <line num="1645" count="1" type="stmt"/>
        <line num="1646" count="1" type="stmt"/>
        <line num="1648" count="1" type="stmt"/>
        <line num="1662" count="1" type="cond" truecount="3" falsecount="1"/>
        <line num="1663" count="1" type="stmt"/>
        <line num="1666" count="0" type="cond" truecount="0" falsecount="4"/>
        <line num="1667" count="0" type="stmt"/>
        <line num="1669" count="0" type="stmt"/>
        <line num="1671" count="0" type="stmt"/>
        <line num="1672" count="0" type="stmt"/>
        <line num="1673" count="0" type="stmt"/>
        <line num="1674" count="0" type="stmt"/>
        <line num="1676" count="0" type="stmt"/>
        <line num="1678" count="0" type="stmt"/>
        <line num="1680" count="0" type="stmt"/>
        <line num="1681" count="0" type="stmt"/>
        <line num="1682" count="0" type="cond" truecount="0" falsecount="2"/>
        <line num="1683" count="0" type="cond" truecount="0" falsecount="6"/>
        <line num="1685" count="0" type="stmt"/>
        <line num="1699" count="1" type="cond" truecount="3" falsecount="1"/>
        <line num="1700" count="1" type="stmt"/>
        <line num="1703" count="0" type="cond" truecount="0" falsecount="4"/>
        <line num="1704" count="0" type="stmt"/>
        <line num="1706" count="0" type="stmt"/>
        <line num="1708" count="0" type="stmt"/>
        <line num="1709" count="0" type="stmt"/>
        <line num="1710" count="0" type="stmt"/>
        <line num="1711" count="0" type="stmt"/>
        <line num="1713" count="0" type="stmt"/>
        <line num="1715" count="0" type="stmt"/>
        <line num="1717" count="0" type="stmt"/>
        <line num="1718" count="0" type="stmt"/>
        <line num="1719" count="0" type="cond" truecount="0" falsecount="2"/>
        <line num="1720" count="0" type="cond" truecount="0" falsecount="6"/>
        <line num="1722" count="0" type="stmt"/>
        <line num="1734" count="1" type="stmt"/>
        <line num="1735" count="12" type="stmt"/>
        <line num="1744" count="1" type="stmt"/>
        <line num="1745" count="0" type="cond" truecount="0" falsecount="2"/>
        <line num="1746" count="0" type="stmt"/>
        <line num="1747" count="0" type="cond" truecount="0" falsecount="4"/>
        <line num="1748" count="0" type="stmt"/>
        <line num="1750" count="0" type="stmt"/>
        <line num="1762" count="1" type="stmt"/>
        <line num="1763" count="1" type="cond" truecount="0" falsecount="2"/>
        <line num="1764" count="1" type="stmt"/>
        <line num="1765" count="0" type="cond" truecount="0" falsecount="4"/>
        <line num="1766" count="0" type="stmt"/>
        <line num="1768" count="0" type="stmt"/>
        <line num="1780" count="1" type="stmt"/>
        <line num="1781" count="1" type="cond" truecount="0" falsecount="2"/>
        <line num="1782" count="1" type="stmt"/>
        <line num="1783" count="0" type="cond" truecount="0" falsecount="4"/>
        <line num="1784" count="0" type="stmt"/>
        <line num="1786" count="0" type="stmt"/>
        <line num="1798" count="1" type="stmt"/>
        <line num="1799" count="1" type="cond" truecount="0" falsecount="2"/>
        <line num="1800" count="1" type="stmt"/>
        <line num="1801" count="0" type="cond" truecount="0" falsecount="4"/>
        <line num="1802" count="0" type="stmt"/>
        <line num="1804" count="0" type="stmt"/>
        <line num="1817" count="1" type="stmt"/>
        <line num="1818" count="0" type="cond" truecount="0" falsecount="2"/>
        <line num="1819" count="0" type="stmt"/>
        <line num="1820" count="0" type="cond" truecount="0" falsecount="4"/>
        <line num="1821" count="0" type="stmt"/>
        <line num="1823" count="0" type="stmt"/>
        <line num="1835" count="1" type="stmt"/>
        <line num="1836" count="1" type="cond" truecount="0" falsecount="2"/>
        <line num="1837" count="1" type="stmt"/>
        <line num="1838" count="0" type="cond" truecount="0" falsecount="4"/>
        <line num="1839" count="0" type="stmt"/>
        <line num="1841" count="0" type="stmt"/>
        <line num="1853" count="1" type="stmt"/>
        <line num="1854" count="1" type="cond" truecount="0" falsecount="2"/>
        <line num="1855" count="1" type="stmt"/>
        <line num="1856" count="0" type="cond" truecount="0" falsecount="4"/>
        <line num="1857" count="0" type="stmt"/>
        <line num="1859" count="0" type="stmt"/>
        <line num="1871" count="1" type="stmt"/>
        <line num="1872" count="1" type="cond" truecount="0" falsecount="2"/>
        <line num="1873" count="1" type="stmt"/>
        <line num="1874" count="0" type="cond" truecount="0" falsecount="4"/>
        <line num="1875" count="0" type="stmt"/>
        <line num="1877" count="0" type="stmt"/>
        <line num="1889" count="1" type="stmt"/>
        <line num="1890" count="1" type="cond" truecount="0" falsecount="2"/>
        <line num="1891" count="1" type="stmt"/>
        <line num="1892" count="0" type="cond" truecount="0" falsecount="4"/>
        <line num="1893" count="0" type="stmt"/>
        <line num="1895" count="0" type="stmt"/>
        <line num="1907" count="1" type="stmt"/>
        <line num="1908" count="1" type="cond" truecount="0" falsecount="2"/>
        <line num="1909" count="1" type="stmt"/>
        <line num="1910" count="0" type="cond" truecount="0" falsecount="4"/>
        <line num="1911" count="0" type="stmt"/>
        <line num="1913" count="0" type="stmt"/>
        <line num="1926" count="1" type="stmt"/>
        <line num="1927" count="0" type="cond" truecount="0" falsecount="2"/>
        <line num="1928" count="0" type="stmt"/>
        <line num="1929" count="0" type="cond" truecount="0" falsecount="4"/>
        <line num="1930" count="0" type="stmt"/>
        <line num="1932" count="0" type="stmt"/>
        <line num="1945" count="1" type="stmt"/>
        <line num="1946" count="0" type="cond" truecount="0" falsecount="2"/>
        <line num="1947" count="0" type="stmt"/>
        <line num="1948" count="0" type="cond" truecount="0" falsecount="4"/>
        <line num="1949" count="0" type="stmt"/>
        <line num="1951" count="0" type="stmt"/>
        <line num="1963" count="1" type="stmt"/>
        <line num="1964" count="0" type="stmt"/>
        <line num="1973" count="0" type="stmt"/>
        <line num="1982" count="0" type="stmt"/>
        <line num="1991" count="0" type="stmt"/>
        <line num="2000" count="0" type="stmt"/>
        <line num="2010" count="0" type="stmt"/>
        <line num="2019" count="0" type="stmt"/>
        <line num="2028" count="0" type="stmt"/>
        <line num="2037" count="0" type="stmt"/>
        <line num="2046" count="0" type="stmt"/>
        <line num="2055" count="0" type="stmt"/>
        <line num="2065" count="0" type="stmt"/>
        <line num="2075" count="0" type="stmt"/>
        <line num="2096" count="1" type="stmt"/>
        <line num="2107" count="1" type="stmt"/>
        <line num="2118" count="1" type="stmt"/>
        <line num="2129" count="1" type="stmt"/>
        <line num="2141" count="1" type="stmt"/>
        <line num="2152" count="1" type="stmt"/>
        <line num="2163" count="1" type="stmt"/>
        <line num="2174" count="1" type="stmt"/>
        <line num="2185" count="1" type="stmt"/>
        <line num="2196" count="1" type="stmt"/>
        <line num="2208" count="1" type="stmt"/>
        <line num="2220" count="1" type="stmt"/>
        <line num="2228" count="1" type="stmt"/>
        <line num="2229" count="10" type="stmt"/>
        <line num="2240" count="1" type="cond" truecount="3" falsecount="1"/>
        <line num="2241" count="1" type="stmt"/>
        <line num="2244" count="0" type="cond" truecount="0" falsecount="4"/>
        <line num="2245" count="0" type="stmt"/>
        <line num="2247" count="0" type="stmt"/>
        <line num="2249" count="0" type="stmt"/>
        <line num="2250" count="0" type="stmt"/>
        <line num="2251" count="0" type="stmt"/>
        <line num="2252" count="0" type="stmt"/>
        <line num="2254" count="0" type="stmt"/>
        <line num="2256" count="0" type="stmt"/>
        <line num="2258" count="0" type="stmt"/>
        <line num="2259" count="0" type="stmt"/>
        <line num="2260" count="0" type="cond" truecount="0" falsecount="2"/>
        <line num="2261" count="0" type="cond" truecount="0" falsecount="6"/>
        <line num="2263" count="0" type="stmt"/>
        <line num="2278" count="0" type="cond" truecount="0" falsecount="4"/>
        <line num="2279" count="0" type="stmt"/>
        <line num="2282" count="0" type="cond" truecount="0" falsecount="4"/>
        <line num="2283" count="0" type="stmt"/>
        <line num="2285" count="0" type="stmt"/>
        <line num="2287" count="0" type="stmt"/>
        <line num="2288" count="0" type="stmt"/>
        <line num="2289" count="0" type="stmt"/>
        <line num="2290" count="0" type="stmt"/>
        <line num="2292" count="0" type="stmt"/>
        <line num="2294" count="0" type="stmt"/>
        <line num="2296" count="0" type="stmt"/>
        <line num="2297" count="0" type="stmt"/>
        <line num="2298" count="0" type="cond" truecount="0" falsecount="2"/>
        <line num="2299" count="0" type="cond" truecount="0" falsecount="6"/>
        <line num="2301" count="0" type="stmt"/>
        <line num="2315" count="1" type="cond" truecount="3" falsecount="1"/>
        <line num="2316" count="1" type="stmt"/>
        <line num="2318" count="0" type="stmt"/>
        <line num="2320" count="0" type="stmt"/>
        <line num="2321" count="0" type="stmt"/>
        <line num="2322" count="0" type="stmt"/>
        <line num="2323" count="0" type="stmt"/>
        <line num="2325" count="0" type="stmt"/>
        <line num="2327" count="0" type="stmt"/>
        <line num="2328" count="0" type="stmt"/>
        <line num="2330" count="0" type="stmt"/>
        <line num="2344" count="0" type="cond" truecount="0" falsecount="4"/>
        <line num="2345" count="0" type="stmt"/>
        <line num="2347" count="0" type="stmt"/>
        <line num="2349" count="0" type="stmt"/>
        <line num="2350" count="0" type="stmt"/>
        <line num="2351" count="0" type="stmt"/>
        <line num="2352" count="0" type="stmt"/>
        <line num="2354" count="0" type="stmt"/>
        <line num="2356" count="0" type="stmt"/>
        <line num="2357" count="0" type="stmt"/>
        <line num="2359" count="0" type="stmt"/>
        <line num="2373" count="1" type="cond" truecount="3" falsecount="1"/>
        <line num="2374" count="1" type="stmt"/>
        <line num="2376" count="0" type="stmt"/>
        <line num="2378" count="0" type="stmt"/>
        <line num="2379" count="0" type="stmt"/>
        <line num="2380" count="0" type="stmt"/>
        <line num="2381" count="0" type="stmt"/>
        <line num="2383" count="0" type="stmt"/>
        <line num="2385" count="0" type="stmt"/>
        <line num="2386" count="0" type="stmt"/>
        <line num="2388" count="0" type="stmt"/>
        <line num="2402" count="0" type="cond" truecount="0" falsecount="4"/>
        <line num="2403" count="0" type="stmt"/>
        <line num="2405" count="0" type="stmt"/>
        <line num="2407" count="0" type="stmt"/>
        <line num="2408" count="0" type="stmt"/>
        <line num="2409" count="0" type="stmt"/>
        <line num="2410" count="0" type="stmt"/>
        <line num="2412" count="0" type="stmt"/>
        <line num="2414" count="0" type="stmt"/>
        <line num="2415" count="0" type="stmt"/>
        <line num="2417" count="0" type="stmt"/>
        <line num="2431" count="1" type="cond" truecount="3" falsecount="1"/>
        <line num="2432" count="1" type="stmt"/>
        <line num="2434" count="0" type="stmt"/>
        <line num="2436" count="0" type="stmt"/>
        <line num="2437" count="0" type="stmt"/>
        <line num="2438" count="0" type="stmt"/>
        <line num="2439" count="0" type="stmt"/>
        <line num="2441" count="0" type="stmt"/>
        <line num="2443" count="0" type="stmt"/>
        <line num="2444" count="0" type="stmt"/>
        <line num="2446" count="0" type="stmt"/>
        <line num="2460" count="0" type="cond" truecount="0" falsecount="4"/>
        <line num="2461" count="0" type="stmt"/>
        <line num="2463" count="0" type="stmt"/>
        <line num="2465" count="0" type="stmt"/>
        <line num="2466" count="0" type="stmt"/>
        <line num="2467" count="0" type="stmt"/>
        <line num="2468" count="0" type="stmt"/>
        <line num="2470" count="0" type="stmt"/>
        <line num="2472" count="0" type="stmt"/>
        <line num="2473" count="0" type="stmt"/>
        <line num="2475" count="0" type="stmt"/>
        <line num="2489" count="1" type="cond" truecount="3" falsecount="1"/>
        <line num="2490" count="1" type="stmt"/>
        <line num="2492" count="0" type="stmt"/>
        <line num="2494" count="0" type="stmt"/>
        <line num="2495" count="0" type="stmt"/>
        <line num="2496" count="0" type="stmt"/>
        <line num="2497" count="0" type="stmt"/>
        <line num="2499" count="0" type="stmt"/>
        <line num="2501" count="0" type="stmt"/>
        <line num="2502" count="0" type="stmt"/>
        <line num="2504" count="0" type="stmt"/>
        <line num="2518" count="0" type="cond" truecount="0" falsecount="4"/>
        <line num="2519" count="0" type="stmt"/>
        <line num="2521" count="0" type="stmt"/>
        <line num="2523" count="0" type="stmt"/>
        <line num="2524" count="0" type="stmt"/>
        <line num="2525" count="0" type="stmt"/>
        <line num="2526" count="0" type="stmt"/>
        <line num="2528" count="0" type="stmt"/>
        <line num="2530" count="0" type="stmt"/>
        <line num="2531" count="0" type="stmt"/>
        <line num="2533" count="0" type="stmt"/>
        <line num="2547" count="1" type="cond" truecount="3" falsecount="1"/>
        <line num="2548" count="1" type="stmt"/>
        <line num="2550" count="0" type="stmt"/>
        <line num="2552" count="0" type="stmt"/>
        <line num="2553" count="0" type="stmt"/>
        <line num="2554" count="0" type="stmt"/>
        <line num="2555" count="0" type="stmt"/>
        <line num="2557" count="0" type="stmt"/>
        <line num="2559" count="0" type="stmt"/>
        <line num="2560" count="0" type="stmt"/>
        <line num="2562" count="0" type="stmt"/>
        <line num="2576" count="0" type="cond" truecount="0" falsecount="4"/>
        <line num="2577" count="0" type="stmt"/>
        <line num="2579" count="0" type="stmt"/>
        <line num="2581" count="0" type="stmt"/>
        <line num="2582" count="0" type="stmt"/>
        <line num="2583" count="0" type="stmt"/>
        <line num="2584" count="0" type="stmt"/>
        <line num="2586" count="0" type="stmt"/>
        <line num="2588" count="0" type="stmt"/>
        <line num="2589" count="0" type="stmt"/>
        <line num="2591" count="0" type="stmt"/>
        <line num="2602" count="1" type="stmt"/>
        <line num="2603" count="1" type="stmt"/>
        <line num="2604" count="1" type="stmt"/>
        <line num="2605" count="1" type="stmt"/>
        <line num="2606" count="1" type="stmt"/>
        <line num="2608" count="1" type="stmt"/>
        <line num="2610" count="1" type="stmt"/>
        <line num="2611" count="1" type="stmt"/>
        <line num="2613" count="1" type="stmt"/>
        <line num="2624" count="0" type="stmt"/>
        <line num="2625" count="0" type="stmt"/>
        <line num="2626" count="0" type="stmt"/>
        <line num="2627" count="0" type="stmt"/>
        <line num="2628" count="0" type="stmt"/>
        <line num="2630" count="0" type="stmt"/>
        <line num="2632" count="0" type="stmt"/>
        <line num="2633" count="0" type="stmt"/>
        <line num="2635" count="0" type="stmt"/>
        <line num="2649" count="1" type="cond" truecount="3" falsecount="1"/>
        <line num="2650" count="1" type="stmt"/>
        <line num="2652" count="0" type="stmt"/>
        <line num="2654" count="0" type="stmt"/>
        <line num="2655" count="0" type="stmt"/>
        <line num="2656" count="0" type="stmt"/>
        <line num="2657" count="0" type="stmt"/>
        <line num="2659" count="0" type="stmt"/>
        <line num="2661" count="0" type="stmt"/>
        <line num="2662" count="0" type="stmt"/>
        <line num="2664" count="0" type="stmt"/>
        <line num="2678" count="0" type="cond" truecount="0" falsecount="4"/>
        <line num="2679" count="0" type="stmt"/>
        <line num="2681" count="0" type="stmt"/>
        <line num="2683" count="0" type="stmt"/>
        <line num="2684" count="0" type="stmt"/>
        <line num="2685" count="0" type="stmt"/>
        <line num="2686" count="0" type="stmt"/>
        <line num="2688" count="0" type="stmt"/>
        <line num="2690" count="0" type="stmt"/>
        <line num="2691" count="0" type="stmt"/>
        <line num="2693" count="0" type="stmt"/>
        <line num="2706" count="1" type="cond" truecount="3" falsecount="1"/>
        <line num="2707" count="1" type="stmt"/>
        <line num="2709" count="0" type="stmt"/>
        <line num="2710" count="0" type="stmt"/>
        <line num="2711" count="0" type="stmt"/>
        <line num="2712" count="0" type="stmt"/>
        <line num="2713" count="0" type="stmt"/>
        <line num="2715" count="0" type="stmt"/>
        <line num="2717" count="0" type="stmt"/>
        <line num="2719" count="0" type="stmt"/>
        <line num="2720" count="0" type="stmt"/>
        <line num="2721" count="0" type="cond" truecount="0" falsecount="2"/>
        <line num="2722" count="0" type="cond" truecount="0" falsecount="6"/>
        <line num="2724" count="0" type="stmt"/>
        <line num="2737" count="0" type="cond" truecount="0" falsecount="4"/>
        <line num="2738" count="0" type="stmt"/>
        <line num="2740" count="0" type="stmt"/>
        <line num="2741" count="0" type="stmt"/>
        <line num="2742" count="0" type="stmt"/>
        <line num="2743" count="0" type="stmt"/>
        <line num="2744" count="0" type="stmt"/>
        <line num="2746" count="0" type="stmt"/>
        <line num="2748" count="0" type="stmt"/>
        <line num="2750" count="0" type="stmt"/>
        <line num="2751" count="0" type="stmt"/>
        <line num="2752" count="0" type="cond" truecount="0" falsecount="2"/>
        <line num="2753" count="0" type="cond" truecount="0" falsecount="6"/>
        <line num="2755" count="0" type="stmt"/>
        <line num="2768" count="1" type="cond" truecount="3" falsecount="1"/>
        <line num="2769" count="1" type="stmt"/>
        <line num="2771" count="0" type="stmt"/>
        <line num="2772" count="0" type="stmt"/>
        <line num="2773" count="0" type="stmt"/>
        <line num="2774" count="0" type="stmt"/>
        <line num="2775" count="0" type="stmt"/>
        <line num="2777" count="0" type="stmt"/>
        <line num="2779" count="0" type="stmt"/>
        <line num="2781" count="0" type="stmt"/>
        <line num="2782" count="0" type="stmt"/>
        <line num="2783" count="0" type="cond" truecount="0" falsecount="2"/>
        <line num="2784" count="0" type="cond" truecount="0" falsecount="6"/>
        <line num="2786" count="0" type="stmt"/>
        <line num="2799" count="0" type="cond" truecount="0" falsecount="4"/>
        <line num="2800" count="0" type="stmt"/>
        <line num="2802" count="0" type="stmt"/>
        <line num="2803" count="0" type="stmt"/>
        <line num="2804" count="0" type="stmt"/>
        <line num="2805" count="0" type="stmt"/>
        <line num="2806" count="0" type="stmt"/>
        <line num="2808" count="0" type="stmt"/>
        <line num="2810" count="0" type="stmt"/>
        <line num="2812" count="0" type="stmt"/>
        <line num="2813" count="0" type="stmt"/>
        <line num="2814" count="0" type="cond" truecount="0" falsecount="2"/>
        <line num="2815" count="0" type="cond" truecount="0" falsecount="6"/>
        <line num="2817" count="0" type="stmt"/>
        <line num="2829" count="1" type="stmt"/>
        <line num="2830" count="10" type="stmt"/>
        <line num="2840" count="1" type="stmt"/>
        <line num="2841" count="0" type="cond" truecount="0" falsecount="2"/>
        <line num="2842" count="0" type="stmt"/>
        <line num="2843" count="0" type="cond" truecount="0" falsecount="4"/>
        <line num="2844" count="0" type="stmt"/>
        <line num="2846" count="0" type="stmt"/>
        <line num="2860" count="0" type="stmt"/>
        <line num="2861" count="0" type="cond" truecount="0" falsecount="2"/>
        <line num="2862" count="0" type="stmt"/>
        <line num="2863" count="0" type="cond" truecount="0" falsecount="4"/>
        <line num="2864" count="0" type="stmt"/>
        <line num="2866" count="0" type="stmt"/>
        <line num="2879" count="1" type="stmt"/>
        <line num="2880" count="0" type="cond" truecount="0" falsecount="2"/>
        <line num="2881" count="0" type="stmt"/>
        <line num="2882" count="0" type="cond" truecount="0" falsecount="4"/>
        <line num="2883" count="0" type="stmt"/>
        <line num="2885" count="0" type="stmt"/>
        <line num="2898" count="0" type="stmt"/>
        <line num="2899" count="0" type="cond" truecount="0" falsecount="2"/>
        <line num="2900" count="0" type="stmt"/>
        <line num="2901" count="0" type="cond" truecount="0" falsecount="4"/>
        <line num="2902" count="0" type="stmt"/>
        <line num="2904" count="0" type="stmt"/>
        <line num="2917" count="1" type="stmt"/>
        <line num="2918" count="0" type="cond" truecount="0" falsecount="2"/>
        <line num="2919" count="0" type="stmt"/>
        <line num="2920" count="0" type="cond" truecount="0" falsecount="4"/>
        <line num="2921" count="0" type="stmt"/>
        <line num="2923" count="0" type="stmt"/>
        <line num="2936" count="0" type="stmt"/>
        <line num="2937" count="0" type="cond" truecount="0" falsecount="2"/>
        <line num="2938" count="0" type="stmt"/>
        <line num="2939" count="0" type="cond" truecount="0" falsecount="4"/>
        <line num="2940" count="0" type="stmt"/>
        <line num="2942" count="0" type="stmt"/>
        <line num="2955" count="1" type="stmt"/>
        <line num="2956" count="0" type="cond" truecount="0" falsecount="2"/>
        <line num="2957" count="0" type="stmt"/>
        <line num="2958" count="0" type="cond" truecount="0" falsecount="4"/>
        <line num="2959" count="0" type="stmt"/>
        <line num="2961" count="0" type="stmt"/>
        <line num="2974" count="0" type="stmt"/>
        <line num="2975" count="0" type="cond" truecount="0" falsecount="2"/>
        <line num="2976" count="0" type="stmt"/>
        <line num="2977" count="0" type="cond" truecount="0" falsecount="4"/>
        <line num="2978" count="0" type="stmt"/>
        <line num="2980" count="0" type="stmt"/>
        <line num="2993" count="1" type="stmt"/>
        <line num="2994" count="0" type="cond" truecount="0" falsecount="2"/>
        <line num="2995" count="0" type="stmt"/>
        <line num="2996" count="0" type="cond" truecount="0" falsecount="4"/>
        <line num="2997" count="0" type="stmt"/>
        <line num="2999" count="0" type="stmt"/>
        <line num="3012" count="0" type="stmt"/>
        <line num="3013" count="0" type="cond" truecount="0" falsecount="2"/>
        <line num="3014" count="0" type="stmt"/>
        <line num="3015" count="0" type="cond" truecount="0" falsecount="4"/>
        <line num="3016" count="0" type="stmt"/>
        <line num="3018" count="0" type="stmt"/>
        <line num="3031" count="1" type="stmt"/>
        <line num="3032" count="0" type="cond" truecount="0" falsecount="2"/>
        <line num="3033" count="0" type="stmt"/>
        <line num="3034" count="0" type="cond" truecount="0" falsecount="4"/>
        <line num="3035" count="0" type="stmt"/>
        <line num="3037" count="0" type="stmt"/>
        <line num="3050" count="0" type="stmt"/>
        <line num="3051" count="0" type="cond" truecount="0" falsecount="2"/>
        <line num="3052" count="0" type="stmt"/>
        <line num="3053" count="0" type="cond" truecount="0" falsecount="4"/>
        <line num="3054" count="0" type="stmt"/>
        <line num="3056" count="0" type="stmt"/>
        <line num="3067" count="1" type="stmt"/>
        <line num="3068" count="1" type="cond" truecount="0" falsecount="2"/>
        <line num="3069" count="1" type="stmt"/>
        <line num="3070" count="0" type="cond" truecount="0" falsecount="4"/>
        <line num="3071" count="0" type="stmt"/>
        <line num="3073" count="0" type="stmt"/>
        <line num="3084" count="0" type="stmt"/>
        <line num="3085" count="0" type="cond" truecount="0" falsecount="2"/>
        <line num="3086" count="0" type="stmt"/>
        <line num="3087" count="0" type="cond" truecount="0" falsecount="4"/>
        <line num="3088" count="0" type="stmt"/>
        <line num="3090" count="0" type="stmt"/>
        <line num="3103" count="1" type="stmt"/>
        <line num="3104" count="0" type="cond" truecount="0" falsecount="2"/>
        <line num="3105" count="0" type="stmt"/>
        <line num="3106" count="0" type="cond" truecount="0" falsecount="4"/>
        <line num="3107" count="0" type="stmt"/>
        <line num="3109" count="0" type="stmt"/>
        <line num="3122" count="0" type="stmt"/>
        <line num="3123" count="0" type="cond" truecount="0" falsecount="2"/>
        <line num="3124" count="0" type="stmt"/>
        <line num="3125" count="0" type="cond" truecount="0" falsecount="4"/>
        <line num="3126" count="0" type="stmt"/>
        <line num="3128" count="0" type="stmt"/>
        <line num="3140" count="1" type="stmt"/>
        <line num="3141" count="0" type="cond" truecount="0" falsecount="2"/>
        <line num="3142" count="0" type="stmt"/>
        <line num="3143" count="0" type="cond" truecount="0" falsecount="4"/>
        <line num="3144" count="0" type="stmt"/>
        <line num="3146" count="0" type="stmt"/>
        <line num="3158" count="0" type="stmt"/>
        <line num="3159" count="0" type="cond" truecount="0" falsecount="2"/>
        <line num="3160" count="0" type="stmt"/>
        <line num="3161" count="0" type="cond" truecount="0" falsecount="4"/>
        <line num="3162" count="0" type="stmt"/>
        <line num="3164" count="0" type="stmt"/>
        <line num="3176" count="1" type="stmt"/>
        <line num="3177" count="0" type="cond" truecount="0" falsecount="2"/>
        <line num="3178" count="0" type="stmt"/>
        <line num="3179" count="0" type="cond" truecount="0" falsecount="4"/>
        <line num="3180" count="0" type="stmt"/>
        <line num="3182" count="0" type="stmt"/>
        <line num="3194" count="0" type="stmt"/>
        <line num="3195" count="0" type="cond" truecount="0" falsecount="2"/>
        <line num="3196" count="0" type="stmt"/>
        <line num="3197" count="0" type="cond" truecount="0" falsecount="4"/>
        <line num="3198" count="0" type="stmt"/>
        <line num="3200" count="0" type="stmt"/>
        <line num="3212" count="1" type="stmt"/>
        <line num="3213" count="0" type="stmt"/>
        <line num="3223" count="0" type="stmt"/>
        <line num="3234" count="0" type="stmt"/>
        <line num="3244" count="0" type="stmt"/>
        <line num="3254" count="0" type="stmt"/>
        <line num="3264" count="0" type="stmt"/>
        <line num="3274" count="0" type="stmt"/>
        <line num="3284" count="0" type="stmt"/>
        <line num="3294" count="0" type="stmt"/>
        <line num="3304" count="0" type="stmt"/>
        <line num="3314" count="0" type="stmt"/>
        <line num="3324" count="0" type="stmt"/>
        <line num="3334" count="0" type="stmt"/>
        <line num="3342" count="0" type="stmt"/>
        <line num="3350" count="0" type="stmt"/>
        <line num="3360" count="0" type="stmt"/>
        <line num="3370" count="0" type="stmt"/>
        <line num="3379" count="0" type="stmt"/>
        <line num="3388" count="0" type="stmt"/>
        <line num="3397" count="0" type="stmt"/>
        <line num="3406" count="0" type="stmt"/>
        <line num="3428" count="1" type="stmt"/>
        <line num="3441" count="0" type="stmt"/>
        <line num="3453" count="1" type="stmt"/>
        <line num="3465" count="0" type="stmt"/>
        <line num="3477" count="1" type="stmt"/>
        <line num="3489" count="0" type="stmt"/>
        <line num="3501" count="1" type="stmt"/>
        <line num="3513" count="0" type="stmt"/>
        <line num="3525" count="1" type="stmt"/>
        <line num="3537" count="0" type="stmt"/>
        <line num="3549" count="1" type="stmt"/>
        <line num="3561" count="0" type="stmt"/>
        <line num="3571" count="1" type="stmt"/>
        <line num="3581" count="0" type="stmt"/>
        <line num="3593" count="1" type="stmt"/>
        <line num="3605" count="0" type="stmt"/>
        <line num="3616" count="1" type="stmt"/>
        <line num="3627" count="0" type="stmt"/>
        <line num="3638" count="1" type="stmt"/>
        <line num="3649" count="0" type="stmt"/>
      </file>
    </package>
    <package name="app.assets">
      <metrics statements="2" coveredstatements="2" conditionals="0" coveredconditionals="0" methods="0" coveredmethods="0"/>
      <file name="spotify.png" path="/home/jaden/University/Third Year/COS 301/Capstone/TuneIn/frontend/app/assets/spotify.png">
        <metrics statements="1" coveredstatements="1" conditionals="0" coveredconditionals="0" methods="0" coveredmethods="0"/>
        <line num="1" count="1" type="stmt"/>
      </file>
      <file name="ytMusic.png" path="/home/jaden/University/Third Year/COS 301/Capstone/TuneIn/frontend/app/assets/ytMusic.png">
        <metrics statements="1" coveredstatements="1" conditionals="0" coveredconditionals="0" methods="0" coveredmethods="0"/>
        <line num="1" count="1" type="stmt"/>
      </file>
    </package>
    <package name="app.components">
      <metrics statements="89" coveredstatements="53" conditionals="28" coveredconditionals="2" methods="36" coveredmethods="13"/>
      <file name="BioSection.tsx" path="/home/jaden/University/Third Year/COS 301/Capstone/TuneIn/frontend/app/components/BioSection.tsx">
        <metrics statements="3" coveredstatements="3" conditionals="0" coveredconditionals="0" methods="1" coveredmethods="1"/>
        <line num="4" count="1" type="stmt"/>
        <line num="5" count="7" type="stmt"/>
        <line num="13" count="1" type="stmt"/>
      </file>
      <file name="FavoriteSong.tsx" path="/home/jaden/University/Third Year/COS 301/Capstone/TuneIn/frontend/app/components/FavoriteSong.tsx">
        <metrics statements="3" coveredstatements="2" conditionals="4" coveredconditionals="0" methods="1" coveredmethods="0"/>
        <line num="5" count="1" type="cond" truecount="0" falsecount="2"/>
        <line num="6" count="0" type="stmt"/>
        <line num="27" count="1" type="stmt"/>
      </file>
      <file name="GenreBubble.tsx" path="/home/jaden/University/Third Year/COS 301/Capstone/TuneIn/frontend/app/components/GenreBubble.tsx">
        <metrics statements="3" coveredstatements="2" conditionals="0" coveredconditionals="0" methods="1" coveredmethods="0"/>
        <line num="4" count="1" type="stmt"/>
        <line num="5" count="0" type="stmt"/>
        <line num="12" count="1" type="stmt"/>
      </file>
      <file name="GenreList.tsx" path="/home/jaden/University/Third Year/COS 301/Capstone/TuneIn/frontend/app/components/GenreList.tsx">
        <metrics statements="4" coveredstatements="3" conditionals="0" coveredconditionals="0" methods="2" coveredmethods="1"/>
        <line num="5" count="1" type="stmt"/>
        <line num="6" count="7" type="stmt"/>
        <line num="11" count="0" type="stmt"/>
        <line num="18" count="1" type="stmt"/>
      </file>
      <file name="LinkBottomSheet.tsx" path="/home/jaden/University/Third Year/COS 301/Capstone/TuneIn/frontend/app/components/LinkBottomSheet.tsx">
        <metrics statements="34" coveredstatements="22" conditionals="8" coveredconditionals="2" methods="14" coveredmethods="7"/>
        <line num="13" count="1" type="stmt"/>
        <line num="14" count="8" type="stmt"/>
        <line num="15" count="8" type="stmt"/>
        <line num="17" count="8" type="stmt"/>
        <line num="18" count="7" type="stmt"/>
        <line num="21" count="8" type="stmt"/>
        <line num="22" count="0" type="stmt"/>
        <line num="23" count="0" type="stmt"/>
        <line num="26" count="8" type="stmt"/>
        <line num="28" count="0" type="stmt"/>
        <line num="29" count="0" type="stmt"/>
        <line num="33" count="0" type="cond" truecount="0" falsecount="2"/>
        <line num="35" count="0" type="cond" truecount="0" falsecount="2"/>
        <line num="37" count="0" type="stmt"/>
        <line num="43" count="0" type="cond" truecount="0" falsecount="2"/>
        <line num="44" count="0" type="stmt"/>
        <line num="46" count="0" type="stmt"/>
        <line num="56" count="8" type="stmt"/>
        <line num="57" count="8" type="stmt"/>
        <line num="58" count="8" type="stmt"/>
        <line num="59" count="9" type="cond" truecount="2" falsecount="0"/>
        <line num="60" count="7" type="stmt"/>
        <line num="62" count="9" type="stmt"/>
        <line num="64" count="8" type="stmt"/>
        <line num="68" count="8" type="stmt"/>
        <line num="70" count="8" type="stmt"/>
        <line num="85" count="7" type="stmt"/>
        <line num="94" count="1" type="stmt"/>
        <line num="95" count="1" type="stmt"/>
        <line num="96" count="0" type="stmt"/>
        <line num="99" count="1" type="stmt"/>
        <line num="103" count="1" type="stmt"/>
        <line num="105" count="0" type="stmt"/>
        <line num="115" count="1" type="stmt"/>
      </file>
      <file name="MusicBottomSheet.tsx" path="/home/jaden/University/Third Year/COS 301/Capstone/TuneIn/frontend/app/components/MusicBottomSheet.tsx">
        <metrics statements="25" coveredstatements="13" conditionals="8" coveredconditionals="0" methods="11" coveredmethods="2"/>
        <line num="14" count="1" type="stmt"/>
        <line num="15" count="7" type="stmt"/>
        <line num="16" count="7" type="stmt"/>
        <line num="17" count="7" type="stmt"/>
        <line num="18" count="7" type="stmt"/>
        <line num="20" count="7" type="stmt"/>
        <line num="21" count="6" type="stmt"/>
        <line num="24" count="7" type="stmt"/>
        <line num="25" count="0" type="stmt"/>
        <line num="26" count="0" type="stmt"/>
        <line num="28" count="7" type="stmt"/>
        <line num="30" count="0" type="stmt"/>
        <line num="31" count="0" type="stmt"/>
        <line num="35" count="0" type="cond" truecount="0" falsecount="2"/>
        <line num="37" count="0" type="cond" truecount="0" falsecount="2"/>
        <line num="39" count="0" type="stmt"/>
        <line num="45" count="0" type="cond" truecount="0" falsecount="2"/>
        <line num="46" count="0" type="stmt"/>
        <line num="48" count="0" type="stmt"/>
        <line num="57" count="7" type="stmt"/>
        <line num="79" count="1" type="stmt"/>
        <line num="80" count="0" type="stmt"/>
        <line num="87" count="1" type="cond" truecount="0" falsecount="2"/>
        <line num="88" count="0" type="stmt"/>
        <line num="104" count="1" type="stmt"/>
      </file>
      <file name="NowPlaying.tsx" path="/home/jaden/University/Third Year/COS 301/Capstone/TuneIn/frontend/app/components/NowPlaying.tsx">
        <metrics statements="3" coveredstatements="3" conditionals="0" coveredconditionals="0" methods="1" coveredmethods="1"/>
        <line num="4" count="1" type="stmt"/>
        <line num="5" count="7" type="stmt"/>
        <line num="20" count="1" type="stmt"/>
      </file>
      <file name="RoomCard.tsx" path="/home/jaden/University/Third Year/COS 301/Capstone/TuneIn/frontend/app/components/RoomCard.tsx">
        <metrics statements="3" coveredstatements="3" conditionals="0" coveredconditionals="0" methods="1" coveredmethods="1"/>
        <line num="4" count="1" type="stmt"/>
        <line num="5" count="8" type="stmt"/>
        <line num="15" count="1" type="stmt"/>
      </file>
      <file name="ToggleWidget.tsx" path="/home/jaden/University/Third Year/COS 301/Capstone/TuneIn/frontend/app/components/ToggleWidget.tsx">
        <metrics statements="11" coveredstatements="2" conditionals="8" coveredconditionals="0" methods="4" coveredmethods="0"/>
        <line num="10" count="1" type="stmt"/>
        <line num="11" count="0" type="stmt"/>
        <line num="12" count="0" type="stmt"/>
        <line num="14" count="0" type="stmt"/>
        <line num="16" count="0" type="stmt"/>
        <line num="17" count="0" type="stmt"/>
        <line num="18" count="0" type="stmt"/>
        <line num="21" count="0" type="stmt"/>
        <line num="30" count="0" type="stmt"/>
        <line num="42" count="0" type="stmt"/>
        <line num="53" count="1" type="stmt"/>
      </file>
    </package>
    <package name="app.screens">
      <metrics statements="100" coveredstatements="49" conditionals="34" coveredconditionals="13" methods="24" coveredmethods="11"/>
      <file name="CreateRoom.tsx" path="/home/jaden/University/Third Year/COS 301/Capstone/TuneIn/frontend/app/screens/CreateRoom.tsx">
        <metrics statements="45" coveredstatements="2" conditionals="20" coveredconditionals="0" methods="9" coveredmethods="1"/>
        <line num="8" count="1" type="stmt"/>
        <line num="9" count="2" type="stmt"/>
        <line num="10" count="0" type="stmt"/>
        <line num="11" count="0" type="stmt"/>
        <line num="12" count="0" type="stmt"/>
        <line num="16" count="0" type="stmt"/>
        <line num="17" count="0" type="stmt"/>
        <line num="18" count="0" type="stmt"/>
        <line num="19" count="0" type="stmt"/>
        <line num="21" count="0" type="stmt"/>
        <line num="22" count="0" type="stmt"/>
        <line num="23" count="0" type="cond" truecount="0" falsecount="2"/>
        <line num="26" count="0" type="stmt"/>
        <line num="27" count="0" type="stmt"/>
        <line num="28" count="0" type="cond" truecount="0" falsecount="2"/>
        <line num="31" count="0" type="stmt"/>
        <line num="32" count="0" type="stmt"/>
        <line num="33" count="0" type="cond" truecount="0" falsecount="2"/>
        <line num="34" count="0" type="stmt"/>
        <line num="35" count="0" type="stmt"/>
        <line num="36" count="0" type="stmt"/>
        <line num="37" count="0" type="stmt"/>
        <line num="39" count="0" type="cond" truecount="0" falsecount="2"/>
        <line num="40" count="0" type="stmt"/>
        <line num="46" count="0" type="stmt"/>
        <line num="48" count="0" type="stmt"/>
        <line num="55" count="0" type="stmt"/>
        <line num="57" count="0" type="stmt"/>
        <line num="58" count="0" type="stmt"/>
        <line num="59" count="0" type="stmt"/>
        <line num="65" count="0" type="stmt"/>
        <line num="66" count="0" type="cond" truecount="0" falsecount="2"/>
        <line num="67" count="0" type="stmt"/>
        <line num="68" count="0" type="stmt"/>
        <line num="69" count="0" type="stmt"/>
        <line num="70" count="0" type="stmt"/>
        <line num="73" count="0" type="stmt"/>
        <line num="74" count="0" type="cond" truecount="0" falsecount="2"/>
        <line num="75" count="0" type="stmt"/>
        <line num="76" count="0" type="stmt"/>
        <line num="77" count="0" type="stmt"/>
        <line num="80" count="0" type="stmt"/>
        <line num="88" count="0" type="stmt"/>
        <line num="118" count="0" type="stmt"/>
        <line num="140" count="0" type="stmt"/>
      </file>
      <file name="ProfilePage.tsx" path="/home/jaden/University/Third Year/COS 301/Capstone/TuneIn/frontend/app/screens/ProfilePage.tsx">
        <metrics statements="55" coveredstatements="47" conditionals="14" coveredconditionals="13" methods="15" coveredmethods="10"/>
        <line num="23" count="1" type="stmt"/>
        <line num="24" count="34" type="stmt"/>
        <line num="25" count="34" type="stmt"/>
        <line num="26" count="33" type="stmt"/>
        <line num="46" count="33" type="stmt"/>
        <line num="47" count="33" type="stmt"/>
        <line num="48" count="33" type="stmt"/>
        <line num="50" count="33" type="stmt"/>
        <line num="52" count="33" type="stmt"/>
        <line num="53" count="6" type="stmt"/>
        <line num="54" count="6" type="stmt"/>
        <line num="59" count="6" type="stmt"/>
        <line num="60" count="6" type="stmt"/>
        <line num="62" count="0" type="stmt"/>
        <line num="63" count="0" type="stmt"/>
        <line num="67" count="33" type="stmt"/>
        <line num="69" count="33" type="stmt"/>
        <line num="70" count="10" type="stmt"/>
        <line num="71" count="10" type="stmt"/>
        <line num="72" count="10" type="stmt"/>
        <line num="73" count="10" type="stmt"/>
        <line num="75" count="10" type="cond" truecount="2" falsecount="0"/>
        <line num="76" count="6" type="stmt"/>
        <line num="77" count="6" type="stmt"/>
        <line num="78" count="6" type="stmt"/>
        <line num="81" count="0" type="stmt"/>
        <line num="85" count="10" type="stmt"/>
        <line num="88" count="33" type="stmt"/>
        <line num="89" count="7" type="cond" truecount="2" falsecount="0"/>
        <line num="90" count="1" type="stmt"/>
        <line num="91" count="1" type="stmt"/>
        <line num="93" count="1" type="stmt"/>
        <line num="103" count="6" type="cond" truecount="2" falsecount="0"/>
        <line num="104" count="5" type="stmt"/>
        <line num="114" count="1" type="stmt"/>
        <line num="118" count="33" type="stmt"/>
        <line num="119" count="7" type="cond" truecount="2" falsecount="0"/>
        <line num="120" count="1" type="stmt"/>
        <line num="128" count="2" type="stmt"/>
        <line num="142" count="33" type="stmt"/>
        <line num="143" count="7" type="cond" truecount="2" falsecount="0"/>
        <line num="144" count="3" type="stmt"/>
        <line num="145" count="3" type="stmt"/>
        <line num="150" count="6" type="stmt"/>
        <line num="164" count="33" type="cond" truecount="2" falsecount="0"/>
        <line num="165" count="26" type="stmt"/>
        <line num="175" count="7" type="stmt"/>
        <line num="185" count="7" type="stmt"/>
        <line num="236" count="1" type="stmt"/>
        <line num="245" count="0" type="stmt"/>
        <line num="255" count="0" type="stmt"/>
        <line num="280" count="0" type="stmt"/>
        <line num="286" count="0" type="stmt"/>
        <line num="291" count="0" type="stmt"/>
        <line num="301" count="1" type="stmt"/>
      </file>
    </package>
  </project>
</coverage>
