{"/home/jaden/University/Third Year/COS 301/Capstone/TuneIn/frontend/api-client/api.ts": {"path":"/home/jaden/University/Third Year/COS 301/Capstone/TuneIn/frontend/api-client/api.ts","statementMap":{"0":{"start":{"line":19,"column":18},"end":{"line":19,"column":41}},"1":{"start":{"line":25,"column":34},"end":{"line":30,"column":1}},"2":{"start":{"line":60,"column":8},"end":{"line":63,"column":9}},"3":{"start":{"line":61,"column":12},"end":{"line":61,"column":47}},"4":{"start":{"line":62,"column":12},"end":{"line":62,"column":68}},"5":{"start":{"line":74,"column":11},"end":{"line":74,"column":26}},"6":{"start":{"line":76,"column":8},"end":{"line":76,"column":19}},"7":{"start":{"line":705,"column":40},"end":{"line":772,"column":1}},"8":{"start":{"line":706,"column":4},"end":{"line":771,"column":5}},"9":{"start":{"line":716,"column":12},"end":{"line":718,"column":13}},"10":{"start":{"line":717,"column":16},"end":{"line":717,"column":130}},"11":{"start":{"line":719,"column":33},"end":{"line":719,"column":46}},"12":{"start":{"line":720,"column":35},"end":{"line":720,"column":64}},"13":{"start":{"line":721,"column":43},"end":{"line":721,"column":85}},"14":{"start":{"line":722,"column":44},"end":{"line":722,"column":53}},"15":{"start":{"line":723,"column":43},"end":{"line":723,"column":52}},"16":{"start":{"line":725,"column":12},"end":{"line":725,"column":73}},"17":{"start":{"line":727,"column":12},"end":{"line":727,"column":114}},"18":{"start":{"line":729,"column":12},"end":{"line":729,"column":41}},"19":{"start":{"line":730,"column":12},"end":{"line":730,"column":105}},"20":{"start":{"line":731,"column":39},"end":{"line":731,"column":143}},"21":{"start":{"line":732,"column":12},"end":{"line":732,"column":106}},"22":{"start":{"line":734,"column":12},"end":{"line":737,"column":14}},"23":{"start":{"line":748,"column":12},"end":{"line":750,"column":13}},"24":{"start":{"line":749,"column":16},"end":{"line":749,"column":133}},"25":{"start":{"line":751,"column":33},"end":{"line":751,"column":49}},"26":{"start":{"line":752,"column":35},"end":{"line":752,"column":64}},"27":{"start":{"line":753,"column":43},"end":{"line":753,"column":85}},"28":{"start":{"line":754,"column":44},"end":{"line":754,"column":53}},"29":{"start":{"line":755,"column":43},"end":{"line":755,"column":52}},"30":{"start":{"line":757,"column":12},"end":{"line":757,"column":73}},"31":{"start":{"line":759,"column":12},"end":{"line":759,"column":114}},"32":{"start":{"line":761,"column":12},"end":{"line":761,"column":41}},"33":{"start":{"line":762,"column":12},"end":{"line":762,"column":105}},"34":{"start":{"line":763,"column":39},"end":{"line":763,"column":146}},"35":{"start":{"line":764,"column":12},"end":{"line":764,"column":106}},"36":{"start":{"line":766,"column":12},"end":{"line":769,"column":14}},"37":{"start":{"line":778,"column":25},"end":{"line":819,"column":1}},"38":{"start":{"line":779,"column":4},"end":{"line":818,"column":5}},"39":{"start":{"line":788,"column":38},"end":{"line":788,"column":112}},"40":{"start":{"line":789,"column":12},"end":{"line":797,"column":14}},"41":{"start":{"line":790,"column":16},"end":{"line":796,"column":19}},"42":{"start":{"line":791,"column":20},"end":{"line":795,"column":21}},"43":{"start":{"line":792,"column":24},"end":{"line":792,"column":47}},"44":{"start":{"line":794,"column":24},"end":{"line":794,"column":39}},"45":{"start":{"line":807,"column":38},"end":{"line":807,"column":115}},"46":{"start":{"line":808,"column":12},"end":{"line":816,"column":14}},"47":{"start":{"line":809,"column":16},"end":{"line":815,"column":19}},"48":{"start":{"line":810,"column":20},"end":{"line":814,"column":21}},"49":{"start":{"line":811,"column":24},"end":{"line":811,"column":47}},"50":{"start":{"line":813,"column":24},"end":{"line":813,"column":39}},"51":{"start":{"line":825,"column":30},"end":{"line":848,"column":1}},"52":{"start":{"line":826,"column":4},"end":{"line":847,"column":6}},"53":{"start":{"line":835,"column":12},"end":{"line":835,"column":96}},"54":{"start":{"line":845,"column":12},"end":{"line":845,"column":99}},"55":{"start":{"line":866,"column":8},"end":{"line":866,"column":107}},"56":{"start":{"line":878,"column":8},"end":{"line":878,"column":110}},"57":{"start":{"line":886,"column":43},"end":{"line":912,"column":1}},"58":{"start":{"line":887,"column":4},"end":{"line":911,"column":5}},"59":{"start":{"line":895,"column":33},"end":{"line":895,"column":36}},"60":{"start":{"line":896,"column":35},"end":{"line":896,"column":64}},"61":{"start":{"line":897,"column":43},"end":{"line":897,"column":84}},"62":{"start":{"line":898,"column":44},"end":{"line":898,"column":53}},"63":{"start":{"line":899,"column":43},"end":{"line":899,"column":52}},"64":{"start":{"line":901,"column":12},"end":{"line":901,"column":114}},"65":{"start":{"line":903,"column":12},"end":{"line":903,"column":41}},"66":{"start":{"line":904,"column":12},"end":{"line":904,"column":105}},"67":{"start":{"line":906,"column":12},"end":{"line":909,"column":14}},"68":{"start":{"line":918,"column":28},"end":{"line":939,"column":1}},"69":{"start":{"line":919,"column":4},"end":{"line":938,"column":5}},"70":{"start":{"line":927,"column":38},"end":{"line":927,"column":111}},"71":{"start":{"line":928,"column":12},"end":{"line":936,"column":14}},"72":{"start":{"line":929,"column":16},"end":{"line":935,"column":19}},"73":{"start":{"line":930,"column":20},"end":{"line":934,"column":21}},"74":{"start":{"line":931,"column":24},"end":{"line":931,"column":47}},"75":{"start":{"line":933,"column":24},"end":{"line":933,"column":39}},"76":{"start":{"line":945,"column":33},"end":{"line":957,"column":1}},"77":{"start":{"line":946,"column":4},"end":{"line":956,"column":6}},"78":{"start":{"line":954,"column":12},"end":{"line":954,"column":95}},"79":{"start":{"line":974,"column":8},"end":{"line":974,"column":106}},"80":{"start":{"line":982,"column":43},"end":{"line":1133,"column":1}},"81":{"start":{"line":983,"column":4},"end":{"line":1132,"column":5}},"82":{"start":{"line":993,"column":12},"end":{"line":995,"column":13}},"83":{"start":{"line":994,"column":16},"end":{"line":994,"column":146}},"84":{"start":{"line":996,"column":33},"end":{"line":997,"column":81}},"85":{"start":{"line":998,"column":35},"end":{"line":998,"column":64}},"86":{"start":{"line":999,"column":43},"end":{"line":999,"column":85}},"87":{"start":{"line":1000,"column":44},"end":{"line":1000,"column":53}},"88":{"start":{"line":1001,"column":43},"end":{"line":1001,"column":52}},"89":{"start":{"line":1003,"column":12},"end":{"line":1003,"column":114}},"90":{"start":{"line":1005,"column":12},"end":{"line":1005,"column":41}},"91":{"start":{"line":1006,"column":12},"end":{"line":1006,"column":105}},"92":{"start":{"line":1008,"column":12},"end":{"line":1011,"column":14}},"93":{"start":{"line":1021,"column":12},"end":{"line":1023,"column":13}},"94":{"start":{"line":1022,"column":16},"end":{"line":1022,"column":156}},"95":{"start":{"line":1024,"column":33},"end":{"line":1025,"column":81}},"96":{"start":{"line":1026,"column":35},"end":{"line":1026,"column":64}},"97":{"start":{"line":1027,"column":43},"end":{"line":1027,"column":84}},"98":{"start":{"line":1028,"column":44},"end":{"line":1028,"column":53}},"99":{"start":{"line":1029,"column":43},"end":{"line":1029,"column":52}},"100":{"start":{"line":1031,"column":12},"end":{"line":1031,"column":114}},"101":{"start":{"line":1033,"column":12},"end":{"line":1033,"column":41}},"102":{"start":{"line":1034,"column":12},"end":{"line":1034,"column":105}},"103":{"start":{"line":1036,"column":12},"end":{"line":1039,"column":14}},"104":{"start":{"line":1049,"column":12},"end":{"line":1051,"column":13}},"105":{"start":{"line":1050,"column":16},"end":{"line":1050,"column":140}},"106":{"start":{"line":1052,"column":33},"end":{"line":1052,"column":43}},"107":{"start":{"line":1053,"column":35},"end":{"line":1053,"column":64}},"108":{"start":{"line":1054,"column":43},"end":{"line":1054,"column":86}},"109":{"start":{"line":1055,"column":44},"end":{"line":1055,"column":53}},"110":{"start":{"line":1056,"column":43},"end":{"line":1056,"column":52}},"111":{"start":{"line":1058,"column":12},"end":{"line":1058,"column":73}},"112":{"start":{"line":1060,"column":12},"end":{"line":1060,"column":114}},"113":{"start":{"line":1062,"column":12},"end":{"line":1062,"column":41}},"114":{"start":{"line":1063,"column":12},"end":{"line":1063,"column":105}},"115":{"start":{"line":1064,"column":39},"end":{"line":1064,"column":154}},"116":{"start":{"line":1065,"column":12},"end":{"line":1065,"column":106}},"117":{"start":{"line":1067,"column":12},"end":{"line":1070,"column":14}},"118":{"start":{"line":1081,"column":12},"end":{"line":1083,"column":13}},"119":{"start":{"line":1082,"column":16},"end":{"line":1082,"column":148}},"120":{"start":{"line":1084,"column":33},"end":{"line":1085,"column":81}},"121":{"start":{"line":1086,"column":35},"end":{"line":1086,"column":64}},"122":{"start":{"line":1087,"column":43},"end":{"line":1087,"column":85}},"123":{"start":{"line":1088,"column":44},"end":{"line":1088,"column":53}},"124":{"start":{"line":1089,"column":43},"end":{"line":1089,"column":52}},"125":{"start":{"line":1091,"column":12},"end":{"line":1091,"column":114}},"126":{"start":{"line":1093,"column":12},"end":{"line":1093,"column":41}},"127":{"start":{"line":1094,"column":12},"end":{"line":1094,"column":105}},"128":{"start":{"line":1096,"column":12},"end":{"line":1099,"column":14}},"129":{"start":{"line":1109,"column":12},"end":{"line":1111,"column":13}},"130":{"start":{"line":1110,"column":16},"end":{"line":1110,"column":141}},"131":{"start":{"line":1112,"column":33},"end":{"line":1112,"column":43}},"132":{"start":{"line":1113,"column":35},"end":{"line":1113,"column":64}},"133":{"start":{"line":1114,"column":43},"end":{"line":1114,"column":84}},"134":{"start":{"line":1115,"column":44},"end":{"line":1115,"column":53}},"135":{"start":{"line":1116,"column":43},"end":{"line":1116,"column":52}},"136":{"start":{"line":1118,"column":12},"end":{"line":1118,"column":73}},"137":{"start":{"line":1120,"column":12},"end":{"line":1120,"column":114}},"138":{"start":{"line":1122,"column":12},"end":{"line":1122,"column":41}},"139":{"start":{"line":1123,"column":12},"end":{"line":1123,"column":105}},"140":{"start":{"line":1124,"column":39},"end":{"line":1124,"column":154}},"141":{"start":{"line":1125,"column":12},"end":{"line":1125,"column":106}},"142":{"start":{"line":1127,"column":12},"end":{"line":1130,"column":14}},"143":{"start":{"line":1139,"column":28},"end":{"line":1234,"column":1}},"144":{"start":{"line":1140,"column":4},"end":{"line":1233,"column":5}},"145":{"start":{"line":1149,"column":38},"end":{"line":1149,"column":127}},"146":{"start":{"line":1150,"column":12},"end":{"line":1158,"column":14}},"147":{"start":{"line":1151,"column":16},"end":{"line":1157,"column":19}},"148":{"start":{"line":1152,"column":20},"end":{"line":1156,"column":21}},"149":{"start":{"line":1153,"column":24},"end":{"line":1153,"column":47}},"150":{"start":{"line":1155,"column":24},"end":{"line":1155,"column":39}},"151":{"start":{"line":1167,"column":38},"end":{"line":1167,"column":137}},"152":{"start":{"line":1168,"column":12},"end":{"line":1176,"column":14}},"153":{"start":{"line":1169,"column":16},"end":{"line":1175,"column":19}},"154":{"start":{"line":1170,"column":20},"end":{"line":1174,"column":21}},"155":{"start":{"line":1171,"column":24},"end":{"line":1171,"column":40}},"156":{"start":{"line":1173,"column":24},"end":{"line":1173,"column":39}},"157":{"start":{"line":1185,"column":38},"end":{"line":1185,"column":125}},"158":{"start":{"line":1186,"column":12},"end":{"line":1194,"column":14}},"159":{"start":{"line":1187,"column":16},"end":{"line":1193,"column":19}},"160":{"start":{"line":1188,"column":20},"end":{"line":1192,"column":21}},"161":{"start":{"line":1189,"column":24},"end":{"line":1189,"column":40}},"162":{"start":{"line":1191,"column":24},"end":{"line":1191,"column":39}},"163":{"start":{"line":1204,"column":38},"end":{"line":1204,"column":129}},"164":{"start":{"line":1205,"column":12},"end":{"line":1213,"column":14}},"165":{"start":{"line":1206,"column":16},"end":{"line":1212,"column":19}},"166":{"start":{"line":1207,"column":20},"end":{"line":1211,"column":21}},"167":{"start":{"line":1208,"column":24},"end":{"line":1208,"column":47}},"168":{"start":{"line":1210,"column":24},"end":{"line":1210,"column":39}},"169":{"start":{"line":1222,"column":38},"end":{"line":1222,"column":126}},"170":{"start":{"line":1223,"column":12},"end":{"line":1231,"column":14}},"171":{"start":{"line":1224,"column":16},"end":{"line":1230,"column":19}},"172":{"start":{"line":1225,"column":20},"end":{"line":1229,"column":21}},"173":{"start":{"line":1226,"column":24},"end":{"line":1226,"column":40}},"174":{"start":{"line":1228,"column":24},"end":{"line":1228,"column":39}},"175":{"start":{"line":1240,"column":33},"end":{"line":1290,"column":1}},"176":{"start":{"line":1241,"column":4},"end":{"line":1289,"column":6}},"177":{"start":{"line":1250,"column":12},"end":{"line":1250,"column":111}},"178":{"start":{"line":1259,"column":12},"end":{"line":1259,"column":121}},"179":{"start":{"line":1268,"column":12},"end":{"line":1268,"column":109}},"180":{"start":{"line":1278,"column":12},"end":{"line":1278,"column":113}},"181":{"start":{"line":1287,"column":12},"end":{"line":1287,"column":110}},"182":{"start":{"line":1308,"column":8},"end":{"line":1308,"column":122}},"183":{"start":{"line":1319,"column":8},"end":{"line":1319,"column":132}},"184":{"start":{"line":1330,"column":8},"end":{"line":1330,"column":120}},"185":{"start":{"line":1342,"column":8},"end":{"line":1342,"column":124}},"186":{"start":{"line":1353,"column":8},"end":{"line":1353,"column":121}},"187":{"start":{"line":1361,"column":41},"end":{"line":1728,"column":1}},"188":{"start":{"line":1362,"column":4},"end":{"line":1727,"column":5}},"189":{"start":{"line":1372,"column":12},"end":{"line":1374,"column":13}},"190":{"start":{"line":1373,"column":16},"end":{"line":1373,"column":140}},"191":{"start":{"line":1376,"column":12},"end":{"line":1378,"column":13}},"192":{"start":{"line":1377,"column":16},"end":{"line":1377,"column":144}},"193":{"start":{"line":1379,"column":33},"end":{"line":1380,"column":77}},"194":{"start":{"line":1381,"column":35},"end":{"line":1381,"column":64}},"195":{"start":{"line":1382,"column":43},"end":{"line":1382,"column":85}},"196":{"start":{"line":1383,"column":44},"end":{"line":1383,"column":53}},"197":{"start":{"line":1384,"column":43},"end":{"line":1384,"column":52}},"198":{"start":{"line":1386,"column":12},"end":{"line":1386,"column":73}},"199":{"start":{"line":1388,"column":12},"end":{"line":1388,"column":114}},"200":{"start":{"line":1390,"column":12},"end":{"line":1390,"column":41}},"201":{"start":{"line":1391,"column":12},"end":{"line":1391,"column":105}},"202":{"start":{"line":1392,"column":39},"end":{"line":1392,"column":145}},"203":{"start":{"line":1393,"column":12},"end":{"line":1393,"column":106}},"204":{"start":{"line":1395,"column":12},"end":{"line":1398,"column":14}},"205":{"start":{"line":1408,"column":12},"end":{"line":1410,"column":13}},"206":{"start":{"line":1409,"column":16},"end":{"line":1409,"column":144}},"207":{"start":{"line":1411,"column":33},"end":{"line":1412,"column":77}},"208":{"start":{"line":1413,"column":35},"end":{"line":1413,"column":64}},"209":{"start":{"line":1414,"column":43},"end":{"line":1414,"column":87}},"210":{"start":{"line":1415,"column":44},"end":{"line":1415,"column":53}},"211":{"start":{"line":1416,"column":43},"end":{"line":1416,"column":52}},"212":{"start":{"line":1418,"column":12},"end":{"line":1418,"column":114}},"213":{"start":{"line":1420,"column":12},"end":{"line":1420,"column":41}},"214":{"start":{"line":1421,"column":12},"end":{"line":1421,"column":105}},"215":{"start":{"line":1423,"column":12},"end":{"line":1426,"column":14}},"216":{"start":{"line":1436,"column":12},"end":{"line":1438,"column":13}},"217":{"start":{"line":1437,"column":16},"end":{"line":1437,"column":140}},"218":{"start":{"line":1439,"column":33},"end":{"line":1440,"column":77}},"219":{"start":{"line":1441,"column":35},"end":{"line":1441,"column":64}},"220":{"start":{"line":1442,"column":43},"end":{"line":1442,"column":87}},"221":{"start":{"line":1443,"column":44},"end":{"line":1443,"column":53}},"222":{"start":{"line":1444,"column":43},"end":{"line":1444,"column":52}},"223":{"start":{"line":1446,"column":12},"end":{"line":1446,"column":114}},"224":{"start":{"line":1448,"column":12},"end":{"line":1448,"column":41}},"225":{"start":{"line":1449,"column":12},"end":{"line":1449,"column":105}},"226":{"start":{"line":1451,"column":12},"end":{"line":1454,"column":14}},"227":{"start":{"line":1464,"column":12},"end":{"line":1466,"column":13}},"228":{"start":{"line":1465,"column":16},"end":{"line":1465,"column":144}},"229":{"start":{"line":1467,"column":33},"end":{"line":1468,"column":77}},"230":{"start":{"line":1469,"column":35},"end":{"line":1469,"column":64}},"231":{"start":{"line":1470,"column":43},"end":{"line":1470,"column":84}},"232":{"start":{"line":1471,"column":44},"end":{"line":1471,"column":53}},"233":{"start":{"line":1472,"column":43},"end":{"line":1472,"column":52}},"234":{"start":{"line":1474,"column":12},"end":{"line":1474,"column":114}},"235":{"start":{"line":1476,"column":12},"end":{"line":1476,"column":41}},"236":{"start":{"line":1477,"column":12},"end":{"line":1477,"column":105}},"237":{"start":{"line":1479,"column":12},"end":{"line":1482,"column":14}},"238":{"start":{"line":1493,"column":12},"end":{"line":1495,"column":13}},"239":{"start":{"line":1494,"column":16},"end":{"line":1494,"column":137}},"240":{"start":{"line":1496,"column":33},"end":{"line":1497,"column":73}},"241":{"start":{"line":1498,"column":35},"end":{"line":1498,"column":64}},"242":{"start":{"line":1499,"column":43},"end":{"line":1499,"column":84}},"243":{"start":{"line":1500,"column":44},"end":{"line":1500,"column":53}},"244":{"start":{"line":1501,"column":43},"end":{"line":1501,"column":52}},"245":{"start":{"line":1503,"column":12},"end":{"line":1503,"column":114}},"246":{"start":{"line":1505,"column":12},"end":{"line":1505,"column":41}},"247":{"start":{"line":1506,"column":12},"end":{"line":1506,"column":105}},"248":{"start":{"line":1508,"column":12},"end":{"line":1511,"column":14}},"249":{"start":{"line":1521,"column":12},"end":{"line":1523,"column":13}},"250":{"start":{"line":1522,"column":16},"end":{"line":1522,"column":141}},"251":{"start":{"line":1524,"column":33},"end":{"line":1525,"column":77}},"252":{"start":{"line":1526,"column":35},"end":{"line":1526,"column":64}},"253":{"start":{"line":1527,"column":43},"end":{"line":1527,"column":84}},"254":{"start":{"line":1528,"column":44},"end":{"line":1528,"column":53}},"255":{"start":{"line":1529,"column":43},"end":{"line":1529,"column":52}},"256":{"start":{"line":1531,"column":12},"end":{"line":1531,"column":114}},"257":{"start":{"line":1533,"column":12},"end":{"line":1533,"column":41}},"258":{"start":{"line":1534,"column":12},"end":{"line":1534,"column":105}},"259":{"start":{"line":1536,"column":12},"end":{"line":1539,"column":14}},"260":{"start":{"line":1549,"column":12},"end":{"line":1551,"column":13}},"261":{"start":{"line":1550,"column":16},"end":{"line":1550,"column":142}},"262":{"start":{"line":1552,"column":33},"end":{"line":1553,"column":77}},"263":{"start":{"line":1554,"column":35},"end":{"line":1554,"column":64}},"264":{"start":{"line":1555,"column":43},"end":{"line":1555,"column":84}},"265":{"start":{"line":1556,"column":44},"end":{"line":1556,"column":53}},"266":{"start":{"line":1557,"column":43},"end":{"line":1557,"column":52}},"267":{"start":{"line":1559,"column":12},"end":{"line":1559,"column":114}},"268":{"start":{"line":1561,"column":12},"end":{"line":1561,"column":41}},"269":{"start":{"line":1562,"column":12},"end":{"line":1562,"column":105}},"270":{"start":{"line":1564,"column":12},"end":{"line":1567,"column":14}},"271":{"start":{"line":1577,"column":12},"end":{"line":1579,"column":13}},"272":{"start":{"line":1578,"column":16},"end":{"line":1578,"column":142}},"273":{"start":{"line":1580,"column":33},"end":{"line":1581,"column":77}},"274":{"start":{"line":1582,"column":35},"end":{"line":1582,"column":64}},"275":{"start":{"line":1583,"column":43},"end":{"line":1583,"column":84}},"276":{"start":{"line":1584,"column":44},"end":{"line":1584,"column":53}},"277":{"start":{"line":1585,"column":43},"end":{"line":1585,"column":52}},"278":{"start":{"line":1587,"column":12},"end":{"line":1587,"column":114}},"279":{"start":{"line":1589,"column":12},"end":{"line":1589,"column":41}},"280":{"start":{"line":1590,"column":12},"end":{"line":1590,"column":105}},"281":{"start":{"line":1592,"column":12},"end":{"line":1595,"column":14}},"282":{"start":{"line":1605,"column":12},"end":{"line":1607,"column":13}},"283":{"start":{"line":1606,"column":16},"end":{"line":1606,"column":138}},"284":{"start":{"line":1608,"column":33},"end":{"line":1609,"column":77}},"285":{"start":{"line":1610,"column":35},"end":{"line":1610,"column":64}},"286":{"start":{"line":1611,"column":43},"end":{"line":1611,"column":85}},"287":{"start":{"line":1612,"column":44},"end":{"line":1612,"column":53}},"288":{"start":{"line":1613,"column":43},"end":{"line":1613,"column":52}},"289":{"start":{"line":1615,"column":12},"end":{"line":1615,"column":114}},"290":{"start":{"line":1617,"column":12},"end":{"line":1617,"column":41}},"291":{"start":{"line":1618,"column":12},"end":{"line":1618,"column":105}},"292":{"start":{"line":1620,"column":12},"end":{"line":1623,"column":14}},"293":{"start":{"line":1633,"column":12},"end":{"line":1635,"column":13}},"294":{"start":{"line":1634,"column":16},"end":{"line":1634,"column":139}},"295":{"start":{"line":1636,"column":33},"end":{"line":1637,"column":77}},"296":{"start":{"line":1638,"column":35},"end":{"line":1638,"column":64}},"297":{"start":{"line":1639,"column":43},"end":{"line":1639,"column":85}},"298":{"start":{"line":1640,"column":44},"end":{"line":1640,"column":53}},"299":{"start":{"line":1641,"column":43},"end":{"line":1641,"column":52}},"300":{"start":{"line":1643,"column":12},"end":{"line":1643,"column":114}},"301":{"start":{"line":1645,"column":12},"end":{"line":1645,"column":41}},"302":{"start":{"line":1646,"column":12},"end":{"line":1646,"column":105}},"303":{"start":{"line":1648,"column":12},"end":{"line":1651,"column":14}},"304":{"start":{"line":1662,"column":12},"end":{"line":1664,"column":13}},"305":{"start":{"line":1663,"column":16},"end":{"line":1663,"column":136}},"306":{"start":{"line":1666,"column":12},"end":{"line":1668,"column":13}},"307":{"start":{"line":1667,"column":16},"end":{"line":1667,"column":140}},"308":{"start":{"line":1669,"column":33},"end":{"line":1670,"column":77}},"309":{"start":{"line":1671,"column":35},"end":{"line":1671,"column":64}},"310":{"start":{"line":1672,"column":43},"end":{"line":1672,"column":84}},"311":{"start":{"line":1673,"column":44},"end":{"line":1673,"column":53}},"312":{"start":{"line":1674,"column":43},"end":{"line":1674,"column":52}},"313":{"start":{"line":1676,"column":12},"end":{"line":1676,"column":73}},"314":{"start":{"line":1678,"column":12},"end":{"line":1678,"column":114}},"315":{"start":{"line":1680,"column":12},"end":{"line":1680,"column":41}},"316":{"start":{"line":1681,"column":12},"end":{"line":1681,"column":105}},"317":{"start":{"line":1682,"column":39},"end":{"line":1682,"column":147}},"318":{"start":{"line":1683,"column":12},"end":{"line":1683,"column":106}},"319":{"start":{"line":1685,"column":12},"end":{"line":1688,"column":14}},"320":{"start":{"line":1699,"column":12},"end":{"line":1701,"column":13}},"321":{"start":{"line":1700,"column":16},"end":{"line":1700,"column":140}},"322":{"start":{"line":1703,"column":12},"end":{"line":1705,"column":13}},"323":{"start":{"line":1704,"column":16},"end":{"line":1704,"column":144}},"324":{"start":{"line":1706,"column":33},"end":{"line":1707,"column":77}},"325":{"start":{"line":1708,"column":35},"end":{"line":1708,"column":64}},"326":{"start":{"line":1709,"column":43},"end":{"line":1709,"column":86}},"327":{"start":{"line":1710,"column":44},"end":{"line":1710,"column":53}},"328":{"start":{"line":1711,"column":43},"end":{"line":1711,"column":52}},"329":{"start":{"line":1713,"column":12},"end":{"line":1713,"column":73}},"330":{"start":{"line":1715,"column":12},"end":{"line":1715,"column":114}},"331":{"start":{"line":1717,"column":12},"end":{"line":1717,"column":41}},"332":{"start":{"line":1718,"column":12},"end":{"line":1718,"column":105}},"333":{"start":{"line":1719,"column":39},"end":{"line":1719,"column":147}},"334":{"start":{"line":1720,"column":12},"end":{"line":1720,"column":106}},"335":{"start":{"line":1722,"column":12},"end":{"line":1725,"column":14}},"336":{"start":{"line":1734,"column":26},"end":{"line":1957,"column":1}},"337":{"start":{"line":1735,"column":4},"end":{"line":1956,"column":5}},"338":{"start":{"line":1744,"column":38},"end":{"line":1744,"column":131}},"339":{"start":{"line":1745,"column":12},"end":{"line":1753,"column":14}},"340":{"start":{"line":1746,"column":16},"end":{"line":1752,"column":19}},"341":{"start":{"line":1747,"column":20},"end":{"line":1751,"column":21}},"342":{"start":{"line":1748,"column":24},"end":{"line":1748,"column":40}},"343":{"start":{"line":1750,"column":24},"end":{"line":1750,"column":39}},"344":{"start":{"line":1762,"column":38},"end":{"line":1762,"column":125}},"345":{"start":{"line":1763,"column":12},"end":{"line":1771,"column":14}},"346":{"start":{"line":1764,"column":16},"end":{"line":1770,"column":19}},"347":{"start":{"line":1765,"column":20},"end":{"line":1769,"column":21}},"348":{"start":{"line":1766,"column":24},"end":{"line":1766,"column":40}},"349":{"start":{"line":1768,"column":24},"end":{"line":1768,"column":39}},"350":{"start":{"line":1780,"column":38},"end":{"line":1780,"column":121}},"351":{"start":{"line":1781,"column":12},"end":{"line":1789,"column":14}},"352":{"start":{"line":1782,"column":16},"end":{"line":1788,"column":19}},"353":{"start":{"line":1783,"column":20},"end":{"line":1787,"column":21}},"354":{"start":{"line":1784,"column":24},"end":{"line":1784,"column":40}},"355":{"start":{"line":1786,"column":24},"end":{"line":1786,"column":39}},"356":{"start":{"line":1798,"column":38},"end":{"line":1798,"column":125}},"357":{"start":{"line":1799,"column":12},"end":{"line":1807,"column":14}},"358":{"start":{"line":1800,"column":16},"end":{"line":1806,"column":19}},"359":{"start":{"line":1801,"column":20},"end":{"line":1805,"column":21}},"360":{"start":{"line":1802,"column":24},"end":{"line":1802,"column":40}},"361":{"start":{"line":1804,"column":24},"end":{"line":1804,"column":39}},"362":{"start":{"line":1817,"column":38},"end":{"line":1817,"column":120}},"363":{"start":{"line":1818,"column":12},"end":{"line":1826,"column":14}},"364":{"start":{"line":1819,"column":16},"end":{"line":1825,"column":19}},"365":{"start":{"line":1820,"column":20},"end":{"line":1824,"column":21}},"366":{"start":{"line":1821,"column":24},"end":{"line":1821,"column":47}},"367":{"start":{"line":1823,"column":24},"end":{"line":1823,"column":39}},"368":{"start":{"line":1835,"column":38},"end":{"line":1835,"column":122}},"369":{"start":{"line":1836,"column":12},"end":{"line":1844,"column":14}},"370":{"start":{"line":1837,"column":16},"end":{"line":1843,"column":19}},"371":{"start":{"line":1838,"column":20},"end":{"line":1842,"column":21}},"372":{"start":{"line":1839,"column":24},"end":{"line":1839,"column":40}},"373":{"start":{"line":1841,"column":24},"end":{"line":1841,"column":39}},"374":{"start":{"line":1853,"column":38},"end":{"line":1853,"column":123}},"375":{"start":{"line":1854,"column":12},"end":{"line":1862,"column":14}},"376":{"start":{"line":1855,"column":16},"end":{"line":1861,"column":19}},"377":{"start":{"line":1856,"column":20},"end":{"line":1860,"column":21}},"378":{"start":{"line":1857,"column":24},"end":{"line":1857,"column":40}},"379":{"start":{"line":1859,"column":24},"end":{"line":1859,"column":39}},"380":{"start":{"line":1871,"column":38},"end":{"line":1871,"column":123}},"381":{"start":{"line":1872,"column":12},"end":{"line":1880,"column":14}},"382":{"start":{"line":1873,"column":16},"end":{"line":1879,"column":19}},"383":{"start":{"line":1874,"column":20},"end":{"line":1878,"column":21}},"384":{"start":{"line":1875,"column":24},"end":{"line":1875,"column":40}},"385":{"start":{"line":1877,"column":24},"end":{"line":1877,"column":39}},"386":{"start":{"line":1889,"column":38},"end":{"line":1889,"column":119}},"387":{"start":{"line":1890,"column":12},"end":{"line":1898,"column":14}},"388":{"start":{"line":1891,"column":16},"end":{"line":1897,"column":19}},"389":{"start":{"line":1892,"column":20},"end":{"line":1896,"column":21}},"390":{"start":{"line":1893,"column":24},"end":{"line":1893,"column":40}},"391":{"start":{"line":1895,"column":24},"end":{"line":1895,"column":39}},"392":{"start":{"line":1907,"column":38},"end":{"line":1907,"column":120}},"393":{"start":{"line":1908,"column":12},"end":{"line":1916,"column":14}},"394":{"start":{"line":1909,"column":16},"end":{"line":1915,"column":19}},"395":{"start":{"line":1910,"column":20},"end":{"line":1914,"column":21}},"396":{"start":{"line":1911,"column":24},"end":{"line":1911,"column":40}},"397":{"start":{"line":1913,"column":24},"end":{"line":1913,"column":39}},"398":{"start":{"line":1926,"column":38},"end":{"line":1926,"column":127}},"399":{"start":{"line":1927,"column":12},"end":{"line":1935,"column":14}},"400":{"start":{"line":1928,"column":16},"end":{"line":1934,"column":19}},"401":{"start":{"line":1929,"column":20},"end":{"line":1933,"column":21}},"402":{"start":{"line":1930,"column":24},"end":{"line":1930,"column":40}},"403":{"start":{"line":1932,"column":24},"end":{"line":1932,"column":39}},"404":{"start":{"line":1945,"column":38},"end":{"line":1945,"column":131}},"405":{"start":{"line":1946,"column":12},"end":{"line":1954,"column":14}},"406":{"start":{"line":1947,"column":16},"end":{"line":1953,"column":19}},"407":{"start":{"line":1948,"column":20},"end":{"line":1952,"column":21}},"408":{"start":{"line":1949,"column":24},"end":{"line":1949,"column":40}},"409":{"start":{"line":1951,"column":24},"end":{"line":1951,"column":39}},"410":{"start":{"line":1963,"column":31},"end":{"line":2078,"column":1}},"411":{"start":{"line":1964,"column":4},"end":{"line":2077,"column":6}},"412":{"start":{"line":1973,"column":12},"end":{"line":1973,"column":115}},"413":{"start":{"line":1982,"column":12},"end":{"line":1982,"column":109}},"414":{"start":{"line":1991,"column":12},"end":{"line":1991,"column":105}},"415":{"start":{"line":2000,"column":12},"end":{"line":2000,"column":109}},"416":{"start":{"line":2010,"column":12},"end":{"line":2010,"column":104}},"417":{"start":{"line":2019,"column":12},"end":{"line":2019,"column":106}},"418":{"start":{"line":2028,"column":12},"end":{"line":2028,"column":107}},"419":{"start":{"line":2037,"column":12},"end":{"line":2037,"column":107}},"420":{"start":{"line":2046,"column":12},"end":{"line":2046,"column":103}},"421":{"start":{"line":2055,"column":12},"end":{"line":2055,"column":104}},"422":{"start":{"line":2065,"column":12},"end":{"line":2065,"column":111}},"423":{"start":{"line":2075,"column":12},"end":{"line":2075,"column":115}},"424":{"start":{"line":2096,"column":8},"end":{"line":2096,"column":126}},"425":{"start":{"line":2107,"column":8},"end":{"line":2107,"column":120}},"426":{"start":{"line":2118,"column":8},"end":{"line":2118,"column":116}},"427":{"start":{"line":2129,"column":8},"end":{"line":2129,"column":120}},"428":{"start":{"line":2141,"column":8},"end":{"line":2141,"column":115}},"429":{"start":{"line":2152,"column":8},"end":{"line":2152,"column":117}},"430":{"start":{"line":2163,"column":8},"end":{"line":2163,"column":118}},"431":{"start":{"line":2174,"column":8},"end":{"line":2174,"column":118}},"432":{"start":{"line":2185,"column":8},"end":{"line":2185,"column":114}},"433":{"start":{"line":2196,"column":8},"end":{"line":2196,"column":115}},"434":{"start":{"line":2208,"column":8},"end":{"line":2208,"column":122}},"435":{"start":{"line":2220,"column":8},"end":{"line":2220,"column":126}},"436":{"start":{"line":2228,"column":41},"end":{"line":2823,"column":1}},"437":{"start":{"line":2229,"column":4},"end":{"line":2822,"column":5}},"438":{"start":{"line":2240,"column":12},"end":{"line":2242,"column":13}},"439":{"start":{"line":2241,"column":16},"end":{"line":2241,"column":136}},"440":{"start":{"line":2244,"column":12},"end":{"line":2246,"column":13}},"441":{"start":{"line":2245,"column":16},"end":{"line":2245,"column":136}},"442":{"start":{"line":2247,"column":33},"end":{"line":2248,"column":73}},"443":{"start":{"line":2249,"column":35},"end":{"line":2249,"column":64}},"444":{"start":{"line":2250,"column":43},"end":{"line":2250,"column":85}},"445":{"start":{"line":2251,"column":44},"end":{"line":2251,"column":53}},"446":{"start":{"line":2252,"column":43},"end":{"line":2252,"column":52}},"447":{"start":{"line":2254,"column":12},"end":{"line":2254,"column":73}},"448":{"start":{"line":2256,"column":12},"end":{"line":2256,"column":114}},"449":{"start":{"line":2258,"column":12},"end":{"line":2258,"column":41}},"450":{"start":{"line":2259,"column":12},"end":{"line":2259,"column":105}},"451":{"start":{"line":2260,"column":39},"end":{"line":2260,"column":147}},"452":{"start":{"line":2261,"column":12},"end":{"line":2261,"column":106}},"453":{"start":{"line":2263,"column":12},"end":{"line":2266,"column":14}},"454":{"start":{"line":2278,"column":12},"end":{"line":2280,"column":13}},"455":{"start":{"line":2279,"column":16},"end":{"line":2279,"column":138}},"456":{"start":{"line":2282,"column":12},"end":{"line":2284,"column":13}},"457":{"start":{"line":2283,"column":16},"end":{"line":2283,"column":138}},"458":{"start":{"line":2285,"column":33},"end":{"line":2286,"column":73}},"459":{"start":{"line":2287,"column":35},"end":{"line":2287,"column":64}},"460":{"start":{"line":2288,"column":43},"end":{"line":2288,"column":85}},"461":{"start":{"line":2289,"column":44},"end":{"line":2289,"column":53}},"462":{"start":{"line":2290,"column":43},"end":{"line":2290,"column":52}},"463":{"start":{"line":2292,"column":12},"end":{"line":2292,"column":73}},"464":{"start":{"line":2294,"column":12},"end":{"line":2294,"column":114}},"465":{"start":{"line":2296,"column":12},"end":{"line":2296,"column":41}},"466":{"start":{"line":2297,"column":12},"end":{"line":2297,"column":105}},"467":{"start":{"line":2298,"column":39},"end":{"line":2298,"column":147}},"468":{"start":{"line":2299,"column":12},"end":{"line":2299,"column":106}},"469":{"start":{"line":2301,"column":12},"end":{"line":2304,"column":14}},"470":{"start":{"line":2315,"column":12},"end":{"line":2317,"column":13}},"471":{"start":{"line":2316,"column":16},"end":{"line":2316,"column":138}},"472":{"start":{"line":2318,"column":33},"end":{"line":2319,"column":73}},"473":{"start":{"line":2320,"column":35},"end":{"line":2320,"column":64}},"474":{"start":{"line":2321,"column":43},"end":{"line":2321,"column":84}},"475":{"start":{"line":2322,"column":44},"end":{"line":2322,"column":53}},"476":{"start":{"line":2323,"column":43},"end":{"line":2323,"column":52}},"477":{"start":{"line":2325,"column":12},"end":{"line":2325,"column":114}},"478":{"start":{"line":2327,"column":12},"end":{"line":2327,"column":41}},"479":{"start":{"line":2328,"column":12},"end":{"line":2328,"column":105}},"480":{"start":{"line":2330,"column":12},"end":{"line":2333,"column":14}},"481":{"start":{"line":2344,"column":12},"end":{"line":2346,"column":13}},"482":{"start":{"line":2345,"column":16},"end":{"line":2345,"column":140}},"483":{"start":{"line":2347,"column":33},"end":{"line":2348,"column":73}},"484":{"start":{"line":2349,"column":35},"end":{"line":2349,"column":64}},"485":{"start":{"line":2350,"column":43},"end":{"line":2350,"column":84}},"486":{"start":{"line":2351,"column":44},"end":{"line":2351,"column":53}},"487":{"start":{"line":2352,"column":43},"end":{"line":2352,"column":52}},"488":{"start":{"line":2354,"column":12},"end":{"line":2354,"column":114}},"489":{"start":{"line":2356,"column":12},"end":{"line":2356,"column":41}},"490":{"start":{"line":2357,"column":12},"end":{"line":2357,"column":105}},"491":{"start":{"line":2359,"column":12},"end":{"line":2362,"column":14}},"492":{"start":{"line":2373,"column":12},"end":{"line":2375,"column":13}},"493":{"start":{"line":2374,"column":16},"end":{"line":2374,"column":138}},"494":{"start":{"line":2376,"column":33},"end":{"line":2377,"column":73}},"495":{"start":{"line":2378,"column":35},"end":{"line":2378,"column":64}},"496":{"start":{"line":2379,"column":43},"end":{"line":2379,"column":84}},"497":{"start":{"line":2380,"column":44},"end":{"line":2380,"column":53}},"498":{"start":{"line":2381,"column":43},"end":{"line":2381,"column":52}},"499":{"start":{"line":2383,"column":12},"end":{"line":2383,"column":114}},"500":{"start":{"line":2385,"column":12},"end":{"line":2385,"column":41}},"501":{"start":{"line":2386,"column":12},"end":{"line":2386,"column":105}},"502":{"start":{"line":2388,"column":12},"end":{"line":2391,"column":14}},"503":{"start":{"line":2402,"column":12},"end":{"line":2404,"column":13}},"504":{"start":{"line":2403,"column":16},"end":{"line":2403,"column":140}},"505":{"start":{"line":2405,"column":33},"end":{"line":2406,"column":73}},"506":{"start":{"line":2407,"column":35},"end":{"line":2407,"column":64}},"507":{"start":{"line":2408,"column":43},"end":{"line":2408,"column":84}},"508":{"start":{"line":2409,"column":44},"end":{"line":2409,"column":53}},"509":{"start":{"line":2410,"column":43},"end":{"line":2410,"column":52}},"510":{"start":{"line":2412,"column":12},"end":{"line":2412,"column":114}},"511":{"start":{"line":2414,"column":12},"end":{"line":2414,"column":41}},"512":{"start":{"line":2415,"column":12},"end":{"line":2415,"column":105}},"513":{"start":{"line":2417,"column":12},"end":{"line":2420,"column":14}},"514":{"start":{"line":2431,"column":12},"end":{"line":2433,"column":13}},"515":{"start":{"line":2432,"column":16},"end":{"line":2432,"column":140}},"516":{"start":{"line":2434,"column":33},"end":{"line":2435,"column":73}},"517":{"start":{"line":2436,"column":35},"end":{"line":2436,"column":64}},"518":{"start":{"line":2437,"column":43},"end":{"line":2437,"column":84}},"519":{"start":{"line":2438,"column":44},"end":{"line":2438,"column":53}},"520":{"start":{"line":2439,"column":43},"end":{"line":2439,"column":52}},"521":{"start":{"line":2441,"column":12},"end":{"line":2441,"column":114}},"522":{"start":{"line":2443,"column":12},"end":{"line":2443,"column":41}},"523":{"start":{"line":2444,"column":12},"end":{"line":2444,"column":105}},"524":{"start":{"line":2446,"column":12},"end":{"line":2449,"column":14}},"525":{"start":{"line":2460,"column":12},"end":{"line":2462,"column":13}},"526":{"start":{"line":2461,"column":16},"end":{"line":2461,"column":142}},"527":{"start":{"line":2463,"column":33},"end":{"line":2464,"column":73}},"528":{"start":{"line":2465,"column":35},"end":{"line":2465,"column":64}},"529":{"start":{"line":2466,"column":43},"end":{"line":2466,"column":84}},"530":{"start":{"line":2467,"column":44},"end":{"line":2467,"column":53}},"531":{"start":{"line":2468,"column":43},"end":{"line":2468,"column":52}},"532":{"start":{"line":2470,"column":12},"end":{"line":2470,"column":114}},"533":{"start":{"line":2472,"column":12},"end":{"line":2472,"column":41}},"534":{"start":{"line":2473,"column":12},"end":{"line":2473,"column":105}},"535":{"start":{"line":2475,"column":12},"end":{"line":2478,"column":14}},"536":{"start":{"line":2489,"column":12},"end":{"line":2491,"column":13}},"537":{"start":{"line":2490,"column":16},"end":{"line":2490,"column":145}},"538":{"start":{"line":2492,"column":33},"end":{"line":2493,"column":73}},"539":{"start":{"line":2494,"column":35},"end":{"line":2494,"column":64}},"540":{"start":{"line":2495,"column":43},"end":{"line":2495,"column":84}},"541":{"start":{"line":2496,"column":44},"end":{"line":2496,"column":53}},"542":{"start":{"line":2497,"column":43},"end":{"line":2497,"column":52}},"543":{"start":{"line":2499,"column":12},"end":{"line":2499,"column":114}},"544":{"start":{"line":2501,"column":12},"end":{"line":2501,"column":41}},"545":{"start":{"line":2502,"column":12},"end":{"line":2502,"column":105}},"546":{"start":{"line":2504,"column":12},"end":{"line":2507,"column":14}},"547":{"start":{"line":2518,"column":12},"end":{"line":2520,"column":13}},"548":{"start":{"line":2519,"column":16},"end":{"line":2519,"column":147}},"549":{"start":{"line":2521,"column":33},"end":{"line":2522,"column":73}},"550":{"start":{"line":2523,"column":35},"end":{"line":2523,"column":64}},"551":{"start":{"line":2524,"column":43},"end":{"line":2524,"column":84}},"552":{"start":{"line":2525,"column":44},"end":{"line":2525,"column":53}},"553":{"start":{"line":2526,"column":43},"end":{"line":2526,"column":52}},"554":{"start":{"line":2528,"column":12},"end":{"line":2528,"column":114}},"555":{"start":{"line":2530,"column":12},"end":{"line":2530,"column":41}},"556":{"start":{"line":2531,"column":12},"end":{"line":2531,"column":105}},"557":{"start":{"line":2533,"column":12},"end":{"line":2536,"column":14}},"558":{"start":{"line":2547,"column":12},"end":{"line":2549,"column":13}},"559":{"start":{"line":2548,"column":16},"end":{"line":2548,"column":140}},"560":{"start":{"line":2550,"column":33},"end":{"line":2551,"column":73}},"561":{"start":{"line":2552,"column":35},"end":{"line":2552,"column":64}},"562":{"start":{"line":2553,"column":43},"end":{"line":2553,"column":84}},"563":{"start":{"line":2554,"column":44},"end":{"line":2554,"column":53}},"564":{"start":{"line":2555,"column":43},"end":{"line":2555,"column":52}},"565":{"start":{"line":2557,"column":12},"end":{"line":2557,"column":114}},"566":{"start":{"line":2559,"column":12},"end":{"line":2559,"column":41}},"567":{"start":{"line":2560,"column":12},"end":{"line":2560,"column":105}},"568":{"start":{"line":2562,"column":12},"end":{"line":2565,"column":14}},"569":{"start":{"line":2576,"column":12},"end":{"line":2578,"column":13}},"570":{"start":{"line":2577,"column":16},"end":{"line":2577,"column":142}},"571":{"start":{"line":2579,"column":33},"end":{"line":2580,"column":73}},"572":{"start":{"line":2581,"column":35},"end":{"line":2581,"column":64}},"573":{"start":{"line":2582,"column":43},"end":{"line":2582,"column":84}},"574":{"start":{"line":2583,"column":44},"end":{"line":2583,"column":53}},"575":{"start":{"line":2584,"column":43},"end":{"line":2584,"column":52}},"576":{"start":{"line":2586,"column":12},"end":{"line":2586,"column":114}},"577":{"start":{"line":2588,"column":12},"end":{"line":2588,"column":41}},"578":{"start":{"line":2589,"column":12},"end":{"line":2589,"column":105}},"579":{"start":{"line":2591,"column":12},"end":{"line":2594,"column":14}},"580":{"start":{"line":2602,"column":33},"end":{"line":2602,"column":41}},"581":{"start":{"line":2603,"column":35},"end":{"line":2603,"column":64}},"582":{"start":{"line":2604,"column":43},"end":{"line":2604,"column":84}},"583":{"start":{"line":2605,"column":44},"end":{"line":2605,"column":53}},"584":{"start":{"line":2606,"column":43},"end":{"line":2606,"column":52}},"585":{"start":{"line":2608,"column":12},"end":{"line":2608,"column":114}},"586":{"start":{"line":2610,"column":12},"end":{"line":2610,"column":41}},"587":{"start":{"line":2611,"column":12},"end":{"line":2611,"column":105}},"588":{"start":{"line":2613,"column":12},"end":{"line":2616,"column":14}},"589":{"start":{"line":2624,"column":33},"end":{"line":2624,"column":41}},"590":{"start":{"line":2625,"column":35},"end":{"line":2625,"column":64}},"591":{"start":{"line":2626,"column":43},"end":{"line":2626,"column":84}},"592":{"start":{"line":2627,"column":44},"end":{"line":2627,"column":53}},"593":{"start":{"line":2628,"column":43},"end":{"line":2628,"column":52}},"594":{"start":{"line":2630,"column":12},"end":{"line":2630,"column":114}},"595":{"start":{"line":2632,"column":12},"end":{"line":2632,"column":41}},"596":{"start":{"line":2633,"column":12},"end":{"line":2633,"column":105}},"597":{"start":{"line":2635,"column":12},"end":{"line":2638,"column":14}},"598":{"start":{"line":2649,"column":12},"end":{"line":2651,"column":13}},"599":{"start":{"line":2650,"column":16},"end":{"line":2650,"column":138}},"600":{"start":{"line":2652,"column":33},"end":{"line":2653,"column":73}},"601":{"start":{"line":2654,"column":35},"end":{"line":2654,"column":64}},"602":{"start":{"line":2655,"column":43},"end":{"line":2655,"column":84}},"603":{"start":{"line":2656,"column":44},"end":{"line":2656,"column":53}},"604":{"start":{"line":2657,"column":43},"end":{"line":2657,"column":52}},"605":{"start":{"line":2659,"column":12},"end":{"line":2659,"column":114}},"606":{"start":{"line":2661,"column":12},"end":{"line":2661,"column":41}},"607":{"start":{"line":2662,"column":12},"end":{"line":2662,"column":105}},"608":{"start":{"line":2664,"column":12},"end":{"line":2667,"column":14}},"609":{"start":{"line":2678,"column":12},"end":{"line":2680,"column":13}},"610":{"start":{"line":2679,"column":16},"end":{"line":2679,"column":140}},"611":{"start":{"line":2681,"column":33},"end":{"line":2682,"column":73}},"612":{"start":{"line":2683,"column":35},"end":{"line":2683,"column":64}},"613":{"start":{"line":2684,"column":43},"end":{"line":2684,"column":84}},"614":{"start":{"line":2685,"column":44},"end":{"line":2685,"column":53}},"615":{"start":{"line":2686,"column":43},"end":{"line":2686,"column":52}},"616":{"start":{"line":2688,"column":12},"end":{"line":2688,"column":114}},"617":{"start":{"line":2690,"column":12},"end":{"line":2690,"column":41}},"618":{"start":{"line":2691,"column":12},"end":{"line":2691,"column":105}},"619":{"start":{"line":2693,"column":12},"end":{"line":2696,"column":14}},"620":{"start":{"line":2706,"column":12},"end":{"line":2708,"column":13}},"621":{"start":{"line":2707,"column":16},"end":{"line":2707,"column":139}},"622":{"start":{"line":2709,"column":33},"end":{"line":2709,"column":41}},"623":{"start":{"line":2710,"column":35},"end":{"line":2710,"column":64}},"624":{"start":{"line":2711,"column":43},"end":{"line":2711,"column":84}},"625":{"start":{"line":2712,"column":44},"end":{"line":2712,"column":53}},"626":{"start":{"line":2713,"column":43},"end":{"line":2713,"column":52}},"627":{"start":{"line":2715,"column":12},"end":{"line":2715,"column":73}},"628":{"start":{"line":2717,"column":12},"end":{"line":2717,"column":114}},"629":{"start":{"line":2719,"column":12},"end":{"line":2719,"column":41}},"630":{"start":{"line":2720,"column":12},"end":{"line":2720,"column":105}},"631":{"start":{"line":2721,"column":39},"end":{"line":2721,"column":147}},"632":{"start":{"line":2722,"column":12},"end":{"line":2722,"column":106}},"633":{"start":{"line":2724,"column":12},"end":{"line":2727,"column":14}},"634":{"start":{"line":2737,"column":12},"end":{"line":2739,"column":13}},"635":{"start":{"line":2738,"column":16},"end":{"line":2738,"column":141}},"636":{"start":{"line":2740,"column":33},"end":{"line":2740,"column":41}},"637":{"start":{"line":2741,"column":35},"end":{"line":2741,"column":64}},"638":{"start":{"line":2742,"column":43},"end":{"line":2742,"column":84}},"639":{"start":{"line":2743,"column":44},"end":{"line":2743,"column":53}},"640":{"start":{"line":2744,"column":43},"end":{"line":2744,"column":52}},"641":{"start":{"line":2746,"column":12},"end":{"line":2746,"column":73}},"642":{"start":{"line":2748,"column":12},"end":{"line":2748,"column":114}},"643":{"start":{"line":2750,"column":12},"end":{"line":2750,"column":41}},"644":{"start":{"line":2751,"column":12},"end":{"line":2751,"column":105}},"645":{"start":{"line":2752,"column":39},"end":{"line":2752,"column":147}},"646":{"start":{"line":2753,"column":12},"end":{"line":2753,"column":106}},"647":{"start":{"line":2755,"column":12},"end":{"line":2758,"column":14}},"648":{"start":{"line":2768,"column":12},"end":{"line":2770,"column":13}},"649":{"start":{"line":2769,"column":16},"end":{"line":2769,"column":143}},"650":{"start":{"line":2771,"column":33},"end":{"line":2771,"column":41}},"651":{"start":{"line":2772,"column":35},"end":{"line":2772,"column":64}},"652":{"start":{"line":2773,"column":43},"end":{"line":2773,"column":86}},"653":{"start":{"line":2774,"column":44},"end":{"line":2774,"column":53}},"654":{"start":{"line":2775,"column":43},"end":{"line":2775,"column":52}},"655":{"start":{"line":2777,"column":12},"end":{"line":2777,"column":73}},"656":{"start":{"line":2779,"column":12},"end":{"line":2779,"column":114}},"657":{"start":{"line":2781,"column":12},"end":{"line":2781,"column":41}},"658":{"start":{"line":2782,"column":12},"end":{"line":2782,"column":105}},"659":{"start":{"line":2783,"column":39},"end":{"line":2783,"column":147}},"660":{"start":{"line":2784,"column":12},"end":{"line":2784,"column":106}},"661":{"start":{"line":2786,"column":12},"end":{"line":2789,"column":14}},"662":{"start":{"line":2799,"column":12},"end":{"line":2801,"column":13}},"663":{"start":{"line":2800,"column":16},"end":{"line":2800,"column":146}},"664":{"start":{"line":2802,"column":33},"end":{"line":2802,"column":41}},"665":{"start":{"line":2803,"column":35},"end":{"line":2803,"column":64}},"666":{"start":{"line":2804,"column":43},"end":{"line":2804,"column":86}},"667":{"start":{"line":2805,"column":44},"end":{"line":2805,"column":53}},"668":{"start":{"line":2806,"column":43},"end":{"line":2806,"column":52}},"669":{"start":{"line":2808,"column":12},"end":{"line":2808,"column":73}},"670":{"start":{"line":2810,"column":12},"end":{"line":2810,"column":114}},"671":{"start":{"line":2812,"column":12},"end":{"line":2812,"column":41}},"672":{"start":{"line":2813,"column":12},"end":{"line":2813,"column":105}},"673":{"start":{"line":2814,"column":39},"end":{"line":2814,"column":147}},"674":{"start":{"line":2815,"column":12},"end":{"line":2815,"column":106}},"675":{"start":{"line":2817,"column":12},"end":{"line":2820,"column":14}},"676":{"start":{"line":2829,"column":26},"end":{"line":3206,"column":1}},"677":{"start":{"line":2830,"column":4},"end":{"line":3205,"column":5}},"678":{"start":{"line":2840,"column":38},"end":{"line":2840,"column":125}},"679":{"start":{"line":2841,"column":12},"end":{"line":2849,"column":14}},"680":{"start":{"line":2842,"column":16},"end":{"line":2848,"column":19}},"681":{"start":{"line":2843,"column":20},"end":{"line":2847,"column":21}},"682":{"start":{"line":2844,"column":24},"end":{"line":2844,"column":47}},"683":{"start":{"line":2846,"column":24},"end":{"line":2846,"column":39}},"684":{"start":{"line":2860,"column":38},"end":{"line":2860,"column":127}},"685":{"start":{"line":2861,"column":12},"end":{"line":2869,"column":14}},"686":{"start":{"line":2862,"column":16},"end":{"line":2868,"column":19}},"687":{"start":{"line":2863,"column":20},"end":{"line":2867,"column":21}},"688":{"start":{"line":2864,"column":24},"end":{"line":2864,"column":47}},"689":{"start":{"line":2866,"column":24},"end":{"line":2866,"column":39}},"690":{"start":{"line":2879,"column":38},"end":{"line":2879,"column":121}},"691":{"start":{"line":2880,"column":12},"end":{"line":2888,"column":14}},"692":{"start":{"line":2881,"column":16},"end":{"line":2887,"column":19}},"693":{"start":{"line":2882,"column":20},"end":{"line":2886,"column":21}},"694":{"start":{"line":2883,"column":24},"end":{"line":2883,"column":47}},"695":{"start":{"line":2885,"column":24},"end":{"line":2885,"column":39}},"696":{"start":{"line":2898,"column":38},"end":{"line":2898,"column":123}},"697":{"start":{"line":2899,"column":12},"end":{"line":2907,"column":14}},"698":{"start":{"line":2900,"column":16},"end":{"line":2906,"column":19}},"699":{"start":{"line":2901,"column":20},"end":{"line":2905,"column":21}},"700":{"start":{"line":2902,"column":24},"end":{"line":2902,"column":47}},"701":{"start":{"line":2904,"column":24},"end":{"line":2904,"column":39}},"702":{"start":{"line":2917,"column":38},"end":{"line":2917,"column":121}},"703":{"start":{"line":2918,"column":12},"end":{"line":2926,"column":14}},"704":{"start":{"line":2919,"column":16},"end":{"line":2925,"column":19}},"705":{"start":{"line":2920,"column":20},"end":{"line":2924,"column":21}},"706":{"start":{"line":2921,"column":24},"end":{"line":2921,"column":47}},"707":{"start":{"line":2923,"column":24},"end":{"line":2923,"column":39}},"708":{"start":{"line":2936,"column":38},"end":{"line":2936,"column":123}},"709":{"start":{"line":2937,"column":12},"end":{"line":2945,"column":14}},"710":{"start":{"line":2938,"column":16},"end":{"line":2944,"column":19}},"711":{"start":{"line":2939,"column":20},"end":{"line":2943,"column":21}},"712":{"start":{"line":2940,"column":24},"end":{"line":2940,"column":47}},"713":{"start":{"line":2942,"column":24},"end":{"line":2942,"column":39}},"714":{"start":{"line":2955,"column":38},"end":{"line":2955,"column":123}},"715":{"start":{"line":2956,"column":12},"end":{"line":2964,"column":14}},"716":{"start":{"line":2957,"column":16},"end":{"line":2963,"column":19}},"717":{"start":{"line":2958,"column":20},"end":{"line":2962,"column":21}},"718":{"start":{"line":2959,"column":24},"end":{"line":2959,"column":47}},"719":{"start":{"line":2961,"column":24},"end":{"line":2961,"column":39}},"720":{"start":{"line":2974,"column":38},"end":{"line":2974,"column":125}},"721":{"start":{"line":2975,"column":12},"end":{"line":2983,"column":14}},"722":{"start":{"line":2976,"column":16},"end":{"line":2982,"column":19}},"723":{"start":{"line":2977,"column":20},"end":{"line":2981,"column":21}},"724":{"start":{"line":2978,"column":24},"end":{"line":2978,"column":47}},"725":{"start":{"line":2980,"column":24},"end":{"line":2980,"column":39}},"726":{"start":{"line":2993,"column":38},"end":{"line":2993,"column":128}},"727":{"start":{"line":2994,"column":12},"end":{"line":3002,"column":14}},"728":{"start":{"line":2995,"column":16},"end":{"line":3001,"column":19}},"729":{"start":{"line":2996,"column":20},"end":{"line":3000,"column":21}},"730":{"start":{"line":2997,"column":24},"end":{"line":2997,"column":47}},"731":{"start":{"line":2999,"column":24},"end":{"line":2999,"column":39}},"732":{"start":{"line":3012,"column":38},"end":{"line":3012,"column":130}},"733":{"start":{"line":3013,"column":12},"end":{"line":3021,"column":14}},"734":{"start":{"line":3014,"column":16},"end":{"line":3020,"column":19}},"735":{"start":{"line":3015,"column":20},"end":{"line":3019,"column":21}},"736":{"start":{"line":3016,"column":24},"end":{"line":3016,"column":47}},"737":{"start":{"line":3018,"column":24},"end":{"line":3018,"column":39}},"738":{"start":{"line":3031,"column":38},"end":{"line":3031,"column":123}},"739":{"start":{"line":3032,"column":12},"end":{"line":3040,"column":14}},"740":{"start":{"line":3033,"column":16},"end":{"line":3039,"column":19}},"741":{"start":{"line":3034,"column":20},"end":{"line":3038,"column":21}},"742":{"start":{"line":3035,"column":24},"end":{"line":3035,"column":47}},"743":{"start":{"line":3037,"column":24},"end":{"line":3037,"column":39}},"744":{"start":{"line":3050,"column":38},"end":{"line":3050,"column":125}},"745":{"start":{"line":3051,"column":12},"end":{"line":3059,"column":14}},"746":{"start":{"line":3052,"column":16},"end":{"line":3058,"column":19}},"747":{"start":{"line":3053,"column":20},"end":{"line":3057,"column":21}},"748":{"start":{"line":3054,"column":24},"end":{"line":3054,"column":47}},"749":{"start":{"line":3056,"column":24},"end":{"line":3056,"column":39}},"750":{"start":{"line":3067,"column":38},"end":{"line":3067,"column":114}},"751":{"start":{"line":3068,"column":12},"end":{"line":3076,"column":14}},"752":{"start":{"line":3069,"column":16},"end":{"line":3075,"column":19}},"753":{"start":{"line":3070,"column":20},"end":{"line":3074,"column":21}},"754":{"start":{"line":3071,"column":24},"end":{"line":3071,"column":40}},"755":{"start":{"line":3073,"column":24},"end":{"line":3073,"column":39}},"756":{"start":{"line":3084,"column":38},"end":{"line":3084,"column":116}},"757":{"start":{"line":3085,"column":12},"end":{"line":3093,"column":14}},"758":{"start":{"line":3086,"column":16},"end":{"line":3092,"column":19}},"759":{"start":{"line":3087,"column":20},"end":{"line":3091,"column":21}},"760":{"start":{"line":3088,"column":24},"end":{"line":3088,"column":40}},"761":{"start":{"line":3090,"column":24},"end":{"line":3090,"column":39}},"762":{"start":{"line":3103,"column":38},"end":{"line":3103,"column":121}},"763":{"start":{"line":3104,"column":12},"end":{"line":3112,"column":14}},"764":{"start":{"line":3105,"column":16},"end":{"line":3111,"column":19}},"765":{"start":{"line":3106,"column":20},"end":{"line":3110,"column":21}},"766":{"start":{"line":3107,"column":24},"end":{"line":3107,"column":47}},"767":{"start":{"line":3109,"column":24},"end":{"line":3109,"column":39}},"768":{"start":{"line":3122,"column":38},"end":{"line":3122,"column":123}},"769":{"start":{"line":3123,"column":12},"end":{"line":3131,"column":14}},"770":{"start":{"line":3124,"column":16},"end":{"line":3130,"column":19}},"771":{"start":{"line":3125,"column":20},"end":{"line":3129,"column":21}},"772":{"start":{"line":3126,"column":24},"end":{"line":3126,"column":47}},"773":{"start":{"line":3128,"column":24},"end":{"line":3128,"column":39}},"774":{"start":{"line":3140,"column":38},"end":{"line":3140,"column":122}},"775":{"start":{"line":3141,"column":12},"end":{"line":3149,"column":14}},"776":{"start":{"line":3142,"column":16},"end":{"line":3148,"column":19}},"777":{"start":{"line":3143,"column":20},"end":{"line":3147,"column":21}},"778":{"start":{"line":3144,"column":24},"end":{"line":3144,"column":40}},"779":{"start":{"line":3146,"column":24},"end":{"line":3146,"column":39}},"780":{"start":{"line":3158,"column":38},"end":{"line":3158,"column":124}},"781":{"start":{"line":3159,"column":12},"end":{"line":3167,"column":14}},"782":{"start":{"line":3160,"column":16},"end":{"line":3166,"column":19}},"783":{"start":{"line":3161,"column":20},"end":{"line":3165,"column":21}},"784":{"start":{"line":3162,"column":24},"end":{"line":3162,"column":40}},"785":{"start":{"line":3164,"column":24},"end":{"line":3164,"column":39}},"786":{"start":{"line":3176,"column":38},"end":{"line":3176,"column":126}},"787":{"start":{"line":3177,"column":12},"end":{"line":3185,"column":14}},"788":{"start":{"line":3178,"column":16},"end":{"line":3184,"column":19}},"789":{"start":{"line":3179,"column":20},"end":{"line":3183,"column":21}},"790":{"start":{"line":3180,"column":24},"end":{"line":3180,"column":40}},"791":{"start":{"line":3182,"column":24},"end":{"line":3182,"column":39}},"792":{"start":{"line":3194,"column":38},"end":{"line":3194,"column":129}},"793":{"start":{"line":3195,"column":12},"end":{"line":3203,"column":14}},"794":{"start":{"line":3196,"column":16},"end":{"line":3202,"column":19}},"795":{"start":{"line":3197,"column":20},"end":{"line":3201,"column":21}},"796":{"start":{"line":3198,"column":24},"end":{"line":3198,"column":40}},"797":{"start":{"line":3200,"column":24},"end":{"line":3200,"column":39}},"798":{"start":{"line":3212,"column":31},"end":{"line":3409,"column":1}},"799":{"start":{"line":3213,"column":4},"end":{"line":3408,"column":6}},"800":{"start":{"line":3223,"column":12},"end":{"line":3223,"column":109}},"801":{"start":{"line":3234,"column":12},"end":{"line":3234,"column":111}},"802":{"start":{"line":3244,"column":12},"end":{"line":3244,"column":105}},"803":{"start":{"line":3254,"column":12},"end":{"line":3254,"column":107}},"804":{"start":{"line":3264,"column":12},"end":{"line":3264,"column":105}},"805":{"start":{"line":3274,"column":12},"end":{"line":3274,"column":107}},"806":{"start":{"line":3284,"column":12},"end":{"line":3284,"column":107}},"807":{"start":{"line":3294,"column":12},"end":{"line":3294,"column":109}},"808":{"start":{"line":3304,"column":12},"end":{"line":3304,"column":112}},"809":{"start":{"line":3314,"column":12},"end":{"line":3314,"column":114}},"810":{"start":{"line":3324,"column":12},"end":{"line":3324,"column":107}},"811":{"start":{"line":3334,"column":12},"end":{"line":3334,"column":109}},"812":{"start":{"line":3342,"column":12},"end":{"line":3342,"column":98}},"813":{"start":{"line":3350,"column":12},"end":{"line":3350,"column":100}},"814":{"start":{"line":3360,"column":12},"end":{"line":3360,"column":105}},"815":{"start":{"line":3370,"column":12},"end":{"line":3370,"column":107}},"816":{"start":{"line":3379,"column":12},"end":{"line":3379,"column":106}},"817":{"start":{"line":3388,"column":12},"end":{"line":3388,"column":108}},"818":{"start":{"line":3397,"column":12},"end":{"line":3397,"column":110}},"819":{"start":{"line":3406,"column":12},"end":{"line":3406,"column":113}},"820":{"start":{"line":3428,"column":8},"end":{"line":3428,"column":120}},"821":{"start":{"line":3441,"column":8},"end":{"line":3441,"column":122}},"822":{"start":{"line":3453,"column":8},"end":{"line":3453,"column":116}},"823":{"start":{"line":3465,"column":8},"end":{"line":3465,"column":118}},"824":{"start":{"line":3477,"column":8},"end":{"line":3477,"column":116}},"825":{"start":{"line":3489,"column":8},"end":{"line":3489,"column":118}},"826":{"start":{"line":3501,"column":8},"end":{"line":3501,"column":118}},"827":{"start":{"line":3513,"column":8},"end":{"line":3513,"column":120}},"828":{"start":{"line":3525,"column":8},"end":{"line":3525,"column":123}},"829":{"start":{"line":3537,"column":8},"end":{"line":3537,"column":125}},"830":{"start":{"line":3549,"column":8},"end":{"line":3549,"column":118}},"831":{"start":{"line":3561,"column":8},"end":{"line":3561,"column":120}},"832":{"start":{"line":3571,"column":8},"end":{"line":3571,"column":109}},"833":{"start":{"line":3581,"column":8},"end":{"line":3581,"column":111}},"834":{"start":{"line":3593,"column":8},"end":{"line":3593,"column":116}},"835":{"start":{"line":3605,"column":8},"end":{"line":3605,"column":118}},"836":{"start":{"line":3616,"column":8},"end":{"line":3616,"column":117}},"837":{"start":{"line":3627,"column":8},"end":{"line":3627,"column":119}},"838":{"start":{"line":3638,"column":8},"end":{"line":3638,"column":121}},"839":{"start":{"line":3649,"column":8},"end":{"line":3649,"column":124}}},"fnMap":{"0":{"name":"(anonymous_0)","decl":{"start":{"line":59,"column":4},"end":{"line":59,"column":5}},"loc":{"start":{"line":59,"column":132},"end":{"line":64,"column":5}},"line":59},"1":{"name":"(anonymous_1)","decl":{"start":{"line":75,"column":4},"end":{"line":75,"column":5}},"loc":{"start":{"line":75,"column":52},"end":{"line":77,"column":5}},"line":75},"2":{"name":"(anonymous_2)","decl":{"start":{"line":705,"column":40},"end":{"line":705,"column":41}},"loc":{"start":{"line":705,"column":81},"end":{"line":772,"column":1}},"line":705},"3":{"name":"(anonymous_3)","decl":{"start":{"line":714,"column":8},"end":{"line":714,"column":9}},"loc":{"start":{"line":714,"column":75},"end":{"line":738,"column":9}},"line":714},"4":{"name":"(anonymous_4)","decl":{"start":{"line":746,"column":8},"end":{"line":746,"column":9}},"loc":{"start":{"line":746,"column":81},"end":{"line":770,"column":9}},"line":746},"5":{"name":"(anonymous_5)","decl":{"start":{"line":778,"column":25},"end":{"line":778,"column":26}},"loc":{"start":{"line":778,"column":65},"end":{"line":819,"column":1}},"line":778},"6":{"name":"(anonymous_6)","decl":{"start":{"line":787,"column":8},"end":{"line":787,"column":9}},"loc":{"start":{"line":787,"column":118},"end":{"line":798,"column":9}},"line":787},"7":{"name":"(anonymous_7)","decl":{"start":{"line":789,"column":19},"end":{"line":789,"column":20}},"loc":{"start":{"line":789,"column":88},"end":{"line":797,"column":13}},"line":789},"8":{"name":"(anonymous_8)","decl":{"start":{"line":790,"column":95},"end":{"line":790,"column":96}},"loc":{"start":{"line":790,"column":109},"end":{"line":796,"column":17}},"line":790},"9":{"name":"(anonymous_9)","decl":{"start":{"line":806,"column":8},"end":{"line":806,"column":9}},"loc":{"start":{"line":806,"column":130},"end":{"line":817,"column":9}},"line":806},"10":{"name":"(anonymous_10)","decl":{"start":{"line":808,"column":19},"end":{"line":808,"column":20}},"loc":{"start":{"line":808,"column":88},"end":{"line":816,"column":13}},"line":808},"11":{"name":"(anonymous_11)","decl":{"start":{"line":809,"column":95},"end":{"line":809,"column":96}},"loc":{"start":{"line":809,"column":109},"end":{"line":815,"column":17}},"line":809},"12":{"name":"(anonymous_12)","decl":{"start":{"line":825,"column":30},"end":{"line":825,"column":31}},"loc":{"start":{"line":825,"column":108},"end":{"line":848,"column":1}},"line":825},"13":{"name":"(anonymous_13)","decl":{"start":{"line":834,"column":8},"end":{"line":834,"column":9}},"loc":{"start":{"line":834,"column":60},"end":{"line":836,"column":9}},"line":834},"14":{"name":"(anonymous_14)","decl":{"start":{"line":844,"column":8},"end":{"line":844,"column":9}},"loc":{"start":{"line":844,"column":66},"end":{"line":846,"column":9}},"line":844},"15":{"name":"(anonymous_15)","decl":{"start":{"line":865,"column":4},"end":{"line":865,"column":5}},"loc":{"start":{"line":865,"column":63},"end":{"line":867,"column":5}},"line":865},"16":{"name":"(anonymous_16)","decl":{"start":{"line":877,"column":4},"end":{"line":877,"column":5}},"loc":{"start":{"line":877,"column":69},"end":{"line":879,"column":5}},"line":877},"17":{"name":"(anonymous_17)","decl":{"start":{"line":886,"column":43},"end":{"line":886,"column":44}},"loc":{"start":{"line":886,"column":84},"end":{"line":912,"column":1}},"line":886},"18":{"name":"(anonymous_18)","decl":{"start":{"line":894,"column":8},"end":{"line":894,"column":9}},"loc":{"start":{"line":894,"column":60},"end":{"line":910,"column":9}},"line":894},"19":{"name":"(anonymous_19)","decl":{"start":{"line":918,"column":28},"end":{"line":918,"column":29}},"loc":{"start":{"line":918,"column":68},"end":{"line":939,"column":1}},"line":918},"20":{"name":"(anonymous_20)","decl":{"start":{"line":926,"column":8},"end":{"line":926,"column":9}},"loc":{"start":{"line":926,"column":103},"end":{"line":937,"column":9}},"line":926},"21":{"name":"(anonymous_21)","decl":{"start":{"line":928,"column":19},"end":{"line":928,"column":20}},"loc":{"start":{"line":928,"column":88},"end":{"line":936,"column":13}},"line":928},"22":{"name":"(anonymous_22)","decl":{"start":{"line":929,"column":95},"end":{"line":929,"column":96}},"loc":{"start":{"line":929,"column":109},"end":{"line":935,"column":17}},"line":929},"23":{"name":"(anonymous_23)","decl":{"start":{"line":945,"column":33},"end":{"line":945,"column":34}},"loc":{"start":{"line":945,"column":111},"end":{"line":957,"column":1}},"line":945},"24":{"name":"(anonymous_24)","decl":{"start":{"line":953,"column":8},"end":{"line":953,"column":9}},"loc":{"start":{"line":953,"column":45},"end":{"line":955,"column":9}},"line":953},"25":{"name":"(anonymous_25)","decl":{"start":{"line":973,"column":4},"end":{"line":973,"column":5}},"loc":{"start":{"line":973,"column":48},"end":{"line":975,"column":5}},"line":973},"26":{"name":"(anonymous_26)","decl":{"start":{"line":982,"column":43},"end":{"line":982,"column":44}},"loc":{"start":{"line":982,"column":84},"end":{"line":1133,"column":1}},"line":982},"27":{"name":"(anonymous_27)","decl":{"start":{"line":991,"column":8},"end":{"line":991,"column":9}},"loc":{"start":{"line":991,"column":84},"end":{"line":1012,"column":9}},"line":991},"28":{"name":"(anonymous_28)","decl":{"start":{"line":1019,"column":8},"end":{"line":1019,"column":9}},"loc":{"start":{"line":1019,"column":94},"end":{"line":1040,"column":9}},"line":1019},"29":{"name":"(anonymous_29)","decl":{"start":{"line":1047,"column":8},"end":{"line":1047,"column":9}},"loc":{"start":{"line":1047,"column":96},"end":{"line":1071,"column":9}},"line":1047},"30":{"name":"(anonymous_30)","decl":{"start":{"line":1079,"column":8},"end":{"line":1079,"column":9}},"loc":{"start":{"line":1079,"column":86},"end":{"line":1100,"column":9}},"line":1079},"31":{"name":"(anonymous_31)","decl":{"start":{"line":1107,"column":8},"end":{"line":1107,"column":9}},"loc":{"start":{"line":1107,"column":97},"end":{"line":1131,"column":9}},"line":1107},"32":{"name":"(anonymous_32)","decl":{"start":{"line":1139,"column":28},"end":{"line":1139,"column":29}},"loc":{"start":{"line":1139,"column":68},"end":{"line":1234,"column":1}},"line":1139},"33":{"name":"(anonymous_33)","decl":{"start":{"line":1148,"column":8},"end":{"line":1148,"column":9}},"loc":{"start":{"line":1148,"column":128},"end":{"line":1159,"column":9}},"line":1148},"34":{"name":"(anonymous_34)","decl":{"start":{"line":1150,"column":19},"end":{"line":1150,"column":20}},"loc":{"start":{"line":1150,"column":88},"end":{"line":1158,"column":13}},"line":1150},"35":{"name":"(anonymous_35)","decl":{"start":{"line":1151,"column":95},"end":{"line":1151,"column":96}},"loc":{"start":{"line":1151,"column":109},"end":{"line":1157,"column":17}},"line":1151},"36":{"name":"(anonymous_36)","decl":{"start":{"line":1166,"column":8},"end":{"line":1166,"column":9}},"loc":{"start":{"line":1166,"column":139},"end":{"line":1177,"column":9}},"line":1166},"37":{"name":"(anonymous_37)","decl":{"start":{"line":1168,"column":19},"end":{"line":1168,"column":20}},"loc":{"start":{"line":1168,"column":88},"end":{"line":1176,"column":13}},"line":1168},"38":{"name":"(anonymous_38)","decl":{"start":{"line":1169,"column":95},"end":{"line":1169,"column":96}},"loc":{"start":{"line":1169,"column":109},"end":{"line":1175,"column":17}},"line":1169},"39":{"name":"(anonymous_39)","decl":{"start":{"line":1184,"column":8},"end":{"line":1184,"column":9}},"loc":{"start":{"line":1184,"column":141},"end":{"line":1195,"column":9}},"line":1184},"40":{"name":"(anonymous_40)","decl":{"start":{"line":1186,"column":19},"end":{"line":1186,"column":20}},"loc":{"start":{"line":1186,"column":88},"end":{"line":1194,"column":13}},"line":1186},"41":{"name":"(anonymous_41)","decl":{"start":{"line":1187,"column":95},"end":{"line":1187,"column":96}},"loc":{"start":{"line":1187,"column":109},"end":{"line":1193,"column":17}},"line":1187},"42":{"name":"(anonymous_42)","decl":{"start":{"line":1203,"column":8},"end":{"line":1203,"column":9}},"loc":{"start":{"line":1203,"column":130},"end":{"line":1214,"column":9}},"line":1203},"43":{"name":"(anonymous_43)","decl":{"start":{"line":1205,"column":19},"end":{"line":1205,"column":20}},"loc":{"start":{"line":1205,"column":88},"end":{"line":1213,"column":13}},"line":1205},"44":{"name":"(anonymous_44)","decl":{"start":{"line":1206,"column":95},"end":{"line":1206,"column":96}},"loc":{"start":{"line":1206,"column":109},"end":{"line":1212,"column":17}},"line":1206},"45":{"name":"(anonymous_45)","decl":{"start":{"line":1221,"column":8},"end":{"line":1221,"column":9}},"loc":{"start":{"line":1221,"column":142},"end":{"line":1232,"column":9}},"line":1221},"46":{"name":"(anonymous_46)","decl":{"start":{"line":1223,"column":19},"end":{"line":1223,"column":20}},"loc":{"start":{"line":1223,"column":88},"end":{"line":1231,"column":13}},"line":1223},"47":{"name":"(anonymous_47)","decl":{"start":{"line":1224,"column":95},"end":{"line":1224,"column":96}},"loc":{"start":{"line":1224,"column":109},"end":{"line":1230,"column":17}},"line":1224},"48":{"name":"(anonymous_48)","decl":{"start":{"line":1240,"column":33},"end":{"line":1240,"column":34}},"loc":{"start":{"line":1240,"column":111},"end":{"line":1290,"column":1}},"line":1240},"49":{"name":"(anonymous_49)","decl":{"start":{"line":1249,"column":8},"end":{"line":1249,"column":9}},"loc":{"start":{"line":1249,"column":69},"end":{"line":1251,"column":9}},"line":1249},"50":{"name":"(anonymous_50)","decl":{"start":{"line":1258,"column":8},"end":{"line":1258,"column":9}},"loc":{"start":{"line":1258,"column":79},"end":{"line":1260,"column":9}},"line":1258},"51":{"name":"(anonymous_51)","decl":{"start":{"line":1267,"column":8},"end":{"line":1267,"column":9}},"loc":{"start":{"line":1267,"column":81},"end":{"line":1269,"column":9}},"line":1267},"52":{"name":"(anonymous_52)","decl":{"start":{"line":1277,"column":8},"end":{"line":1277,"column":9}},"loc":{"start":{"line":1277,"column":71},"end":{"line":1279,"column":9}},"line":1277},"53":{"name":"(anonymous_53)","decl":{"start":{"line":1286,"column":8},"end":{"line":1286,"column":9}},"loc":{"start":{"line":1286,"column":82},"end":{"line":1288,"column":9}},"line":1286},"54":{"name":"(anonymous_54)","decl":{"start":{"line":1307,"column":4},"end":{"line":1307,"column":5}},"loc":{"start":{"line":1307,"column":72},"end":{"line":1309,"column":5}},"line":1307},"55":{"name":"(anonymous_55)","decl":{"start":{"line":1318,"column":4},"end":{"line":1318,"column":5}},"loc":{"start":{"line":1318,"column":82},"end":{"line":1320,"column":5}},"line":1318},"56":{"name":"(anonymous_56)","decl":{"start":{"line":1329,"column":4},"end":{"line":1329,"column":5}},"loc":{"start":{"line":1329,"column":84},"end":{"line":1331,"column":5}},"line":1329},"57":{"name":"(anonymous_57)","decl":{"start":{"line":1341,"column":4},"end":{"line":1341,"column":5}},"loc":{"start":{"line":1341,"column":74},"end":{"line":1343,"column":5}},"line":1341},"58":{"name":"(anonymous_58)","decl":{"start":{"line":1352,"column":4},"end":{"line":1352,"column":5}},"loc":{"start":{"line":1352,"column":85},"end":{"line":1354,"column":5}},"line":1352},"59":{"name":"(anonymous_59)","decl":{"start":{"line":1361,"column":41},"end":{"line":1361,"column":42}},"loc":{"start":{"line":1361,"column":82},"end":{"line":1728,"column":1}},"line":1361},"60":{"name":"(anonymous_60)","decl":{"start":{"line":1370,"column":8},"end":{"line":1370,"column":9}},"loc":{"start":{"line":1370,"column":103},"end":{"line":1399,"column":9}},"line":1370},"61":{"name":"(anonymous_61)","decl":{"start":{"line":1406,"column":8},"end":{"line":1406,"column":9}},"loc":{"start":{"line":1406,"column":84},"end":{"line":1427,"column":9}},"line":1406},"62":{"name":"(anonymous_62)","decl":{"start":{"line":1434,"column":8},"end":{"line":1434,"column":9}},"loc":{"start":{"line":1434,"column":80},"end":{"line":1455,"column":9}},"line":1434},"63":{"name":"(anonymous_63)","decl":{"start":{"line":1462,"column":8},"end":{"line":1462,"column":9}},"loc":{"start":{"line":1462,"column":84},"end":{"line":1483,"column":9}},"line":1462},"64":{"name":"(anonymous_64)","decl":{"start":{"line":1491,"column":8},"end":{"line":1491,"column":9}},"loc":{"start":{"line":1491,"column":76},"end":{"line":1512,"column":9}},"line":1491},"65":{"name":"(anonymous_65)","decl":{"start":{"line":1519,"column":8},"end":{"line":1519,"column":9}},"loc":{"start":{"line":1519,"column":81},"end":{"line":1540,"column":9}},"line":1519},"66":{"name":"(anonymous_66)","decl":{"start":{"line":1547,"column":8},"end":{"line":1547,"column":9}},"loc":{"start":{"line":1547,"column":82},"end":{"line":1568,"column":9}},"line":1547},"67":{"name":"(anonymous_67)","decl":{"start":{"line":1575,"column":8},"end":{"line":1575,"column":9}},"loc":{"start":{"line":1575,"column":82},"end":{"line":1596,"column":9}},"line":1575},"68":{"name":"(anonymous_68)","decl":{"start":{"line":1603,"column":8},"end":{"line":1603,"column":9}},"loc":{"start":{"line":1603,"column":78},"end":{"line":1624,"column":9}},"line":1603},"69":{"name":"(anonymous_69)","decl":{"start":{"line":1631,"column":8},"end":{"line":1631,"column":9}},"loc":{"start":{"line":1631,"column":79},"end":{"line":1652,"column":9}},"line":1631},"70":{"name":"(anonymous_70)","decl":{"start":{"line":1660,"column":8},"end":{"line":1660,"column":9}},"loc":{"start":{"line":1660,"column":101},"end":{"line":1689,"column":9}},"line":1660},"71":{"name":"(anonymous_71)","decl":{"start":{"line":1697,"column":8},"end":{"line":1697,"column":9}},"loc":{"start":{"line":1697,"column":105},"end":{"line":1726,"column":9}},"line":1697},"72":{"name":"(anonymous_72)","decl":{"start":{"line":1734,"column":26},"end":{"line":1734,"column":27}},"loc":{"start":{"line":1734,"column":66},"end":{"line":1957,"column":1}},"line":1734},"73":{"name":"(anonymous_73)","decl":{"start":{"line":1743,"column":8},"end":{"line":1743,"column":9}},"loc":{"start":{"line":1743,"column":148},"end":{"line":1754,"column":9}},"line":1743},"74":{"name":"(anonymous_74)","decl":{"start":{"line":1745,"column":19},"end":{"line":1745,"column":20}},"loc":{"start":{"line":1745,"column":88},"end":{"line":1753,"column":13}},"line":1745},"75":{"name":"(anonymous_75)","decl":{"start":{"line":1746,"column":95},"end":{"line":1746,"column":96}},"loc":{"start":{"line":1746,"column":109},"end":{"line":1752,"column":17}},"line":1746},"76":{"name":"(anonymous_76)","decl":{"start":{"line":1761,"column":8},"end":{"line":1761,"column":9}},"loc":{"start":{"line":1761,"column":129},"end":{"line":1772,"column":9}},"line":1761},"77":{"name":"(anonymous_77)","decl":{"start":{"line":1763,"column":19},"end":{"line":1763,"column":20}},"loc":{"start":{"line":1763,"column":88},"end":{"line":1771,"column":13}},"line":1763},"78":{"name":"(anonymous_78)","decl":{"start":{"line":1764,"column":95},"end":{"line":1764,"column":96}},"loc":{"start":{"line":1764,"column":109},"end":{"line":1770,"column":17}},"line":1764},"79":{"name":"(anonymous_79)","decl":{"start":{"line":1779,"column":8},"end":{"line":1779,"column":9}},"loc":{"start":{"line":1779,"column":125},"end":{"line":1790,"column":9}},"line":1779},"80":{"name":"(anonymous_80)","decl":{"start":{"line":1781,"column":19},"end":{"line":1781,"column":20}},"loc":{"start":{"line":1781,"column":88},"end":{"line":1789,"column":13}},"line":1781},"81":{"name":"(anonymous_81)","decl":{"start":{"line":1782,"column":95},"end":{"line":1782,"column":96}},"loc":{"start":{"line":1782,"column":109},"end":{"line":1788,"column":17}},"line":1782},"82":{"name":"(anonymous_82)","decl":{"start":{"line":1797,"column":8},"end":{"line":1797,"column":9}},"loc":{"start":{"line":1797,"column":129},"end":{"line":1808,"column":9}},"line":1797},"83":{"name":"(anonymous_83)","decl":{"start":{"line":1799,"column":19},"end":{"line":1799,"column":20}},"loc":{"start":{"line":1799,"column":88},"end":{"line":1807,"column":13}},"line":1799},"84":{"name":"(anonymous_84)","decl":{"start":{"line":1800,"column":95},"end":{"line":1800,"column":96}},"loc":{"start":{"line":1800,"column":109},"end":{"line":1806,"column":17}},"line":1800},"85":{"name":"(anonymous_85)","decl":{"start":{"line":1816,"column":8},"end":{"line":1816,"column":9}},"loc":{"start":{"line":1816,"column":127},"end":{"line":1827,"column":9}},"line":1816},"86":{"name":"(anonymous_86)","decl":{"start":{"line":1818,"column":19},"end":{"line":1818,"column":20}},"loc":{"start":{"line":1818,"column":88},"end":{"line":1826,"column":13}},"line":1818},"87":{"name":"(anonymous_87)","decl":{"start":{"line":1819,"column":95},"end":{"line":1819,"column":96}},"loc":{"start":{"line":1819,"column":109},"end":{"line":1825,"column":17}},"line":1819},"88":{"name":"(anonymous_88)","decl":{"start":{"line":1834,"column":8},"end":{"line":1834,"column":9}},"loc":{"start":{"line":1834,"column":126},"end":{"line":1845,"column":9}},"line":1834},"89":{"name":"(anonymous_89)","decl":{"start":{"line":1836,"column":19},"end":{"line":1836,"column":20}},"loc":{"start":{"line":1836,"column":88},"end":{"line":1844,"column":13}},"line":1836},"90":{"name":"(anonymous_90)","decl":{"start":{"line":1837,"column":95},"end":{"line":1837,"column":96}},"loc":{"start":{"line":1837,"column":109},"end":{"line":1843,"column":17}},"line":1837},"91":{"name":"(anonymous_91)","decl":{"start":{"line":1852,"column":8},"end":{"line":1852,"column":9}},"loc":{"start":{"line":1852,"column":127},"end":{"line":1863,"column":9}},"line":1852},"92":{"name":"(anonymous_92)","decl":{"start":{"line":1854,"column":19},"end":{"line":1854,"column":20}},"loc":{"start":{"line":1854,"column":88},"end":{"line":1862,"column":13}},"line":1854},"93":{"name":"(anonymous_93)","decl":{"start":{"line":1855,"column":95},"end":{"line":1855,"column":96}},"loc":{"start":{"line":1855,"column":109},"end":{"line":1861,"column":17}},"line":1855},"94"
[...]
,"/home/jaden/University/Third Year/COS 301/Capstone/TuneIn/frontend/app/components/ToggleWidget.tsx": {"path":"/home/jaden/University/Third Year/COS 301/Capstone/TuneIn/frontend/app/components/ToggleWidget.tsx","statementMap":{"0":{"start":{"line":10,"column":54},"end":{"line":51,"column":1}},"1":{"start":{"line":11,"column":22},"end":{"line":11,"column":52}},"2":{"start":{"line":12,"column":22},"end":{"line":12,"column":40}},"3":{"start":{"line":14,"column":60},"end":{"line":14,"column":74}},"4":{"start":{"line":16,"column":23},"end":{"line":19,"column":3}},"5":{"start":{"line":17,"column":4},"end":{"line":17,"column":44}},"6":{"start":{"line":18,"column":4},"end":{"line":18,"column":29}},"7":{"start":{"line":21,"column":2},"end":{"line":50,"column":4}},"8":{"start":{"line":30,"column":25},"end":{"line":30,"column":43}},"9":{"start":{"line":42,"column":25},"end":{"line":42,"column":44}},"10":{"start":{"line":53,"column":15},"end":{"line":97,"column":2}}},"fnMap":{"0":{"name":"(anonymous_0)","decl":{"start":{"line":10,"column":54},"end":{"line":10,"column":55}},"loc":{"start":{"line":10,"column":100},"end":{"line":51,"column":1}},"line":10},"1":{"name":"(anonymous_1)","decl":{"start":{"line":16,"column":23},"end":{"line":16,"column":24}},"loc":{"start":{"line":16,"column":51},"end":{"line":19,"column":3}},"line":16},"2":{"name":"(anonymous_2)","decl":{"start":{"line":30,"column":19},"end":{"line":30,"column":20}},"loc":{"start":{"line":30,"column":25},"end":{"line":30,"column":43}},"line":30},"3":{"name":"(anonymous_3)","decl":{"start":{"line":42,"column":19},"end":{"line":42,"column":20}},"loc":{"start":{"line":42,"column":25},"end":{"line":42,"column":44}},"line":42}},"branchMap":{"0":{"loc":{"start":{"line":27,"column":12},"end":{"line":27,"column":58}},"type":"binary-expr","locations":[{"start":{"line":27,"column":12},"end":{"line":27,"column":33}},{"start":{"line":27,"column":37},"end":{"line":27,"column":58}}],"line":27},"1":{"loc":{"start":{"line":32,"column":43},"end":{"line":32,"column":110}},"type":"cond-expr","locations":[{"start":{"line":32,"column":67},"end":{"line":32,"column":86}},{"start":{"line":32,"column":89},"end":{"line":32,"column":110}}],"line":32},"2":{"loc":{"start":{"line":39,"column":12},"end":{"line":39,"column":59}},"type":"binary-expr","locations":[{"start":{"line":39,"column":12},"end":{"line":39,"column":34}},{"start":{"line":39,"column":38},"end":{"line":39,"column":59}}],"line":39},"3":{"loc":{"start":{"line":44,"column":43},"end":{"line":44,"column":111}},"type":"cond-expr","locations":[{"start":{"line":44,"column":68},"end":{"line":44,"column":87}},{"start":{"line":44,"column":90},"end":{"line":44,"column":111}}],"line":44}},"s":{"0":1,"1":0,"2":0,"3":0,"4":0,"5":0,"6":0,"7":0,"8":0,"9":0,"10":1},"f":{"0":0,"1":0,"2":0,"3":0},"b":{"0":[0,0],"1":[0,0],"2":[0,0],"3":[0,0]},"_coverageSchema":"1a1c01bbd47fc00a2c39e90264f33305004495a9","hash":"0685a7e5fbbd238e8976c5aade27e2177b730d91"}
,"/home/jaden/University/Third Year/COS 301/Capstone/TuneIn/frontend/app/screens/CreateRoom.tsx": {"path":"/home/jaden/University/Third Year/COS 301/Capstone/TuneIn/frontend/app/screens/CreateRoom.tsx","statementMap":{"0":{"start":{"line":8,"column":35},"end":{"line":187,"column":1}},"1":{"start":{"line":9,"column":17},"end":{"line":9,"column":28}},"2":{"start":{"line":10,"column":38},"end":{"line":10,"column":53}},"3":{"start":{"line":11,"column":34},"end":{"line":11,"column":46}},"4":{"start":{"line":12,"column":32},"end":{"line":15,"column":4}},"5":{"start":{"line":16,"column":26},"end":{"line":16,"column":46}},"6":{"start":{"line":17,"column":26},"end":{"line":17,"column":46}},"7":{"start":{"line":18,"column":46},"end":{"line":18,"column":61}},"8":{"start":{"line":19,"column":46},"end":{"line":19,"column":61}},"9":{"start":{"line":21,"column":29},"end":{"line":24,"column":3}},"10":{"start":{"line":22,"column":4},"end":{"line":22,"column":52}},"11":{"start":{"line":23,"column":4},"end":{"line":23,"column":94}},"12":{"start":{"line":26,"column":30},"end":{"line":29,"column":3}},"13":{"start":{"line":27,"column":4},"end":{"line":27,"column":51}},"14":{"start":{"line":28,"column":4},"end":{"line":28,"column":89}},"15":{"start":{"line":31,"column":32},"end":{"line":63,"column":3}},"16":{"start":{"line":32,"column":4},"end":{"line":32,"column":52}},"17":{"start":{"line":33,"column":4},"end":{"line":56,"column":5}},"18":{"start":{"line":34,"column":26},"end":{"line":34,"column":59}},"19":{"start":{"line":35,"column":26},"end":{"line":35,"column":54}},"20":{"start":{"line":36,"column":6},"end":{"line":36,"column":39}},"21":{"start":{"line":37,"column":22},"end":{"line":37,"column":119}},"22":{"start":{"line":39,"column":6},"end":{"line":47,"column":7}},"23":{"start":{"line":40,"column":8},"end":{"line":45,"column":10}},"24":{"start":{"line":46,"column":8},"end":{"line":46,"column":15}},"25":{"start":{"line":48,"column":6},"end":{"line":54,"column":8}},"26":{"start":{"line":55,"column":6},"end":{"line":55,"column":38}},"27":{"start":{"line":57,"column":4},"end":{"line":57,"column":41}},"28":{"start":{"line":58,"column":17},"end":{"line":58,"column":40}},"29":{"start":{"line":59,"column":4},"end":{"line":62,"column":7}},"30":{"start":{"line":65,"column":27},"end":{"line":71,"column":3}},"31":{"start":{"line":66,"column":24},"end":{"line":66,"column":44}},"32":{"start":{"line":67,"column":4},"end":{"line":67,"column":45}},"33":{"start":{"line":68,"column":4},"end":{"line":68,"column":25}},"34":{"start":{"line":69,"column":4},"end":{"line":69,"column":102}},"35":{"start":{"line":70,"column":4},"end":{"line":70,"column":42}},"36":{"start":{"line":73,"column":27},"end":{"line":78,"column":3}},"37":{"start":{"line":74,"column":24},"end":{"line":74,"column":44}},"38":{"start":{"line":75,"column":4},"end":{"line":75,"column":45}},"39":{"start":{"line":76,"column":4},"end":{"line":76,"column":25}},"40":{"start":{"line":77,"column":4},"end":{"line":77,"column":97}},"41":{"start":{"line":80,"column":2},"end":{"line":186,"column":4}},"42":{"start":{"line":88,"column":45},"end":{"line":88,"column":58}},"43":{"start":{"line":118,"column":49},"end":{"line":118,"column":72}},"44":{"start":{"line":140,"column":49},"end":{"line":140,"column":72}}},"fnMap":{"0":{"name":"(anonymous_0)","decl":{"start":{"line":8,"column":35},"end":{"line":8,"column":36}},"loc":{"start":{"line":8,"column":41},"end":{"line":187,"column":1}},"line":8},"1":{"name":"(anonymous_1)","decl":{"start":{"line":21,"column":29},"end":{"line":21,"column":30}},"loc":{"start":{"line":21,"column":65},"end":{"line":24,"column":3}},"line":21},"2":{"name":"(anonymous_2)","decl":{"start":{"line":26,"column":30},"end":{"line":26,"column":31}},"loc":{"start":{"line":26,"column":66},"end":{"line":29,"column":3}},"line":26},"3":{"name":"(anonymous_3)","decl":{"start":{"line":31,"column":32},"end":{"line":31,"column":33}},"loc":{"start":{"line":31,"column":38},"end":{"line":63,"column":3}},"line":31},"4":{"name":"(anonymous_4)","decl":{"start":{"line":65,"column":27},"end":{"line":65,"column":28}},"loc":{"start":{"line":65,"column":52},"end":{"line":71,"column":3}},"line":65},"5":{"name":"(anonymous_5)","decl":{"start":{"line":73,"column":27},"end":{"line":73,"column":28}},"loc":{"start":{"line":73,"column":52},"end":{"line":78,"column":3}},"line":73},"6":{"name":"(anonymous_6)","decl":{"start":{"line":88,"column":39},"end":{"line":88,"column":40}},"loc":{"start":{"line":88,"column":45},"end":{"line":88,"column":58}},"line":88},"7":{"name":"(anonymous_7)","decl":{"start":{"line":118,"column":43},"end":{"line":118,"column":44}},"loc":{"start":{"line":118,"column":49},"end":{"line":118,"column":72}},"line":118},"8":{"name":"(anonymous_8)","decl":{"start":{"line":140,"column":43},"end":{"line":140,"column":44}},"loc":{"start":{"line":140,"column":49},"end":{"line":140,"column":72}},"line":140}},"branchMap":{"0":{"loc":{"start":{"line":23,"column":16},"end":{"line":23,"column":83}},"type":"cond-expr","locations":[{"start":{"line":23,"column":40},"end":{"line":23,"column":60}},{"start":{"line":23,"column":63},"end":{"line":23,"column":83}}],"line":23},"1":{"loc":{"start":{"line":28,"column":16},"end":{"line":28,"column":78}},"type":"cond-expr","locations":[{"start":{"line":28,"column":40},"end":{"line":28,"column":57}},{"start":{"line":28,"column":60},"end":{"line":28,"column":78}}],"line":28},"2":{"loc":{"start":{"line":33,"column":4},"end":{"line":56,"column":5}},"type":"if","locations":[{"start":{"line":33,"column":4},"end":{"line":56,"column":5}},{"start":{},"end":{}}],"line":33},"3":{"loc":{"start":{"line":39,"column":6},"end":{"line":47,"column":7}},"type":"if","locations":[{"start":{"line":39,"column":6},"end":{"line":47,"column":7}},{"start":{},"end":{}}],"line":39},"4":{"loc":{"start":{"line":66,"column":24},"end":{"line":66,"column":44}},"type":"binary-expr","locations":[{"start":{"line":66,"column":24},"end":{"line":66,"column":36}},{"start":{"line":66,"column":40},"end":{"line":66,"column":44}}],"line":66},"5":{"loc":{"start":{"line":74,"column":24},"end":{"line":74,"column":44}},"type":"binary-expr","locations":[{"start":{"line":74,"column":24},"end":{"line":74,"column":36}},{"start":{"line":74,"column":40},"end":{"line":74,"column":44}}],"line":74},"6":{"loc":{"start":{"line":83,"column":16},"end":{"line":83,"column":60}},"type":"cond-expr","locations":[{"start":{"line":83,"column":40},"end":{"line":83,"column":49}},{"start":{"line":83,"column":52},"end":{"line":83,"column":60}}],"line":83},"7":{"loc":{"start":{"line":116,"column":13},"end":{"line":163,"column":13}},"type":"binary-expr","locations":[{"start":{"line":116,"column":13},"end":{"line":116,"column":23}},{"start":{"line":117,"column":14},"end":{"line":162,"column":21}}],"line":116},"8":{"loc":{"start":{"line":132,"column":17},"end":{"line":139,"column":17}},"type":"binary-expr","locations":[{"start":{"line":132,"column":17},"end":{"line":132,"column":31}},{"start":{"line":133,"column":18},"end":{"line":138,"column":20}}],"line":132},"9":{"loc":{"start":{"line":154,"column":17},"end":{"line":161,"column":17}},"type":"binary-expr","locations":[{"start":{"line":154,"column":17},"end":{"line":154,"column":31}},{"start":{"line":155,"column":18},"end":{"line":160,"column":20}}],"line":154}},"s":{"0":1,"1":2,"2":0,"3":0,"4":0,"5":0,"6":0,"7":0,"8":0,"9":0,"10":0,"11":0,"12":0,"13":0,"14":0,"15":0,"16":0,"17":0,"18":0,"19":0,"20":0,"21":0,"22":0,"23":0,"24":0,"25":0,"26":0,"27":0,"28":0,"29":0,"30":0,"31":0,"32":0,"33":0,"34":0,"35":0,"36":0,"37":0,"38":0,"39":0,"40":0,"41":0,"42":0,"43":0,"44":0},"f":{"0":2,"1":0,"2":0,"3":0,"4":0,"5":0,"6":0,"7":0,"8":0},"b":{"0":[0,0],"1":[0,0],"2":[0,0],"3":[0,0],"4":[0,0],"5":[0,0],"6":[0,0],"7":[0,0],"8":[0,0],"9":[0,0]},"_coverageSchema":"1a1c01bbd47fc00a2c39e90264f33305004495a9","hash":"ae45134bc11a43d647f13dc3582f667b4954eb45"}
,"/home/jaden/University/Third Year/COS 301/Capstone/TuneIn/frontend/app/screens/ProfilePage.tsx": {"path":"/home/jaden/University/Third Year/COS 301/Capstone/TuneIn/frontend/app/screens/ProfilePage.tsx","statementMap":{"0":{"start":{"line":23,"column":32},"end":{"line":285,"column":1}},"1":{"start":{"line":24,"column":17},"end":{"line":24,"column":44}},"2":{"start":{"line":25,"column":16},"end":{"line":25,"column":27}},"3":{"start":{"line":26,"column":51},"end":{"line":45,"column":3}},"4":{"start":{"line":46,"column":53},"end":{"line":46,"column":68}},"5":{"start":{"line":47,"column":55},"end":{"line":47,"column":70}},"6":{"start":{"line":48,"column":31},"end":{"line":48,"column":54}},"7":{"start":{"line":50,"column":28},"end":{"line":50,"column":57}},"8":{"start":{"line":52,"column":27},"end":{"line":65,"column":3}},"9":{"start":{"line":53,"column":4},"end":{"line":64,"column":5}},"10":{"start":{"line":54,"column":23},"end":{"line":58,"column":8}},"11":{"start":{"line":59,"column":6},"end":{"line":59,"column":28}},"12":{"start":{"line":60,"column":6},"end":{"line":60,"column":27}},"13":{"start":{"line":62,"column":6},"end":{"line":62,"column":59}},"14":{"start":{"line":63,"column":6},"end":{"line":63,"column":16}},"15":{"start":{"line":67,"column":40},"end":{"line":67,"column":59}},"16":{"start":{"line":69,"column":2},"end":{"line":86,"column":9}},"17":{"start":{"line":70,"column":28},"end":{"line":83,"column":5}},"18":{"start":{"line":71,"column":6},"end":{"line":82,"column":7}},"19":{"start":{"line":72,"column":28},"end":{"line":72,"column":63}},"20":{"start":{"line":73,"column":8},"end":{"line":73,"column":30}},"21":{"start":{"line":75,"column":8},"end":{"line":79,"column":9}},"22":{"start":{"line":76,"column":23},"end":{"line":76,"column":58}},"23":{"start":{"line":77,"column":10},"end":{"line":77,"column":31}},"24":{"start":{"line":78,"column":10},"end":{"line":78,"column":28}},"25":{"start":{"line":81,"column":8},"end":{"line":81,"column":58}},"26":{"start":{"line":85,"column":4},"end":{"line":85,"column":22}},"27":{"start":{"line":88,"column":22},"end":{"line":112,"column":3}},"28":{"start":{"line":89,"column":4},"end":{"line":111,"column":5}},"29":{"start":{"line":90,"column":24},"end":{"line":90,"column":55}},"30":{"start":{"line":91,"column":29},"end":{"line":91,"column":56}},"31":{"start":{"line":93,"column":6},"end":{"line":100,"column":8}},"32":{"start":{"line":101,"column":11},"end":{"line":111,"column":5}},"33":{"start":{"line":102,"column":6},"end":{"line":108,"column":8}},"34":{"start":{"line":110,"column":6},"end":{"line":110,"column":18}},"35":{"start":{"line":114,"column":25},"end":{"line":133,"column":3}},"36":{"start":{"line":115,"column":4},"end":{"line":132,"column":5}},"37":{"start":{"line":116,"column":6},"end":{"line":131,"column":8}},"38":{"start":{"line":121,"column":14},"end":{"line":127,"column":16}},"39":{"start":{"line":135,"column":28},"end":{"line":155,"column":3}},"40":{"start":{"line":136,"column":4},"end":{"line":154,"column":5}},"41":{"start":{"line":137,"column":6},"end":{"line":137,"column":77}},"42":{"start":{"line":138,"column":6},"end":{"line":153,"column":8}},"43":{"start":{"line":143,"column":14},"end":{"line":149,"column":16}},"44":{"start":{"line":157,"column":1},"end":{"line":163,"column":2}},"45":{"start":{"line":158,"column":2},"end":{"line":162,"column":4}},"46":{"start":{"line":165,"column":22},"end":{"line":173,"column":3}},"47":{"start":{"line":175,"column":1},"end":{"line":284,"column":3}},"48":{"start":{"line":223,"column":6},"end":{"line":223,"column":33}},"49":{"start":{"line":231,"column":6},"end":{"line":231,"column":34}},"50":{"start":{"line":241,"column":7},"end":{"line":244,"column":9}},"51":{"start":{"line":266,"column":6},"end":{"line":273,"column":8}},"52":{"start":{"line":272,"column":22},"end":{"line":272,"column":49}},"53":{"start":{"line":277,"column":21},"end":{"line":277,"column":49}},"54":{"start":{"line":287,"column":15},"end":{"line":309,"column":2}}},"fnMap":{"0":{"name":"(anonymous_0)","decl":{"start":{"line":23,"column":32},"end":{"line":23,"column":33}},"loc":{"start":{"line":23,"column":38},"end":{"line":285,"column":1}},"line":23},"1":{"name":"(anonymous_1)","decl":{"start":{"line":52,"column":27},"end":{"line":52,"column":28}},"loc":{"start":{"line":52,"column":59},"end":{"line":65,"column":3}},"line":52},"2":{"name":"(anonymous_2)","decl":{"start":{"line":69,"column":12},"end":{"line":69,"column":13}},"loc":{"start":{"line":69,"column":18},"end":{"line":86,"column":3}},"line":69},"3":{"name":"(anonymous_3)","decl":{"start":{"line":70,"column":28},"end":{"line":70,"column":29}},"loc":{"start":{"line":70,"column":40},"end":{"line":83,"column":5}},"line":70},"4":{"name":"(anonymous_4)","decl":{"start":{"line":88,"column":22},"end":{"line":88,"column":23}},"loc":{"start":{"line":88,"column":28},"end":{"line":112,"column":3}},"line":88},"5":{"name":"(anonymous_5)","decl":{"start":{"line":114,"column":25},"end":{"line":114,"column":26}},"loc":{"start":{"line":114,"column":31},"end":{"line":133,"column":3}},"line":114},"6":{"name":"(anonymous_6)","decl":{"start":{"line":120,"column":56},"end":{"line":120,"column":57}},"loc":{"start":{"line":121,"column":14},"end":{"line":127,"column":16}},"line":121},"7":{"name":"(anonymous_7)","decl":{"start":{"line":135,"column":28},"end":{"line":135,"column":29}},"loc":{"start":{"line":135,"column":34},"end":{"line":155,"column":3}},"line":135},"8":{"name":"(anonymous_8)","decl":{"start":{"line":142,"column":59},"end":{"line":142,"column":60}},"loc":{"start":{"line":143,"column":14},"end":{"line":149,"column":16}},"line":143},"9":{"name":"(anonymous_9)","decl":{"start":{"line":222,"column":14},"end":{"line":222,"column":15}},"loc":{"start":{"line":222,"column":20},"end":{"line":224,"column":6}},"line":222},"10":{"name":"(anonymous_10)","decl":{"start":{"line":230,"column":14},"end":{"line":230,"column":15}},"loc":{"start":{"line":230,"column":20},"end":{"line":232,"column":6}},"line":230},"11":{"name":"(anonymous_11)","decl":{"start":{"line":240,"column":15},"end":{"line":240,"column":16}},"loc":{"start":{"line":241,"column":7},"end":{"line":244,"column":9}},"line":241},"12":{"name":"(anonymous_12)","decl":{"start":{"line":265,"column":49},"end":{"line":265,"column":50}},"loc":{"start":{"line":266,"column":6},"end":{"line":273,"column":8}},"line":266},"13":{"name":"(anonymous_13)","decl":{"start":{"line":272,"column":16},"end":{"line":272,"column":17}},"loc":{"start":{"line":272,"column":22},"end":{"line":272,"column":49}},"line":272},"14":{"name":"(anonymous_14)","decl":{"start":{"line":277,"column":15},"end":{"line":277,"column":16}},"loc":{"start":{"line":277,"column":21},"end":{"line":277,"column":49}},"line":277}},"branchMap":{"0":{"loc":{"start":{"line":75,"column":8},"end":{"line":79,"column":9}},"type":"if","locations":[{"start":{"line":75,"column":8},"end":{"line":79,"column":9}},{"start":{},"end":{}}],"line":75},"1":{"loc":{"start":{"line":89,"column":4},"end":{"line":111,"column":5}},"type":"if","locations":[{"start":{"line":89,"column":4},"end":{"line":111,"column":5}},{"start":{"line":101,"column":11},"end":{"line":111,"column":5}}],"line":89},"2":{"loc":{"start":{"line":97,"column":13},"end":{"line":97,"column":42}},"type":"cond-expr","locations":[{"start":{"line":97,"column":34},"end":{"line":97,"column":37}},{"start":{"line":97,"column":40},"end":{"line":97,"column":42}}],"line":97},"3":{"loc":{"start":{"line":101,"column":11},"end":{"line":111,"column":5}},"type":"if","locations":[{"start":{"line":101,"column":11},"end":{"line":111,"column":5}},{"start":{"line":109,"column":11},"end":{"line":111,"column":5}}],"line":101},"4":{"loc":{"start":{"line":115,"column":4},"end":{"line":132,"column":5}},"type":"if","locations":[{"start":{"line":115,"column":4},"end":{"line":132,"column":5}},{"start":{},"end":{}}],"line":115},"5":{"loc":{"start":{"line":136,"column":4},"end":{"line":154,"column":5}},"type":"if","locations":[{"start":{"line":136,"column":4},"end":{"line":154,"column":5}},{"start":{},"end":{}}],"line":136},"6":{"loc":{"start":{"line":157,"column":1},"end":{"line":163,"column":2}},"type":"if","locations":[{"start":{"line":157,"column":1},"end":{"line":163,"column":2}},{"start":{},"end":{}}],"line":157}},"s":{"0":1,"1":29,"2":29,"3":28,"4":28,"5":28,"6":28,"7":28,"8":28,"9":5,"10":5,"11":5,"12":5,"13":0,"14":0,"15":28,"16":28,"17":9,"18":9,"19":9,"20":9,"21":9,"22":5,"23":5,"24":5,"25":0,"26":9,"27":28,"28":5,"29":1,"30":1,"31":1,"32":4,"33":3,"34":1,"35":28,"36":5,"37":1,"38":2,"39":28,"40":5,"41":1,"42":1,"43":2,"44":28,"45":23,"46":5,"47":5,"48":0,"49":0,"50":0,"51":0,"52":0,"53":0,"54":1},"f":{"0":29,"1":5,"2":9,"3":9,"4":5,"5":5,"6":2,"7":5,"8":2,"9":0,"10":0,"11":0,"12":0,"13":0,"14":0},"b":{"0":[5,4],"1":[1,4],"2":[1,0],"3":[3,1],"4":[1,4],"5":[1,4],"6":[23,5]},"_coverageSchema":"1a1c01bbd47fc00a2c39e90264f33305004495a9","hash":"82151718ca3c9144c05080b57f37168744990211"}
}
