TN:
SF:api-client/api.ts
FN:59,(anonymous_0)
FN:75,(anonymous_1)
FN:705,(anonymous_2)
FN:714,(anonymous_3)
FN:746,(anonymous_4)
FN:778,(anonymous_5)
FN:787,(anonymous_6)
FN:789,(anonymous_7)
FN:790,(anonymous_8)
FN:806,(anonymous_9)
FN:808,(anonymous_10)
FN:809,(anonymous_11)
FN:825,(anonymous_12)
FN:834,(anonymous_13)
FN:844,(anonymous_14)
FN:865,(anonymous_15)
FN:877,(anonymous_16)
FN:886,(anonymous_17)
FN:894,(anonymous_18)
FN:918,(anonymous_19)
FN:926,(anonymous_20)
FN:928,(anonymous_21)
FN:929,(anonymous_22)
FN:945,(anonymous_23)
FN:953,(anonymous_24)
FN:973,(anonymous_25)
FN:982,(anonymous_26)
FN:991,(anonymous_27)
FN:1019,(anonymous_28)
FN:1047,(anonymous_29)
FN:1079,(anonymous_30)
FN:1107,(anonymous_31)
FN:1139,(anonymous_32)
FN:1148,(anonymous_33)
FN:1150,(anonymous_34)
FN:1151,(anonymous_35)
FN:1166,(anonymous_36)
FN:1168,(anonymous_37)
FN:1169,(anonymous_38)
FN:1184,(anonymous_39)
FN:1186,(anonymous_40)
FN:1187,(anonymous_41)
FN:1203,(anonymous_42)
FN:1205,(anonymous_43)
FN:1206,(anonymous_44)
FN:1221,(anonymous_45)
FN:1223,(anonymous_46)
FN:1224,(anonymous_47)
FN:1240,(anonymous_48)
FN:1249,(anonymous_49)
FN:1258,(anonymous_50)
FN:1267,(anonymous_51)
FN:1277,(anonymous_52)
FN:1286,(anonymous_53)
FN:1307,(anonymous_54)
FN:1318,(anonymous_55)
FN:1329,(anonymous_56)
FN:1341,(anonymous_57)
FN:1352,(anonymous_58)
FN:1361,(anonymous_59)
FN:1370,(anonymous_60)
FN:1406,(anonymous_61)
FN:1434,(anonymous_62)
FN:1462,(anonymous_63)
FN:1491,(anonymous_64)
FN:1519,(anonymous_65)
FN:1547,(anonymous_66)
FN:1575,(anonymous_67)
FN:1603,(anonymous_68)
FN:1631,(anonymous_69)
FN:1660,(anonymous_70)
FN:1697,(anonymous_71)
FN:1734,(anonymous_72)
FN:1743,(anonymous_73)
FN:1745,(anonymous_74)
FN:1746,(anonymous_75)
FN:1761,(anonymous_76)
FN:1763,(anonymous_77)
FN:1764,(anonymous_78)
FN:1779,(anonymous_79)
FN:1781,(anonymous_80)
FN:1782,(anonymous_81)
FN:1797,(anonymous_82)
FN:1799,(anonymous_83)
FN:1800,(anonymous_84)
FN:1816,(anonymous_85)
FN:1818,(anonymous_86)
FN:1819,(anonymous_87)
FN:1834,(anonymous_88)
FN:1836,(anonymous_89)
FN:1837,(anonymous_90)
FN:1852,(anonymous_91)
FN:1854,(anonymous_92)
FN:1855,(anonymous_93)
FN:1870,(anonymous_94)
FN:1872,(anonymous_95)
FN:1873,(anonymous_96)
FN:1888,(anonymous_97)
FN:1890,(anonymous_98)
FN:1891,(anonymous_99)
FN:1906,(anonymous_100)
FN:1908,(anonymous_101)
FN:1909,(anonymous_102)
FN:1925,(anonymous_103)
FN:1927,(anonymous_104)
FN:1928,(anonymous_105)
FN:1944,(anonymous_106)
FN:1946,(anonymous_107)
FN:1947,(anonymous_108)
FN:1963,(anonymous_109)
FN:1972,(anonymous_110)
FN:1981,(anonymous_111)
FN:1990,(anonymous_112)
FN:1999,(anonymous_113)
FN:2009,(anonymous_114)
FN:2018,(anonymous_115)
FN:2027,(anonymous_116)
FN:2036,(anonymous_117)
FN:2045,(anonymous_118)
FN:2054,(anonymous_119)
FN:2064,(anonymous_120)
FN:2074,(anonymous_121)
FN:2095,(anonymous_122)
FN:2106,(anonymous_123)
FN:2117,(anonymous_124)
FN:2128,(anonymous_125)
FN:2140,(anonymous_126)
FN:2151,(anonymous_127)
FN:2162,(anonymous_128)
FN:2173,(anonymous_129)
FN:2184,(anonymous_130)
FN:2195,(anonymous_131)
FN:2207,(anonymous_132)
FN:2219,(anonymous_133)
FN:2228,(anonymous_134)
FN:2238,(anonymous_135)
FN:2276,(anonymous_136)
FN:2313,(anonymous_137)
FN:2342,(anonymous_138)
FN:2371,(anonymous_139)
FN:2400,(anonymous_140)
FN:2429,(anonymous_141)
FN:2458,(anonymous_142)
FN:2487,(anonymous_143)
FN:2516,(anonymous_144)
FN:2545,(anonymous_145)
FN:2574,(anonymous_146)
FN:2601,(anonymous_147)
FN:2623,(anonymous_148)
FN:2647,(anonymous_149)
FN:2676,(anonymous_150)
FN:2704,(anonymous_151)
FN:2735,(anonymous_152)
FN:2766,(anonymous_153)
FN:2797,(anonymous_154)
FN:2829,(anonymous_155)
FN:2839,(anonymous_156)
FN:2841,(anonymous_157)
FN:2842,(anonymous_158)
FN:2859,(anonymous_159)
FN:2861,(anonymous_160)
FN:2862,(anonymous_161)
FN:2878,(anonymous_162)
FN:2880,(anonymous_163)
FN:2881,(anonymous_164)
FN:2897,(anonymous_165)
FN:2899,(anonymous_166)
FN:2900,(anonymous_167)
FN:2916,(anonymous_168)
FN:2918,(anonymous_169)
FN:2919,(anonymous_170)
FN:2935,(anonymous_171)
FN:2937,(anonymous_172)
FN:2938,(anonymous_173)
FN:2954,(anonymous_174)
FN:2956,(anonymous_175)
FN:2957,(anonymous_176)
FN:2973,(anonymous_177)
FN:2975,(anonymous_178)
FN:2976,(anonymous_179)
FN:2992,(anonymous_180)
FN:2994,(anonymous_181)
FN:2995,(anonymous_182)
FN:3011,(anonymous_183)
FN:3013,(anonymous_184)
FN:3014,(anonymous_185)
FN:3030,(anonymous_186)
FN:3032,(anonymous_187)
FN:3033,(anonymous_188)
FN:3049,(anonymous_189)
FN:3051,(anonymous_190)
FN:3052,(anonymous_191)
FN:3066,(anonymous_192)
FN:3068,(anonymous_193)
FN:3069,(anonymous_194)
FN:3083,(anonymous_195)
FN:3085,(anonymous_196)
FN:3086,(anonymous_197)
FN:3102,(anonymous_198)
FN:3104,(anonymous_199)
FN:3105,(anonymous_200)
FN:3121,(anonymous_201)
FN:3123,(anonymous_202)
FN:3124,(anonymous_203)
FN:3139,(anonymous_204)
FN:3141,(anonymous_205)
FN:3142,(anonymous_206)
FN:3157,(anonymous_207)
FN:3159,(anonymous_208)
FN:3160,(anonymous_209)
FN:3175,(anonymous_210)
FN:3177,(anonymous_211)
FN:3178,(anonymous_212)
FN:3193,(anonymous_213)
FN:3195,(anonymous_214)
FN:3196,(anonymous_215)
FN:3212,(anonymous_216)
FN:3222,(anonymous_217)
FN:3233,(anonymous_218)
FN:3243,(anonymous_219)
FN:3253,(anonymous_220)
FN:3263,(anonymous_221)
FN:3273,(anonymous_222)
FN:3283,(anonymous_223)
FN:3293,(anonymous_224)
FN:3303,(anonymous_225)
FN:3313,(anonymous_226)
FN:3323,(anonymous_227)
FN:3333,(anonymous_228)
FN:3341,(anonymous_229)
FN:3349,(anonymous_230)
FN:3359,(anonymous_231)
FN:3369,(anonymous_232)
FN:3378,(anonymous_233)
FN:3387,(anonymous_234)
FN:3396,(anonymous_235)
FN:3405,(anonymous_236)
FN:3427,(anonymous_237)
FN:3440,(anonymous_238)
FN:3452,(anonymous_239)
FN:3464,(anonymous_240)
FN:3476,(anonymous_241)
FN:3488,(anonymous_242)
FN:3500,(anonymous_243)
FN:3512,(anonymous_244)
FN:3524,(anonymous_245)
FN:3536,(anonymous_246)
FN:3548,(anonymous_247)
FN:3560,(anonymous_248)
FN:3570,(anonymous_249)
FN:3580,(anonymous_250)
FN:3592,(anonymous_251)
FN:3604,(anonymous_252)
FN:3615,(anonymous_253)
FN:3626,(anonymous_254)
FN:3637,(anonymous_255)
FN:3648,(anonymous_256)
FNF:257
FNH:115
FNDA:40,(anonymous_0)
FNDA:17,(anonymous_1)
FNDA:2,(anonymous_2)
FNDA:1,(anonymous_3)
FNDA:1,(anonymous_4)
FNDA:2,(anonymous_5)
FNDA:1,(anonymous_6)
FNDA:0,(anonymous_7)
FNDA:0,(anonymous_8)
FNDA:1,(anonymous_9)
FNDA:0,(anonymous_10)
FNDA:0,(anonymous_11)
FNDA:0,(anonymous_12)
FNDA:0,(anonymous_13)
FNDA:0,(anonymous_14)
FNDA:1,(anonymous_15)
FNDA:1,(anonymous_16)
FNDA:1,(anonymous_17)
FNDA:1,(anonymous_18)
FNDA:1,(anonymous_19)
FNDA:1,(anonymous_20)
FNDA:1,(anonymous_21)
FNDA:0,(anonymous_22)
FNDA:0,(anonymous_23)
FNDA:0,(anonymous_24)
FNDA:1,(anonymous_25)
FNDA:5,(anonymous_26)
FNDA:1,(anonymous_27)
FNDA:1,(anonymous_28)
FNDA:1,(anonymous_29)
FNDA:1,(anonymous_30)
FNDA:1,(anonymous_31)
FNDA:5,(anonymous_32)
FNDA:1,(anonymous_33)
FNDA:1,(anonymous_34)
FNDA:0,(anonymous_35)
FNDA:1,(anonymous_36)
FNDA:1,(anonymous_37)
FNDA:0,(anonymous_38)
FNDA:1,(anonymous_39)
FNDA:0,(anonymous_40)
FNDA:0,(anonymous_41)
FNDA:1,(anonymous_42)
FNDA:1,(anonymous_43)
FNDA:0,(anonymous_44)
FNDA:1,(anonymous_45)
FNDA:0,(anonymous_46)
FNDA:0,(anonymous_47)
FNDA:0,(anonymous_48)
FNDA:0,(anonymous_49)
FNDA:0,(anonymous_50)
FNDA:0,(anonymous_51)
FNDA:0,(anonymous_52)
FNDA:0,(anonymous_53)
FNDA:1,(anonymous_54)
FNDA:1,(anonymous_55)
FNDA:1,(anonymous_56)
FNDA:1,(anonymous_57)
FNDA:1,(anonymous_58)
FNDA:12,(anonymous_59)
FNDA:1,(anonymous_60)
FNDA:1,(anonymous_61)
FNDA:1,(anonymous_62)
FNDA:1,(anonymous_63)
FNDA:1,(anonymous_64)
FNDA:1,(anonymous_65)
FNDA:1,(anonymous_66)
FNDA:1,(anonymous_67)
FNDA:1,(anonymous_68)
FNDA:1,(anonymous_69)
FNDA:1,(anonymous_70)
FNDA:1,(anonymous_71)
FNDA:12,(anonymous_72)
FNDA:1,(anonymous_73)
FNDA:0,(anonymous_74)
FNDA:0,(anonymous_75)
FNDA:1,(anonymous_76)
FNDA:1,(anonymous_77)
FNDA:0,(anonymous_78)
FNDA:1,(anonymous_79)
FNDA:1,(anonymous_80)
FNDA:0,(anonymous_81)
FNDA:1,(anonymous_82)
FNDA:1,(anonymous_83)
FNDA:0,(anonymous_84)
FNDA:1,(anonymous_85)
FNDA:0,(anonymous_86)
FNDA:0,(anonymous_87)
FNDA:1,(anonymous_88)
FNDA:1,(anonymous_89)
FNDA:0,(anonymous_90)
FNDA:1,(anonymous_91)
FNDA:1,(anonymous_92)
FNDA:0,(anonymous_93)
FNDA:1,(anonymous_94)
FNDA:1,(anonymous_95)
FNDA:0,(anonymous_96)
FNDA:1,(anonymous_97)
FNDA:1,(anonymous_98)
FNDA:0,(anonymous_99)
FNDA:1,(anonymous_100)
FNDA:1,(anonymous_101)
FNDA:0,(anonymous_102)
FNDA:1,(anonymous_103)
FNDA:0,(anonymous_104)
FNDA:0,(anonymous_105)
FNDA:1,(anonymous_106)
FNDA:0,(anonymous_107)
FNDA:0,(anonymous_108)
FNDA:0,(anonymous_109)
FNDA:0,(anonymous_110)
FNDA:0,(anonymous_111)
FNDA:0,(anonymous_112)
FNDA:0,(anonymous_113)
FNDA:0,(anonymous_114)
FNDA:0,(anonymous_115)
FNDA:0,(anonymous_116)
FNDA:0,(anonymous_117)
FNDA:0,(anonymous_118)
FNDA:0,(anonymous_119)
FNDA:0,(anonymous_120)
FNDA:0,(anonymous_121)
FNDA:1,(anonymous_122)
FNDA:1,(anonymous_123)
FNDA:1,(anonymous_124)
FNDA:1,(anonymous_125)
FNDA:1,(anonymous_126)
FNDA:1,(anonymous_127)
FNDA:1,(anonymous_128)
FNDA:1,(anonymous_129)
FNDA:1,(anonymous_130)
FNDA:1,(anonymous_131)
FNDA:1,(anonymous_132)
FNDA:1,(anonymous_133)
FNDA:10,(anonymous_134)
FNDA:1,(anonymous_135)
FNDA:0,(anonymous_136)
FNDA:1,(anonymous_137)
FNDA:0,(anonymous_138)
FNDA:1,(anonymous_139)
FNDA:0,(anonymous_140)
FNDA:1,(anonymous_141)
FNDA:0,(anonymous_142)
FNDA:1,(anonymous_143)
FNDA:0,(anonymous_144)
FNDA:1,(anonymous_145)
FNDA:0,(anonymous_146)
FNDA:1,(anonymous_147)
FNDA:0,(anonymous_148)
FNDA:1,(anonymous_149)
FNDA:0,(anonymous_150)
FNDA:1,(anonymous_151)
FNDA:0,(anonymous_152)
FNDA:1,(anonymous_153)
FNDA:0,(anonymous_154)
FNDA:10,(anonymous_155)
FNDA:1,(anonymous_156)
FNDA:0,(anonymous_157)
FNDA:0,(anonymous_158)
FNDA:0,(anonymous_159)
FNDA:0,(anonymous_160)
FNDA:0,(anonymous_161)
FNDA:1,(anonymous_162)
FNDA:0,(anonymous_163)
FNDA:0,(anonymous_164)
FNDA:0,(anonymous_165)
FNDA:0,(anonymous_166)
FNDA:0,(anonymous_167)
FNDA:1,(anonymous_168)
FNDA:0,(anonymous_169)
FNDA:0,(anonymous_170)
FNDA:0,(anonymous_171)
FNDA:0,(anonymous_172)
FNDA:0,(anonymous_173)
FNDA:1,(anonymous_174)
FNDA:0,(anonymous_175)
FNDA:0,(anonymous_176)
FNDA:0,(anonymous_177)
FNDA:0,(anonymous_178)
FNDA:0,(anonymous_179)
FNDA:1,(anonymous_180)
FNDA:0,(anonymous_181)
FNDA:0,(anonymous_182)
FNDA:0,(anonymous_183)
FNDA:0,(anonymous_184)
FNDA:0,(anonymous_185)
FNDA:1,(anonymous_186)
FNDA:0,(anonymous_187)
FNDA:0,(anonymous_188)
FNDA:0,(anonymous_189)
FNDA:0,(anonymous_190)
FNDA:0,(anonymous_191)
FNDA:1,(anonymous_192)
FNDA:1,(anonymous_193)
FNDA:0,(anonymous_194)
FNDA:0,(anonymous_195)
FNDA:0,(anonymous_196)
FNDA:0,(anonymous_197)
FNDA:1,(anonymous_198)
FNDA:0,(anonymous_199)
FNDA:0,(anonymous_200)
FNDA:0,(anonymous_201)
FNDA:0,(anonymous_202)
FNDA:0,(anonymous_203)
FNDA:1,(anonymous_204)
FNDA:0,(anonymous_205)
FNDA:0,(anonymous_206)
FNDA:0,(anonymous_207)
FNDA:0,(anonymous_208)
FNDA:0,(anonymous_209)
FNDA:1,(anonymous_210)
FNDA:0,(anonymous_211)
FNDA:0,(anonymous_212)
FNDA:0,(anonymous_213)
FNDA:0,(anonymous_214)
FNDA:0,(anonymous_215)
FNDA:0,(anonymous_216)
FNDA:0,(anonymous_217)
FNDA:0,(anonymous_218)
FNDA:0,(anonymous_219)
FNDA:0,(anonymous_220)
FNDA:0,(anonymous_221)
FNDA:0,(anonymous_222)
FNDA:0,(anonymous_223)
FNDA:0,(anonymous_224)
FNDA:0,(anonymous_225)
FNDA:0,(anonymous_226)
FNDA:0,(anonymous_227)
FNDA:0,(anonymous_228)
FNDA:0,(anonymous_229)
FNDA:0,(anonymous_230)
FNDA:0,(anonymous_231)
FNDA:0,(anonymous_232)
FNDA:0,(anonymous_233)
FNDA:0,(anonymous_234)
FNDA:0,(anonymous_235)
FNDA:0,(anonymous_236)
FNDA:1,(anonymous_237)
FNDA:0,(anonymous_238)
FNDA:1,(anonymous_239)
FNDA:0,(anonymous_240)
FNDA:1,(anonymous_241)
FNDA:0,(anonymous_242)
FNDA:1,(anonymous_243)
FNDA:0,(anonymous_244)
FNDA:1,(anonymous_245)
FNDA:0,(anonymous_246)
FNDA:1,(anonymous_247)
FNDA:0,(anonymous_248)
FNDA:1,(anonymous_249)
FNDA:0,(anonymous_250)
FNDA:1,(anonymous_251)
FNDA:0,(anonymous_252)
FNDA:1,(anonymous_253)
FNDA:0,(anonymous_254)
FNDA:1,(anonymous_255)
FNDA:0,(anonymous_256)
DA:19,1
DA:25,1
DA:60,40
DA:61,40
DA:62,40
DA:74,17
DA:76,17
DA:705,1
DA:706,2
DA:716,1
DA:717,1
DA:719,0
DA:720,0
DA:721,0
DA:722,0
DA:723,0
DA:725,0
DA:727,0
DA:729,0
DA:730,0
DA:731,0
DA:732,0
DA:734,0
DA:748,1
DA:749,1
DA:751,0
DA:752,0
DA:753,0
DA:754,0
DA:755,0
DA:757,0
DA:759,0
DA:761,0
DA:762,0
DA:763,0
DA:764,0
DA:766,0
DA:778,1
DA:779,2
DA:788,1
DA:789,0
DA:790,0
DA:791,0
DA:792,0
DA:794,0
DA:807,1
DA:808,0
DA:809,0
DA:810,0
DA:811,0
DA:813,0
DA:825,1
DA:826,0
DA:835,0
DA:845,0
DA:866,1
DA:878,1
DA:886,1
DA:887,1
DA:895,1
DA:896,1
DA:897,1
DA:898,1
DA:899,1
DA:901,1
DA:903,1
DA:904,1
DA:906,1
DA:918,1
DA:919,1
DA:927,1
DA:928,1
DA:929,1
DA:930,0
DA:931,0
DA:933,0
DA:945,1
DA:946,0
DA:954,0
DA:974,1
DA:982,1
DA:983,5
DA:993,1
DA:994,0
DA:996,1
DA:998,1
DA:999,1
DA:1000,1
DA:1001,1
DA:1003,1
DA:1005,1
DA:1006,1
DA:1008,1
DA:1021,1
DA:1022,0
DA:1024,1
DA:1026,1
DA:1027,1
DA:1028,1
DA:1029,1
DA:1031,1
DA:1033,1
DA:1034,1
DA:1036,1
DA:1049,1
DA:1050,1
DA:1052,0
DA:1053,0
DA:1054,0
DA:1055,0
DA:1056,0
DA:1058,0
DA:1060,0
DA:1062,0
DA:1063,0
DA:1064,0
DA:1065,0
DA:1067,0
DA:1081,1
DA:1082,0
DA:1084,1
DA:1086,1
DA:1087,1
DA:1088,1
DA:1089,1
DA:1091,1
DA:1093,1
DA:1094,1
DA:1096,1
DA:1109,1
DA:1110,1
DA:1112,0
DA:1113,0
DA:1114,0
DA:1115,0
DA:1116,0
DA:1118,0
DA:1120,0
DA:1122,0
DA:1123,0
DA:1124,0
DA:1125,0
DA:1127,0
DA:1139,1
DA:1140,5
DA:1149,1
DA:1150,1
DA:1151,1
DA:1152,0
DA:1153,0
DA:1155,0
DA:1167,1
DA:1168,1
DA:1169,1
DA:1170,0
DA:1171,0
DA:1173,0
DA:1185,1
DA:1186,0
DA:1187,0
DA:1188,0
DA:1189,0
DA:1191,0
DA:1204,1
DA:1205,1
DA:1206,1
DA:1207,0
DA:1208,0
DA:1210,0
DA:1222,1
DA:1223,0
DA:1224,0
DA:1225,0
DA:1226,0
DA:1228,0
DA:1240,1
DA:1241,0
DA:1250,0
DA:1259,0
DA:1268,0
DA:1278,0
DA:1287,0
DA:1308,1
DA:1319,1
DA:1330,1
DA:1342,1
DA:1353,1
DA:1361,1
DA:1362,12
DA:1372,1
DA:1373,1
DA:1376,0
DA:1377,0
DA:1379,0
DA:1381,0
DA:1382,0
DA:1383,0
DA:1384,0
DA:1386,0
DA:1388,0
DA:1390,0
DA:1391,0
DA:1392,0
DA:1393,0
DA:1395,0
DA:1408,1
DA:1409,0
DA:1411,1
DA:1413,1
DA:1414,1
DA:1415,1
DA:1416,1
DA:1418,1
DA:1420,1
DA:1421,1
DA:1423,1
DA:1436,1
DA:1437,0
DA:1439,1
DA:1441,1
DA:1442,1
DA:1443,1
DA:1444,1
DA:1446,1
DA:1448,1
DA:1449,1
DA:1451,1
DA:1464,1
DA:1465,0
DA:1467,1
DA:1469,1
DA:1470,1
DA:1471,1
DA:1472,1
DA:1474,1
DA:1476,1
DA:1477,1
DA:1479,1
DA:1493,1
DA:1494,1
DA:1496,0
DA:1498,0
DA:1499,0
DA:1500,0
DA:1501,0
DA:1503,0
DA:1505,0
DA:1506,0
DA:1508,0
DA:1521,1
DA:1522,0
DA:1524,1
DA:1526,1
DA:1527,1
DA:1528,1
DA:1529,1
DA:1531,1
DA:1533,1
DA:1534,1
DA:1536,1
DA:1549,1
DA:1550,0
DA:1552,1
DA:1554,1
DA:1555,1
DA:1556,1
DA:1557,1
DA:1559,1
DA:1561,1
DA:1562,1
DA:1564,1
DA:1577,1
DA:1578,0
DA:1580,1
DA:1582,1
DA:1583,1
DA:1584,1
DA:1585,1
DA:1587,1
DA:1589,1
DA:1590,1
DA:1592,1
DA:1605,1
DA:1606,0
DA:1608,1
DA:1610,1
DA:1611,1
DA:1612,1
DA:1613,1
DA:1615,1
DA:1617,1
DA:1618,1
DA:1620,1
DA:1633,1
DA:1634,0
DA:1636,1
DA:1638,1
DA:1639,1
DA:1640,1
DA:1641,1
DA:1643,1
DA:1645,1
DA:1646,1
DA:1648,1
DA:1662,1
DA:1663,1
DA:1666,0
DA:1667,0
DA:1669,0
DA:1671,0
DA:1672,0
DA:1673,0
DA:1674,0
DA:1676,0
DA:1678,0
DA:1680,0
DA:1681,0
DA:1682,0
DA:1683,0
DA:1685,0
DA:1699,1
DA:1700,1
DA:1703,0
DA:1704,0
DA:1706,0
DA:1708,0
DA:1709,0
DA:1710,0
DA:1711,0
DA:1713,0
DA:1715,0
DA:1717,0
DA:1718,0
DA:1719,0
DA:1720,0
DA:1722,0
DA:1734,1
DA:1735,12
DA:1744,1
DA:1745,0
DA:1746,0
DA:1747,0
DA:1748,0
DA:1750,0
DA:1762,1
DA:1763,1
DA:1764,1
DA:1765,0
DA:1766,0
DA:1768,0
DA:1780,1
DA:1781,1
DA:1782,1
DA:1783,0
DA:1784,0
DA:1786,0
DA:1798,1
DA:1799,1
DA:1800,1
DA:1801,0
DA:1802,0
DA:1804,0
DA:1817,1
DA:1818,0
DA:1819,0
DA:1820,0
DA:1821,0
DA:1823,0
DA:1835,1
DA:1836,1
DA:1837,1
DA:1838,0
DA:1839,0
DA:1841,0
DA:1853,1
DA:1854,1
DA:1855,1
DA:1856,0
DA:1857,0
DA:1859,0
DA:1871,1
DA:1872,1
DA:1873,1
DA:1874,0
DA:1875,0
DA:1877,0
DA:1889,1
DA:1890,1
DA:1891,1
DA:1892,0
DA:1893,0
DA:1895,0
DA:1907,1
DA:1908,1
DA:1909,1
DA:1910,0
DA:1911,0
DA:1913,0
DA:1926,1
DA:1927,0
DA:1928,0
DA:1929,0
DA:1930,0
DA:1932,0
DA:1945,1
DA:1946,0
DA:1947,0
DA:1948,0
DA:1949,0
DA:1951,0
DA:1963,1
DA:1964,0
DA:1973,0
DA:1982,0
DA:1991,0
DA:2000,0
DA:2010,0
DA:2019,0
DA:2028,0
DA:2037,0
DA:2046,0
DA:2055,0
DA:2065,0
DA:2075,0
DA:2096,1
DA:2107,1
DA:2118,1
DA:2129,1
DA:2141,1
DA:2152,1
DA:2163,1
DA:2174,1
DA:2185,1
DA:2196,1
DA:2208,1
DA:2220,1
DA:2228,1
DA:2229,10
DA:2240,1
DA:2241,1
DA:2244,0
DA:2245,0
DA:2247,0
DA:2249,0
DA:2250,0
DA:2251,0
DA:2252,0
DA:2254,0
DA:2256,0
DA:2258,0
DA:2259,0
DA:2260,0
DA:2261,0
DA:2263,0
DA:2278,0
DA:2279,0
DA:2282,0
DA:2283,0
DA:2285,0
DA:2287,0
DA:2288,0
DA:2289,0
DA:2290,0
DA:2292,0
DA:2294,0
DA:2296,0
DA:2297,0
DA:2298,0
DA:2299,0
DA:2301,0
DA:2315,1
DA:2316,1
DA:2318,0
DA:2320,0
DA:2321,0
DA:2322,0
DA:2323,0
DA:2325,0
DA:2327,0
DA:2328,0
DA:2330,0
DA:2344,0
DA:2345,0
DA:2347,0
DA:2349,0
DA:2350,0
DA:2351,0
DA:2352,0
DA:2354,0
DA:2356,0
DA:2357,0
DA:2359,0
DA:2373,1
DA:2374,1
DA:2376,0
DA:2378,0
DA:2379,0
DA:2380,0
DA:2381,0
DA:2383,0
DA:2385,0
DA:2386,0
DA:2388,0
DA:2402,0
DA:2403,0
DA:2405,0
DA:2407,0
DA:2408,0
DA:2409,0
DA:2410,0
DA:2412,0
DA:2414,0
DA:2415,0
DA:2417,0
DA:2431,1
DA:2432,1
DA:2434,0
DA:2436,0
DA:2437,0
DA:2438,0
DA:2439,0
DA:2441,0
DA:2443,0
DA:2444,0
DA:2446,0
DA:2460,0
DA:2461,0
DA:2463,0
DA:2465,0
DA:2466,0
DA:2467,0
DA:2468,0
DA:2470,0
DA:2472,0
DA:2473,0
DA:2475,0
DA:2489,1
DA:2490,1
DA:2492,0
DA:2494,0
DA:2495,0
DA:2496,0
DA:2497,0
DA:2499,0
DA:2501,0
DA:2502,0
DA:2504,0
DA:2518,0
DA:2519,0
DA:2521,0
DA:2523,0
DA:2524,0
DA:2525,0
DA:2526,0
DA:2528,0
DA:2530,0
DA:2531,0
DA:2533,0
DA:2547,1
DA:2548,1
DA:2550,0
DA:2552,0
DA:2553,0
DA:2554,0
DA:2555,0
DA:2557,0
DA:2559,0
DA:2560,0
DA:2562,0
DA:2576,0
DA:2577,0
DA:2579,0
DA:2581,0
DA:2582,0
DA:2583,0
DA:2584,0
DA:2586,0
DA:2588,0
DA:2589,0
DA:2591,0
DA:2602,1
DA:2603,1
DA:2604,1
DA:2605,1
DA:2606,1
DA:2608,1
DA:2610,1
DA:2611,1
DA:2613,1
DA:2624,0
DA:2625,0
DA:2626,0
DA:2627,0
DA:2628,0
DA:2630,0
DA:2632,0
DA:2633,0
DA:2635,0
DA:2649,1
DA:2650,1
DA:2652,0
DA:2654,0
DA:2655,0
DA:2656,0
DA:2657,0
DA:2659,0
DA:2661,0
DA:2662,0
DA:2664,0
DA:2678,0
DA:2679,0
DA:2681,0
DA:2683,0
DA:2684,0
DA:2685,0
DA:2686,0
DA:2688,0
DA:2690,0
DA:2691,0
DA:2693,0
DA:2706,1
DA:2707,1
DA:2709,0
DA:2710,0
DA:2711,0
DA:2712,0
DA:2713,0
DA:2715,0
DA:2717,0
DA:2719,0
DA:2720,0
DA:2721,0
DA:2722,0
DA:2724,0
DA:2737,0
DA:2738,0
DA:2740,0
DA:2741,0
DA:2742,0
DA:2743,0
DA:2744,0
DA:2746,0
DA:2748,0
DA:2750,0
DA:2751,0
DA:2752,0
DA:2753,0
DA:2755,0
DA:2768,1
DA:2769,1
DA:2771,0
DA:2772,0
DA:2773,0
DA:2774,0
DA:2775,0
DA:2777,0
DA:2779,0
DA:2781,0
DA:2782,0
DA:2783,0
DA:2784,0
DA:2786,0
DA:2799,0
DA:2800,0
DA:2802,0
DA:2803,0
DA:2804,0
DA:2805,0
DA:2806,0
DA:2808,0
DA:2810,0
DA:2812,0
DA:2813,0
DA:2814,0
DA:2815,0
DA:2817,0
DA:2829,1
DA:2830,10
DA:2840,1
DA:2841,0
DA:2842,0
DA:2843,0
DA:2844,0
DA:2846,0
DA:2860,0
DA:2861,0
DA:2862,0
DA:2863,0
DA:2864,0
DA:2866,0
DA:2879,1
DA:2880,0
DA:2881,0
DA:2882,0
DA:2883,0
DA:2885,0
DA:2898,0
DA:2899,0
DA:2900,0
DA:2901,0
DA:2902,0
DA:2904,0
DA:2917,1
DA:2918,0
DA:2919,0
DA:2920,0
DA:2921,0
DA:2923,0
DA:2936,0
DA:2937,0
DA:2938,0
DA:2939,0
DA:2940,0
DA:2942,0
DA:2955,1
DA:2956,0
DA:2957,0
DA:2958,0
DA:2959,0
DA:2961,0
DA:2974,0
DA:2975,0
DA:2976,0
DA:2977,0
DA:2978,0
DA:2980,0
DA:2993,1
DA:2994,0
DA:2995,0
DA:2996,0
DA:2997,0
DA:2999,0
DA:3012,0
DA:3013,0
DA:3014,0
DA:3015,0
DA:3016,0
DA:3018,0
DA:3031,1
DA:3032,0
DA:3033,0
DA:3034,0
DA:3035,0
DA:3037,0
DA:3050,0
DA:3051,0
DA:3052,0
DA:3053,0
DA:3054,0
DA:3056,0
DA:3067,1
DA:3068,1
DA:3069,1
DA:3070,0
DA:3071,0
DA:3073,0
DA:3084,0
DA:3085,0
DA:3086,0
DA:3087,0
DA:3088,0
DA:3090,0
DA:3103,1
DA:3104,0
DA:3105,0
DA:3106,0
DA:3107,0
DA:3109,0
DA:3122,0
DA:3123,0
DA:3124,0
DA:3125,0
DA:3126,0
DA:3128,0
DA:3140,1
DA:3141,0
DA:3142,0
DA:3143,0
DA:3144,0
DA:3146,0
DA:3158,0
DA:3159,0
DA:3160,0
DA:3161,0
DA:3162,0
DA:3164,0
DA:3176,1
DA:3177,0
DA:3178,0
DA:3179,0
DA:3180,0
DA:3182,0
DA:3194,0
DA:3195,0
DA:3196,0
DA:3197,0
DA:3198,0
DA:3200,0
DA:3212,1
DA:3213,0
DA:3223,0
DA:3234,0
DA:3244,0
DA:3254,0
DA:3264,0
DA:3274,0
DA:3284,0
DA:3294,0
DA:3304,0
DA:3314,0
DA:3324,0
DA:3334,0
DA:3342,0
DA:3350,0
DA:3360,0
DA:3370,0
DA:3379,0
DA:3388,0
DA:3397,0
DA:3406,0
DA:3428,1
DA:3441,0
DA:3453,1
DA:3465,0
DA:3477,1
DA:3489,0
DA:3501,1
DA:3513,0
DA:3525,1
DA:3537,0
DA:3549,1
DA:3561,0
DA:3571,1
DA:3581,0
DA:3593,1
DA:3605,0
DA:3616,1
DA:3627,0
DA:3638,1
DA:3649,0
LF:840
LH:280
BRDA:59,0,0,40
BRDA:59,1,0,40
BRDA:60,2,0,40
BRDA:60,2,1,0
BRDA:62,3,0,40
BRDA:62,3,1,40
BRDA:714,4,0,0
BRDA:716,5,0,1
BRDA:716,5,1,0
BRDA:716,6,0,1
BRDA:716,6,1,1
BRDA:731,7,0,0
BRDA:731,7,1,0
BRDA:732,8,0,0
BRDA:732,8,1,0
BRDA:732,9,0,0
BRDA:732,9,1,0
BRDA:732,10,0,0
BRDA:732,10,1,0
BRDA:746,11,0,0
BRDA:748,12,0,1
BRDA:748,12,1,0
BRDA:748,13,0,1
BRDA:748,13,1,1
BRDA:763,14,0,0
BRDA:763,14,1,0
BRDA:764,15,0,0
BRDA:764,15,1,0
BRDA:764,16,0,0
BRDA:764,16,1,0
BRDA:764,17,0,0
BRDA:764,17,1,0
BRDA:789,18,0,0
BRDA:789,19,0,0
BRDA:791,20,0,0
BRDA:791,20,1,0
BRDA:791,21,0,0
BRDA:791,21,1,0
BRDA:808,22,0,0
BRDA:808,23,0,0
BRDA:810,24,0,0
BRDA:810,24,1,0
BRDA:810,25,0,0
BRDA:810,25,1,0
BRDA:894,26,0,0
BRDA:928,27,0,0
BRDA:928,28,0,0
BRDA:930,29,0,0
BRDA:930,29,1,0
BRDA:930,30,0,0
BRDA:930,30,1,0
BRDA:991,31,0,0
BRDA:993,32,0,0
BRDA:993,32,1,1
BRDA:993,33,0,1
BRDA:993,33,1,1
BRDA:1019,34,0,0
BRDA:1021,35,0,0
BRDA:1021,35,1,1
BRDA:1021,36,0,1
BRDA:1021,36,1,1
BRDA:1047,37,0,0
BRDA:1049,38,0,1
BRDA:1049,38,1,0
BRDA:1049,39,0,1
BRDA:1049,39,1,1
BRDA:1064,40,0,0
BRDA:1064,40,1,0
BRDA:1065,41,0,0
BRDA:1065,41,1,0
BRDA:1065,42,0,0
BRDA:1065,42,1,0
BRDA:1065,43,0,0
BRDA:1065,43,1,0
BRDA:1079,44,0,0
BRDA:1081,45,0,0
BRDA:1081,45,1,1
BRDA:1081,46,0,1
BRDA:1081,46,1,1
BRDA:1107,47,0,0
BRDA:1109,48,0,1
BRDA:1109,48,1,0
BRDA:1109,49,0,1
BRDA:1109,49,1,1
BRDA:1124,50,0,0
BRDA:1124,50,1,0
BRDA:1125,51,0,0
BRDA:1125,51,1,0
BRDA:1125,52,0,0
BRDA:1125,52,1,0
BRDA:1125,53,0,0
BRDA:1125,53,1,0
BRDA:1150,54,0,0
BRDA:1150,55,0,0
BRDA:1152,56,0,0
BRDA:1152,56,1,0
BRDA:1152,57,0,0
BRDA:1152,57,1,0
BRDA:1168,58,0,0
BRDA:1168,59,0,0
BRDA:1170,60,0,0
BRDA:1170,60,1,0
BRDA:1170,61,0,0
BRDA:1170,61,1,0
BRDA:1186,62,0,0
BRDA:1186,63,0,0
BRDA:1188,64,0,0
BRDA:1188,64,1,0
BRDA:1188,65,0,0
BRDA:1188,65,1,0
BRDA:1205,66,0,0
BRDA:1205,67,0,0
BRDA:1207,68,0,0
BRDA:1207,68,1,0
BRDA:1207,69,0,0
BRDA:1207,69,1,0
BRDA:1223,70,0,0
BRDA:1223,71,0,0
BRDA:1225,72,0,0
BRDA:1225,72,1,0
BRDA:1225,73,0,0
BRDA:1225,73,1,0
BRDA:1370,74,0,0
BRDA:1372,75,0,1
BRDA:1372,75,1,0
BRDA:1372,76,0,1
BRDA:1372,76,1,1
BRDA:1376,77,0,0
BRDA:1376,77,1,0
BRDA:1376,78,0,0
BRDA:1376,78,1,0
BRDA:1392,79,0,0
BRDA:1392,79,1,0
BRDA:1393,80,0,0
BRDA:1393,80,1,0
BRDA:1393,81,0,0
BRDA:1393,81,1,0
BRDA:1393,82,0,0
BRDA:1393,82,1,0
BRDA:1406,83,0,0
BRDA:1408,84,0,0
BRDA:1408,84,1,1
BRDA:1408,85,0,1
BRDA:1408,85,1,1
BRDA:1434,86,0,0
BRDA:1436,87,0,0
BRDA:1436,87,1,1
BRDA:1436,88,0,1
BRDA:1436,88,1,1
BRDA:1462,89,0,0
BRDA:1464,90,0,0
BRDA:1464,90,1,1
BRDA:1464,91,0,1
BRDA:1464,91,1,1
BRDA:1491,92,0,0
BRDA:1493,93,0,1
BRDA:1493,93,1,0
BRDA:1493,94,0,1
BRDA:1493,94,1,1
BRDA:1519,95,0,0
BRDA:1521,96,0,0
BRDA:1521,96,1,1
BRDA:1521,97,0,1
BRDA:1521,97,1,1
BRDA:1547,98,0,0
BRDA:1549,99,0,0
BRDA:1549,99,1,1
BRDA:1549,100,0,1
BRDA:1549,100,1,1
BRDA:1575,101,0,0
BRDA:1577,102,0,0
BRDA:1577,102,1,1
BRDA:1577,103,0,1
BRDA:1577,103,1,1
BRDA:1603,104,0,0
BRDA:1605,105,0,0
BRDA:1605,105,1,1
BRDA:1605,106,0,1
BRDA:1605,106,1,1
BRDA:1631,107,0,0
BRDA:1633,108,0,0
BRDA:1633,108,1,1
BRDA:1633,109,0,1
BRDA:1633,109,1,1
BRDA:1660,110,0,0
BRDA:1662,111,0,1
BRDA:1662,111,1,0
BRDA:1662,112,0,1
BRDA:1662,112,1,1
BRDA:1666,113,0,0
BRDA:1666,113,1,0
BRDA:1666,114,0,0
BRDA:1666,114,1,0
BRDA:1682,115,0,0
BRDA:1682,115,1,0
BRDA:1683,116,0,0
BRDA:1683,116,1,0
BRDA:1683,117,0,0
BRDA:1683,117,1,0
BRDA:1683,118,0,0
BRDA:1683,118,1,0
BRDA:1697,119,0,0
BRDA:1699,120,0,1
BRDA:1699,120,1,0
BRDA:1699,121,0,1
BRDA:1699,121,1,1
BRDA:1703,122,0,0
BRDA:1703,122,1,0
BRDA:1703,123,0,0
BRDA:1703,123,1,0
BRDA:1719,124,0,0
BRDA:1719,124,1,0
BRDA:1720,125,0,0
BRDA:1720,125,1,0
BRDA:1720,126,0,0
BRDA:1720,126,1,0
BRDA:1720,127,0,0
BRDA:1720,127,1,0
BRDA:1745,128,0,0
BRDA:1745,129,0,0
BRDA:1747,130,0,0
BRDA:1747,130,1,0
BRDA:1747,131,0,0
BRDA:1747,131,1,0
BRDA:1763,132,0,0
BRDA:1763,133,0,0
BRDA:1765,134,0,0
BRDA:1765,134,1,0
BRDA:1765,135,0,0
BRDA:1765,135,1,0
BRDA:1781,136,0,0
BRDA:1781,137,0,0
BRDA:1783,138,0,0
BRDA:1783,138,1,0
BRDA:1783,139,0,0
BRDA:1783,139,1,0
BRDA:1799,140,0,0
BRDA:1799,141,0,0
BRDA:1801,142,0,0
BRDA:1801,142,1,0
BRDA:1801,143,0,0
BRDA:1801,143,1,0
BRDA:1818,144,0,0
BRDA:1818,145,0,0
BRDA:1820,146,0,0
BRDA:1820,146,1,0
BRDA:1820,147,0,0
BRDA:1820,147,1,0
BRDA:1836,148,0,0
BRDA:1836,149,0,0
BRDA:1838,150,0,0
BRDA:1838,150,1,0
BRDA:1838,151,0,0
BRDA:1838,151,1,0
BRDA:1854,152,0,0
BRDA:1854,153,0,0
BRDA:1856,154,0,0
BRDA:1856,154,1,0
BRDA:1856,155,0,0
BRDA:1856,155,1,0
BRDA:1872,156,0,0
BRDA:1872,157,0,0
BRDA:1874,158,0,0
BRDA:1874,158,1,0
BRDA:1874,159,0,0
BRDA:1874,159,1,0
BRDA:1890,160,0,0
BRDA:1890,161,0,0
BRDA:1892,162,0,0
BRDA:1892,162,1,0
BRDA:1892,163,0,0
BRDA:1892,163,1,0
BRDA:1908,164,0,0
BRDA:1908,165,0,0
BRDA:1910,166,0,0
BRDA:1910,166,1,0
BRDA:1910,167,0,0
BRDA:1910,167,1,0
BRDA:1927,168,0,0
BRDA:1927,169,0,0
BRDA:1929,170,0,0
BRDA:1929,170,1,0
BRDA:1929,171,0,0
BRDA:1929,171,1,0
BRDA:1946,172,0,0
BRDA:1946,173,0,0
BRDA:1948,174,0,0
BRDA:1948,174,1,0
BRDA:1948,175,0,0
BRDA:1948,175,1,0
BRDA:2238,176,0,0
BRDA:2240,177,0,1
BRDA:2240,177,1,0
BRDA:2240,178,0,1
BRDA:2240,178,1,1
BRDA:2244,179,0,0
BRDA:2244,179,1,0
BRDA:2244,180,0,0
BRDA:2244,180,1,0
BRDA:2260,181,0,0
BRDA:2260,181,1,0
BRDA:2261,182,0,0
BRDA:2261,182,1,0
BRDA:2261,183,0,0
BRDA:2261,183,1,0
BRDA:2261,184,0,0
BRDA:2261,184,1,0
BRDA:2276,185,0,0
BRDA:2278,186,0,0
BRDA:2278,186,1,0
BRDA:2278,187,0,0
BRDA:2278,187,1,0
BRDA:2282,188,0,0
BRDA:2282,188,1,0
BRDA:2282,189,0,0
BRDA:2282,189,1,0
BRDA:2298,190,0,0
BRDA:2298,190,1,0
BRDA:2299,191,0,0
BRDA:2299,191,1,0
BRDA:2299,192,0,0
BRDA:2299,192,1,0
BRDA:2299,193,0,0
BRDA:2299,193,1,0
BRDA:2313,194,0,0
BRDA:2315,195,0,1
BRDA:2315,195,1,0
BRDA:2315,196,0,1
BRDA:2315,196,1,1
BRDA:2342,197,0,0
BRDA:2344,198,0,0
BRDA:2344,198,1,0
BRDA:2344,199,0,0
BRDA:2344,199,1,0
BRDA:2371,200,0,0
BRDA:2373,201,0,1
BRDA:2373,201,1,0
BRDA:2373,202,0,1
BRDA:2373,202,1,1
BRDA:2400,203,0,0
BRDA:2402,204,0,0
BRDA:2402,204,1,0
BRDA:2402,205,0,0
BRDA:2402,205,1,0
BRDA:2429,206,0,0
BRDA:2431,207,0,1
BRDA:2431,207,1,0
BRDA:2431,208,0,1
BRDA:2431,208,1,1
BRDA:2458,209,0,0
BRDA:2460,210,0,0
BRDA:2460,210,1,0
BRDA:2460,211,0,0
BRDA:2460,211,1,0
BRDA:2487,212,0,0
BRDA:2489,213,0,1
BRDA:2489,213,1,0
BRDA:2489,214,0,1
BRDA:2489,214,1,1
BRDA:2516,215,0,0
BRDA:2518,216,0,0
BRDA:2518,216,1,0
BRDA:2518,217,0,0
BRDA:2518,217,1,0
BRDA:2545,218,0,0
BRDA:2547,219,0,1
BRDA:2547,219,1,0
BRDA:2547,220,0,1
BRDA:2547,220,1,1
BRDA:2574,221,0,0
BRDA:2576,222,0,0
BRDA:2576,222,1,0
BRDA:2576,223,0,0
BRDA:2576,223,1,0
BRDA:2601,224,0,0
BRDA:2623,225,0,0
BRDA:2647,226,0,0
BRDA:2649,227,0,1
BRDA:2649,227,1,0
BRDA:2649,228,0,1
BRDA:2649,228,1,1
BRDA:2676,229,0,0
BRDA:2678,230,0,0
BRDA:2678,230,1,0
BRDA:2678,231,0,0
BRDA:2678,231,1,0
BRDA:2704,232,0,0
BRDA:2706,233,0,1
BRDA:2706,233,1,0
BRDA:2706,234,0,1
BRDA:2706,234,1,1
BRDA:2721,235,0,0
BRDA:2721,235,1,0
BRDA:2722,236,0,0
BRDA:2722,236,1,0
BRDA:2722,237,0,0
BRDA:2722,237,1,0
BRDA:2722,238,0,0
BRDA:2722,238,1,0
BRDA:2735,239,0,0
BRDA:2737,240,0,0
BRDA:2737,240,1,0
BRDA:2737,241,0,0
BRDA:2737,241,1,0
BRDA:2752,242,0,0
BRDA:2752,242,1,0
BRDA:2753,243,0,0
BRDA:2753,243,1,0
BRDA:2753,244,0,0
BRDA:2753,244,1,0
BRDA:2753,245,0,0
BRDA:2753,245,1,0
BRDA:2766,246,0,0
BRDA:2768,247,0,1
BRDA:2768,247,1,0
BRDA:2768,248,0,1
BRDA:2768,248,1,1
BRDA:2783,249,0,0
BRDA:2783,249,1,0
BRDA:2784,250,0,0
BRDA:2784,250,1,0
BRDA:2784,251,0,0
BRDA:2784,251,1,0
BRDA:2784,252,0,0
BRDA:2784,252,1,0
BRDA:2797,253,0,0
BRDA:2799,254,0,0
BRDA:2799,254,1,0
BRDA:2799,255,0,0
BRDA:2799,255,1,0
BRDA:2814,256,0,0
BRDA:2814,256,1,0
BRDA:2815,257,0,0
BRDA:2815,257,1,0
BRDA:2815,258,0,0
BRDA:2815,258,1,0
BRDA:2815,259,0,0
BRDA:2815,259,1,0
BRDA:2841,260,0,0
BRDA:2841,261,0,0
BRDA:2843,262,0,0
BRDA:2843,262,1,0
BRDA:2843,263,0,0
BRDA:2843,263,1,0
BRDA:2861,264,0,0
BRDA:2861,265,0,0
BRDA:2863,266,0,0
BRDA:2863,266,1,0
BRDA:2863,267,0,0
BRDA:2863,267,1,0
BRDA:2880,268,0,0
BRDA:2880,269,0,0
BRDA:2882,270,0,0
BRDA:2882,270,1,0
BRDA:2882,271,0,0
BRDA:2882,271,1,0
BRDA:2899,272,0,0
BRDA:2899,273,0,0
BRDA:2901,274,0,0
BRDA:2901,274,1,0
BRDA:2901,275,0,0
BRDA:2901,275,1,0
BRDA:2918,276,0,0
BRDA:2918,277,0,0
BRDA:2920,278,0,0
BRDA:2920,278,1,0
BRDA:2920,279,0,0
BRDA:2920,279,1,0
BRDA:2937,280,0,0
BRDA:2937,281,0,0
BRDA:2939,282,0,0
BRDA:2939,282,1,0
BRDA:2939,283,0,0
BRDA:2939,283,1,0
BRDA:2956,284,0,0
BRDA:2956,285,0,0
BRDA:2958,286,0,0
BRDA:2958,286,1,0
BRDA:2958,287,0,0
BRDA:2958,287,1,0
BRDA:2975,288,0,0
BRDA:2975,289,0,0
BRDA:2977,290,0,0
BRDA:2977,290,1,0
BRDA:2977,291,0,0
BRDA:2977,291,1,0
BRDA:2994,292,0,0
BRDA:2994,293,0,0
BRDA:2996,294,0,0
BRDA:2996,294,1,0
BRDA:2996,295,0,0
BRDA:2996,295,1,0
BRDA:3013,296,0,0
BRDA:3013,297,0,0
BRDA:3015,298,0,0
BRDA:3015,298,1,0
BRDA:3015,299,0,0
BRDA:3015,299,1,0
BRDA:3032,300,0,0
BRDA:3032,301,0,0
BRDA:3034,302,0,0
BRDA:3034,302,1,0
BRDA:3034,303,0,0
BRDA:3034,303,1,0
BRDA:3051,304,0,0
BRDA:3051,305,0,0
BRDA:3053,306,0,0
BRDA:3053,306,1,0
BRDA:3053,307,0,0
BRDA:3053,307,1,0
BRDA:3068,308,0,0
BRDA:3068,309,0,0
BRDA:3070,310,0,0
BRDA:3070,310,1,0
BRDA:3070,311,0,0
BRDA:3070,311,1,0
BRDA:3085,312,0,0
BRDA:3085,313,0,0
BRDA:3087,314,0,0
BRDA:3087,314,1,0
BRDA:3087,315,0,0
BRDA:3087,315,1,0
BRDA:3104,316,0,0
BRDA:3104,317,0,0
BRDA:3106,318,0,0
BRDA:3106,318,1,0
BRDA:3106,319,0,0
BRDA:3106,319,1,0
BRDA:3123,320,0,0
BRDA:3123,321,0,0
BRDA:3125,322,0,0
BRDA:3125,322,1,0
BRDA:3125,323,0,0
BRDA:3125,323,1,0
BRDA:3141,324,0,0
BRDA:3141,325,0,0
BRDA:3143,326,0,0
BRDA:3143,326,1,0
BRDA:3143,327,0,0
BRDA:3143,327,1,0
BRDA:3159,328,0,0
BRDA:3159,329,0,0
BRDA:3161,330,0,0
BRDA:3161,330,1,0
BRDA:3161,331,0,0
BRDA:3161,331,1,0
BRDA:3177,332,0,0
BRDA:3177,333,0,0
BRDA:3179,334,0,0
BRDA:3179,334,1,0
BRDA:3179,335,0,0
BRDA:3179,335,1,0
BRDA:3195,336,0,0
BRDA:3195,337,0,0
BRDA:3197,338,0,0
BRDA:3197,338,1,0
BRDA:3197,339,0,0
BRDA:3197,339,1,0
BRF:558
BRH:89
end_of_record
TN:
SF:app/assets/spotify.png
FNF:0
FNH:0
DA:1,1
LF:1
LH:1
BRF:0
BRH:0
end_of_record
TN:
SF:app/assets/ytMusic.png
FNF:0
FNH:0
DA:1,1
LF:1
LH:1
BRF:0
BRH:0
end_of_record
TN:
SF:app/components/BioSection.tsx
FN:4,(anonymous_0)
FNF:1
FNH:1
FNDA:3,(anonymous_0)
DA:4,1
DA:5,3
DA:13,1
LF:3
LH:3
BRF:0
BRH:0
end_of_record
TN:
SF:app/components/FavoriteSong.tsx
FN:5,(anonymous_0)
FNF:1
FNH:0
FNDA:0,(anonymous_0)
DA:5,1
DA:6,0
DA:27,1
LF:3
LH:2
BRDA:5,0,0,0
BRDA:5,1,0,0
BRDA:17,2,0,0
BRDA:17,2,1,0
BRF:4
BRH:0
end_of_record
TN:
SF:app/components/GenreBubble.tsx
FN:4,(anonymous_0)
FNF:1
FNH:0
FNDA:0,(anonymous_0)
DA:4,1
DA:5,0
DA:12,1
LF:3
LH:2
BRF:0
BRH:0
end_of_record
TN:
SF:app/components/GenreList.tsx
FN:5,(anonymous_0)
FN:10,(anonymous_1)
FNF:2
FNH:1
FNDA:3,(anonymous_0)
FNDA:0,(anonymous_1)
DA:5,1
DA:6,3
DA:11,0
DA:18,1
LF:4
LH:3
BRF:0
BRH:0
end_of_record
TN:
SF:app/components/LinkBottomSheet.tsx
FN:13,(anonymous_0)
FN:17,(anonymous_1)
FN:21,(anonymous_2)
FN:28,(anonymous_3)
FN:29,(anonymous_4)
FN:32,(anonymous_5)
FN:42,(anonymous_6)
FN:56,(anonymous_7)
FN:58,(anonymous_8)
FN:84,(anonymous_9)
FN:94,(anonymous_10)
FN:95,(anonymous_11)
FN:102,(anonymous_12)
FN:105,(anonymous_13)
FNF:14
FNH:5
FNDA:3,(anonymous_0)
FNDA:3,(anonymous_1)
FNDA:0,(anonymous_2)
FNDA:0,(anonymous_3)
FNDA:0,(anonymous_4)
FNDA:0,(anonymous_5)
FNDA:0,(anonymous_6)
FNDA:3,(anonymous_7)
FNDA:5,(anonymous_8)
FNDA:3,(anonymous_9)
FNDA:0,(anonymous_10)
FNDA:0,(anonymous_11)
FNDA:0,(anonymous_12)
FNDA:0,(anonymous_13)
DA:13,1
DA:14,3
DA:15,3
DA:17,3
DA:18,3
DA:21,3
DA:22,0
DA:23,0
DA:26,3
DA:28,0
DA:29,0
DA:33,0
DA:35,0
DA:37,0
DA:43,0
DA:44,0
DA:46,0
DA:56,3
DA:57,3
DA:58,3
DA:59,5
DA:60,3
DA:62,5
DA:64,3
DA:68,3
DA:70,3
DA:85,3
DA:94,1
DA:95,0
DA:96,0
DA:99,0
DA:103,0
DA:105,0
DA:115,1
LF:34
LH:19
BRDA:33,0,0,0
BRDA:33,0,1,0
BRDA:35,1,0,0
BRDA:35,1,1,0
BRDA:43,2,0,0
BRDA:43,2,1,0
BRDA:59,3,0,3
BRDA:59,3,1,2
BRF:8
BRH:2
end_of_record
TN:
SF:app/components/MusicBottomSheet.tsx
FN:14,(anonymous_0)
FN:20,(anonymous_1)
FN:24,(anonymous_2)
FN:30,(anonymous_3)
FN:31,(anonymous_4)
FN:34,(anonymous_5)
FN:44,(anonymous_6)
FN:70,(anonymous_7)
FN:71,(anonymous_8)
FN:79,(anonymous_9)
FN:87,(anonymous_10)
FNF:11
FNH:2
FNDA:3,(anonymous_0)
FNDA:3,(anonymous_1)
FNDA:0,(anonymous_2)
FNDA:0,(anonymous_3)
FNDA:0,(anonymous_4)
FNDA:0,(anonymous_5)
FNDA:0,(anonymous_6)
FNDA:0,(anonymous_7)
FNDA:0,(anonymous_8)
FNDA:0,(anonymous_9)
FNDA:0,(anonymous_10)
DA:14,1
DA:15,3
DA:16,3
DA:17,3
DA:18,3
DA:20,3
DA:21,3
DA:24,3
DA:25,0
DA:26,0
DA:28,3
DA:30,0
DA:31,0
DA:35,0
DA:37,0
DA:39,0
DA:45,0
DA:46,0
DA:48,0
DA:57,3
DA:79,1
DA:80,0
DA:87,1
DA:88,0
DA:104,1
LF:25
LH:13
BRDA:35,0,0,0
BRDA:35,0,1,0
BRDA:37,1,0,0
BRDA:37,1,1,0
BRDA:45,2,0,0
BRDA:45,2,1,0
BRDA:87,3,0,0
BRDA:87,4,0,0
BRF:8
BRH:0
end_of_record
TN:
SF:app/components/NowPlaying.tsx
FN:4,(anonymous_0)
FNF:1
FNH:1
FNDA:3,(anonymous_0)
DA:4,1
DA:5,3
DA:20,1
LF:3
LH:3
BRF:0
BRH:0
end_of_record
TN:
SF:app/components/RoomCard.tsx
FN:4,(anonymous_0)
FNF:1
FNH:0
FNDA:0,(anonymous_0)
DA:4,1
DA:5,0
DA:15,1
LF:3
LH:2
BRF:0
BRH:0
end_of_record
TN:
SF:app/components/ToggleWidget.tsx
FN:10,(anonymous_0)
FN:16,(anonymous_1)
FN:30,(anonymous_2)
FN:42,(anonymous_3)
FNF:4
FNH:0
FNDA:0,(anonymous_0)
FNDA:0,(anonymous_1)
FNDA:0,(anonymous_2)
FNDA:0,(anonymous_3)
DA:10,1
DA:11,0
DA:12,0
DA:14,0
DA:16,0
DA:17,0
DA:18,0
DA:21,0
DA:30,0
DA:42,0
DA:53,1
LF:11
LH:2
BRDA:27,0,0,0
BRDA:27,0,1,0
BRDA:32,1,0,0
BRDA:32,1,1,0
BRDA:39,2,0,0
BRDA:39,2,1,0
BRDA:44,3,0,0
BRDA:44,3,1,0
BRF:8
BRH:0
end_of_record
TN:
SF:app/screens/CreateRoom.tsx
FN:8,(anonymous_0)
FN:21,(anonymous_1)
FN:26,(anonymous_2)
FN:31,(anonymous_3)
FN:65,(anonymous_4)
FN:73,(anonymous_5)
FN:88,(anonymous_6)
FN:118,(anonymous_7)
FN:140,(anonymous_8)
FNF:9
FNH:1
FNDA:2,(anonymous_0)
FNDA:0,(anonymous_1)
FNDA:0,(anonymous_2)
FNDA:0,(anonymous_3)
FNDA:0,(anonymous_4)
FNDA:0,(anonymous_5)
FNDA:0,(anonymous_6)
FNDA:0,(anonymous_7)
FNDA:0,(anonymous_8)
DA:8,1
DA:9,2
DA:10,0
DA:11,0
DA:12,0
DA:16,0
DA:17,0
DA:18,0
DA:19,0
DA:21,0
DA:22,0
DA:23,0
DA:26,0
DA:27,0
DA:28,0
DA:31,0
DA:32,0
DA:33,0
DA:34,0
DA:35,0
DA:36,0
DA:37,0
DA:39,0
DA:40,0
DA:46,0
DA:48,0
DA:55,0
DA:57,0
DA:58,0
DA:59,0
DA:65,0
DA:66,0
DA:67,0
DA:68,0
DA:69,0
DA:70,0
DA:73,0
DA:74,0
DA:75,0
DA:76,0
DA:77,0
DA:80,0
DA:88,0
DA:118,0
DA:140,0
LF:45
LH:2
BRDA:23,0,0,0
BRDA:23,0,1,0
BRDA:28,1,0,0
BRDA:28,1,1,0
BRDA:33,2,0,0
BRDA:33,2,1,0
BRDA:39,3,0,0
BRDA:39,3,1,0
BRDA:66,4,0,0
BRDA:66,4,1,0
BRDA:74,5,0,0
BRDA:74,5,1,0
BRDA:83,6,0,0
BRDA:83,6,1,0
BRDA:116,7,0,0
BRDA:116,7,1,0
BRDA:132,8,0,0
BRDA:132,8,1,0
BRDA:154,9,0,0
BRDA:154,9,1,0
BRF:20
BRH:0
end_of_record
TN:
SF:app/screens/ProfilePage.tsx
FN:23,(anonymous_0)
FN:52,(anonymous_1)
FN:69,(anonymous_2)
FN:70,(anonymous_3)
FN:88,(anonymous_4)
FN:114,(anonymous_5)
FN:120,(anonymous_6)
FN:135,(anonymous_7)
FN:142,(anonymous_8)
FN:222,(anonymous_9)
FN:230,(anonymous_10)
FN:240,(anonymous_11)
FN:265,(anonymous_12)
FN:272,(anonymous_13)
FN:277,(anonymous_14)
FNF:15
FNH:7
FNDA:17,(anonymous_0)
FNDA:3,(anonymous_1)
FNDA:5,(anonymous_2)
FNDA:5,(anonymous_3)
FNDA:3,(anonymous_4)
FNDA:3,(anonymous_5)
FNDA:0,(anonymous_6)
FNDA:3,(anonymous_7)
FNDA:0,(anonymous_8)
FNDA:0,(anonymous_9)
FNDA:0,(anonymous_10)
FNDA:0,(anonymous_11)
FNDA:0,(anonymous_12)
FNDA:0,(anonymous_13)
FNDA:0,(anonymous_14)
DA:23,1
DA:24,17
DA:25,17
DA:26,16
DA:46,16
DA:47,16
DA:48,16
DA:50,16
DA:52,16
DA:53,3
DA:54,3
DA:59,3
DA:60,3
DA:62,0
DA:63,0
DA:67,16
DA:69,16
DA:70,5
DA:71,5
DA:72,5
DA:73,5
DA:75,5
DA:76,3
DA:77,3
DA:78,3
DA:81,0
DA:85,5
DA:88,16
DA:89,3
DA:90,1
DA:91,1
DA:93,1
DA:101,2
DA:102,2
DA:110,0
DA:114,16
DA:115,3
DA:116,0
DA:121,0
DA:135,16
DA:136,3
DA:137,0
DA:138,0
DA:143,0
DA:157,16
DA:158,13
DA:165,3
DA:175,3
DA:223,0
DA:231,0
DA:241,0
DA:266,0
DA:272,0
DA:277,0
DA:287,1
LF:55
LH:40
BRDA:75,0,0,3
BRDA:75,0,1,2
BRDA:89,1,0,1
BRDA:89,1,1,2
BRDA:97,2,0,1
BRDA:97,2,1,0
BRDA:101,3,0,2
BRDA:101,3,1,0
BRDA:115,4,0,0
BRDA:115,4,1,3
BRDA:136,5,0,0
BRDA:136,5,1,3
BRDA:157,6,0,13
BRDA:157,6,1,3
BRF:14
BRH:10
end_of_record
