{"total": {"lines":{"total":240,"covered":134,"skipped":0,"pct":55.83},"statements":{"total":255,"covered":145,"skipped":0,"pct":56.86},"functions":{"total":36,"covered":19,"skipped":0,"pct":52.77},"branches":{"total":138,"covered":75,"skipped":0,"pct":54.34},"branchesTrue":{"total":0,"covered":0,"skipped":0,"pct":"Unknown"}}
,"/Users/lesedikekana/Documents/uni/5 - final year/COS301/TuneIn/backend/src/modules/db-utils/db-utils.module.ts": {"lines":{"total":5,"covered":5,"skipped":0,"pct":100},"functions":{"total":0,"covered":0,"skipped":0,"pct":100},"statements":{"total":7,"covered":7,"skipped":0,"pct":100},"branches":{"total":0,"covered":0,"skipped":0,"pct":100}}
,"/Users/lesedikekana/Documents/uni/5 - final year/COS301/TuneIn/backend/src/modules/db-utils/db-utils.service.ts": {"lines":{"total":235,"covered":129,"skipped":0,"pct":54.89},"functions":{"total":36,"covered":19,"skipped":0,"pct":52.77},"statements":{"total":248,"covered":138,"skipped":0,"pct":55.64},"branches":{"total":138,"covered":75,"skipped":0,"pct":54.34}}
}
