{"/Users/lesedikekana/Documents/uni/5 - final year/COS301/TuneIn/backend/src/modules/db-utils/db-utils.module.ts": {"path":"/Users/lesedikekana/Documents/uni/5 - final year/COS301/TuneIn/backend/src/modules/db-utils/db-utils.module.ts","statementMap":{"0":{"start":{"line":1,"column":0},"end":{"line":1,"column":40}},"1":{"start":{"line":2,"column":0},"end":{"line":2,"column":61}},"2":{"start":{"line":3,"column":0},"end":{"line":3,"column":52}},"3":{"start":{"line":4,"column":0},"end":{"line":4,"column":46}},"4":{"start":{"line":14,"column":7},"end":{"line":14,"column":null}},"5":{"start":{"line":14,"column":13},"end":{"line":14,"column":26}},"6":{"start":{"line":14,"column":13},"end":{"line":14,"column":null}}},"fnMap":{},"branchMap":{},"s":{"0":1,"1":1,"2":1,"3":1,"4":1,"5":1,"6":1},"f":{},"b":{}}
,"/Users/lesedikekana/Documents/uni/5 - final year/COS301/TuneIn/backend/src/modules/db-utils/db-utils.service.ts": {"path":"/Users/lesedikekana/Documents/uni/5 - final year/COS301/TuneIn/backend/src/modules/db-utils/db-utils.service.ts","statementMap":{"0":{"start":{"line":1,"column":0},"end":{"line":1,"column":71}},"1":{"start":{"line":2,"column":0},"end":{"line":2,"column":63}},"2":{"start":{"line":6,"column":0},"end":{"line":6,"column":33}},"3":{"start":{"line":7,"column":0},"end":{"line":7,"column":47}},"4":{"start":{"line":9,"column":7},"end":{"line":707,"column":null}},"5":{"start":{"line":13,"column":10},"end":{"line":13,"column":25}},"6":{"start":{"line":14,"column":10},"end":{"line":14,"column":18}},"7":{"start":{"line":17,"column":15},"end":{"line":17,"column":53}},"8":{"start":{"line":18,"column":2},"end":{"line":20,"column":3}},"9":{"start":{"line":19,"column":3},"end":{"line":19,"column":35}},"10":{"start":{"line":21,"column":2},"end":{"line":21,"column":19}},"11":{"start":{"line":30,"column":43},"end":{"line":33,"column":null}},"12":{"start":{"line":35,"column":2},"end":{"line":37,"column":3}},"13":{"start":{"line":36,"column":3},"end":{"line":36,"column":13}},"14":{"start":{"line":38,"column":38},"end":{"line":38,"column":40}},"15":{"start":{"line":39,"column":24},"end":{"line":39,"column":26}},"16":{"start":{"line":40,"column":2},"end":{"line":47,"column":3}},"17":{"start":{"line":40,"column":15},"end":{"line":40,"column":16}},"18":{"start":{"line":41,"column":13},"end":{"line":41,"column":25}},"19":{"start":{"line":42,"column":3},"end":{"line":46,"column":4}},"20":{"start":{"line":43,"column":4},"end":{"line":45,"column":5}},"21":{"start":{"line":44,"column":5},"end":{"line":44,"column":26}},"22":{"start":{"line":49,"column":37},"end":{"line":51,"column":4}},"23":{"start":{"line":53,"column":2},"end":{"line":58,"column":3}},"24":{"start":{"line":53,"column":15},"end":{"line":53,"column":16}},"25":{"start":{"line":54,"column":13},"end":{"line":54,"column":21}},"26":{"start":{"line":55,"column":3},"end":{"line":57,"column":4}},"27":{"start":{"line":56,"column":4},"end":{"line":56,"column":19}},"28":{"start":{"line":59,"column":2},"end":{"line":59,"column":16}},"29":{"start":{"line":68,"column":43},"end":{"line":71,"column":null}},"30":{"start":{"line":74,"column":2},"end":{"line":76,"column":3}},"31":{"start":{"line":75,"column":3},"end":{"line":75,"column":13}},"32":{"start":{"line":78,"column":38},"end":{"line":78,"column":40}},"33":{"start":{"line":79,"column":24},"end":{"line":79,"column":26}},"34":{"start":{"line":80,"column":2},"end":{"line":87,"column":3}},"35":{"start":{"line":80,"column":15},"end":{"line":80,"column":16}},"36":{"start":{"line":81,"column":13},"end":{"line":81,"column":25}},"37":{"start":{"line":82,"column":3},"end":{"line":86,"column":4}},"38":{"start":{"line":83,"column":4},"end":{"line":85,"column":5}},"39":{"start":{"line":84,"column":5},"end":{"line":84,"column":26}},"40":{"start":{"line":89,"column":37},"end":{"line":91,"column":4}},"41":{"start":{"line":93,"column":2},"end":{"line":98,"column":3}},"42":{"start":{"line":93,"column":15},"end":{"line":93,"column":16}},"43":{"start":{"line":94,"column":13},"end":{"line":94,"column":21}},"44":{"start":{"line":95,"column":3},"end":{"line":97,"column":4}},"45":{"start":{"line":96,"column":4},"end":{"line":96,"column":19}},"46":{"start":{"line":99,"column":2},"end":{"line":99,"column":16}},"47":{"start":{"line":105,"column":2},"end":{"line":107,"column":3}},"48":{"start":{"line":106,"column":3},"end":{"line":106,"column":33}},"49":{"start":{"line":109,"column":2},"end":{"line":126,"column":3}},"50":{"start":{"line":111,"column":17},"end":{"line":111,"column":64}},"51":{"start":{"line":112,"column":22},"end":{"line":112,"column":56}},"52":{"start":{"line":115,"column":3},"end":{"line":122,"column":4}},"53":{"start":{"line":116,"column":4},"end":{"line":119,"column":6}},"54":{"start":{"line":121,"column":4},"end":{"line":121,"column":44}},"55":{"start":{"line":124,"column":3},"end":{"line":124,"column":60}},"56":{"start":{"line":125,"column":3},"end":{"line":125,"column":33}},"57":{"start":{"line":133,"column":2},"end":{"line":138,"column":3}},"58":{"start":{"line":134,"column":3},"end":{"line":137,"column":5}},"59":{"start":{"line":140,"column":2},"end":{"line":171,"column":3}},"60":{"start":{"line":142,"column":23},"end":{"line":142,"column":67}},"61":{"start":{"line":146,"column":3},"end":{"line":164,"column":4}},"62":{"start":{"line":152,"column":4},"end":{"line":161,"column":6}},"63":{"start":{"line":163,"column":4},"end":{"line":163,"column":50}},"64":{"start":{"line":166,"column":3},"end":{"line":166,"column":57}},"65":{"start":{"line":167,"column":3},"end":{"line":170,"column":5}},"66":{"start":{"line":177,"column":2},"end":{"line":182,"column":3}},"67":{"start":{"line":178,"column":3},"end":{"line":181,"column":5}},"68":{"start":{"line":184,"column":2},"end":{"line":203,"column":3}},"69":{"start":{"line":186,"column":20},"end":{"line":186,"column":61}},"70":{"start":{"line":189,"column":3},"end":{"line":196,"column":4}},"71":{"start":{"line":190,"column":4},"end":{"line":193,"column":6}},"72":{"start":{"line":195,"column":4},"end":{"line":195,"column":47}},"73":{"start":{"line":198,"column":3},"end":{"line":198,"column":54}},"74":{"start":{"line":199,"column":3},"end":{"line":202,"column":5}},"75":{"start":{"line":207,"column":36},"end":{"line":207,"column":69}},"76":{"start":{"line":209,"column":2},"end":{"line":211,"column":3}},"77":{"start":{"line":210,"column":3},"end":{"line":210,"column":16}},"78":{"start":{"line":213,"column":37},"end":{"line":213,"column":39}},"79":{"start":{"line":214,"column":2},"end":{"line":220,"column":3}},"80":{"start":{"line":215,"column":18},"end":{"line":215,"column":58}},"81":{"start":{"line":216,"column":22},"end":{"line":216,"column":35}},"82":{"start":{"line":217,"column":3},"end":{"line":219,"column":4}},"83":{"start":{"line":218,"column":4},"end":{"line":218,"column":28}},"84":{"start":{"line":221,"column":2},"end":{"line":221,"column":15}},"85":{"start":{"line":225,"column":40},"end":{"line":227,"column":4}},"86":{"start":{"line":228,"column":2},"end":{"line":230,"column":3}},"87":{"start":{"line":229,"column":3},"end":{"line":229,"column":62}},"88":{"start":{"line":233,"column":3},"end":{"line":235,"column":5}},"89":{"start":{"line":237,"column":2},"end":{"line":239,"column":3}},"90":{"start":{"line":238,"column":3},"end":{"line":238,"column":16}},"91":{"start":{"line":241,"column":2},"end":{"line":241,"column":14}},"92":{"start":{"line":245,"column":40},"end":{"line":247,"column":4}},"93":{"start":{"line":248,"column":2},"end":{"line":250,"column":3}},"94":{"start":{"line":249,"column":3},"end":{"line":249,"column":62}},"95":{"start":{"line":253,"column":3},"end":{"line":255,"column":5}},"96":{"start":{"line":257,"column":2},"end":{"line":259,"column":3}},"97":{"start":{"line":258,"column":3},"end":{"line":258,"column":16}},"98":{"start":{"line":261,"column":2},"end":{"line":261,"column":14}},"99":{"start":{"line":265,"column":41},"end":{"line":267,"column":4}},"100":{"start":{"line":268,"column":2},"end":{"line":270,"column":3}},"101":{"start":{"line":269,"column":3},"end":{"line":269,"column":16}},"102":{"start":{"line":271,"column":2},"end":{"line":271,"column":14}},"103":{"start":{"line":275,"column":40},"end":{"line":277,"column":4}},"104":{"start":{"line":278,"column":2},"end":{"line":280,"column":3}},"105":{"start":{"line":279,"column":3},"end":{"line":279,"column":16}},"106":{"start":{"line":281,"column":2},"end":{"line":281,"column":14}},"107":{"start":{"line":292,"column":40},"end":{"line":297,"column":4}},"108":{"start":{"line":298,"column":2},"end":{"line":298,"column":34}},"109":{"start":{"line":299,"column":2},"end":{"line":301,"column":3}},"110":{"start":{"line":300,"column":3},"end":{"line":300,"column":16}},"111":{"start":{"line":302,"column":2},"end":{"line":304,"column":3}},"112":{"start":{"line":303,"column":3},"end":{"line":303,"column":16}},"113":{"start":{"line":305,"column":2},"end":{"line":307,"column":3}},"114":{"start":{"line":306,"column":3},"end":{"line":306,"column":50}},"115":{"start":{"line":308,"column":2},"end":{"line":308,"column":14}},"116":{"start":{"line":313,"column":3},"end":{"line":318,"column":5}},"117":{"start":{"line":319,"column":2},"end":{"line":319,"column":24}},"118":{"start":{"line":324,"column":3},"end":{"line":329,"column":5}},"119":{"start":{"line":330,"column":2},"end":{"line":330,"column":25}},"120":{"start":{"line":335,"column":41},"end":{"line":337,"column":4}},"121":{"start":{"line":339,"column":20},"end":{"line":339,"column":64}},"122":{"start":{"line":339,"column":42},"end":{"line":339,"column":63}},"123":{"start":{"line":340,"column":20},"end":{"line":340,"column":64}},"124":{"start":{"line":340,"column":42},"end":{"line":340,"column":63}},"125":{"start":{"line":342,"column":33},"end":{"line":342,"column":35}},"126":{"start":{"line":343,"column":2},"end":{"line":350,"column":3}},"127":{"start":{"line":343,"column":15},"end":{"line":343,"column":16}},"128":{"start":{"line":344,"column":13},"end":{"line":344,"column":25}},"129":{"start":{"line":345,"column":3},"end":{"line":349,"column":4}},"130":{"start":{"line":346,"column":4},"end":{"line":348,"column":5}},"131":{"start":{"line":347,"column":5},"end":{"line":347,"column":35}},"132":{"start":{"line":352,"column":32},"end":{"line":352,"column":34}},"133":{"start":{"line":353,"column":2},"end":{"line":360,"column":3}},"134":{"start":{"line":353,"column":15},"end":{"line":353,"column":16}},"135":{"start":{"line":354,"column":13},"end":{"line":354,"column":25}},"136":{"start":{"line":355,"column":3},"end":{"line":359,"column":4}},"137":{"start":{"line":356,"column":4},"end":{"line":358,"column":5}},"138":{"start":{"line":357,"column":5},"end":{"line":357,"column":34}},"139":{"start":{"line":362,"column":36},"end":{"line":363,"column":null}},"140":{"start":{"line":363,"column":11},"end":{"line":363,"column":52}},"141":{"start":{"line":367,"column":48},"end":{"line":367,"column":50}},"142":{"start":{"line":368,"column":2},"end":{"line":383,"column":3}},"143":{"start":{"line":368,"column":15},"end":{"line":368,"column":16}},"144":{"start":{"line":369,"column":34},"end":{"line":369,"column":52}},"145":{"start":{"line":370,"column":3},"end":{"line":372,"column":4}},"146":{"start":{"line":371,"column":4},"end":{"line":371,"column":13}},"147":{"start":{"line":373,"column":3},"end":{"line":373,"column":27}},"148":{"start":{"line":374,"column":3},"end":{"line":382,"column":4}},"149":{"start":{"line":376,"column":5},"end":{"line":378,"column":7}},"150":{"start":{"line":379,"column":4},"end":{"line":381,"column":5}},"151":{"start":{"line":380,"column":5},"end":{"line":380,"column":33}},"152":{"start":{"line":384,"column":2},"end":{"line":384,"column":26}},"153":{"start":{"line":394,"column":29},"end":{"line":394,"column":76}},"154":{"start":{"line":397,"column":28},"end":{"line":397,"column":75}},"155":{"start":{"line":400,"column":27},"end":{"line":403,"column":null}},"156":{"start":{"line":407,"column":27},"end":{"line":410,"column":null}},"157":{"start":{"line":413,"column":2},"end":{"line":425,"column":3}},"158":{"start":{"line":414,"column":3},"end":{"line":414,"column":19}},"159":{"start":{"line":415,"column":9},"end":{"line":425,"column":3}},"160":{"start":{"line":416,"column":3},"end":{"line":416,"column":20}},"161":{"start":{"line":417,"column":9},"end":{"line":425,"column":3}},"162":{"start":{"line":418,"column":3},"end":{"line":418,"column":19}},"163":{"start":{"line":419,"column":9},"end":{"line":425,"column":3}},"164":{"start":{"line":420,"column":3},"end":{"line":420,"column":22}},"165":{"start":{"line":421,"column":9},"end":{"line":425,"column":3}},"166":{"start":{"line":422,"column":3},"end":{"line":422,"column":21}},"167":{"start":{"line":424,"column":3},"end":{"line":424,"column":17}},"168":{"start":{"line":429,"column":15},"end":{"line":429,"column":50}},"169":{"start":{"line":430,"column":2},"end":{"line":430,"column":14}},"170":{"start":{"line":441,"column":3},"end":{"line":461,"column":5}},"171":{"start":{"line":463,"column":2},"end":{"line":467,"column":3}},"172":{"start":{"line":464,"column":3},"end":{"line":466,"column":5}},"173":{"start":{"line":469,"column":16},"end":{"line":471,"column":null}},"174":{"start":{"line":471,"column":4},"end":{"line":471,"column":72}},"175":{"start":{"line":473,"column":2},"end":{"line":479,"column":3}},"176":{"start":{"line":474,"column":3},"end":{"line":478,"column":5}},"177":{"start":{"line":480,"column":2},"end":{"line":480,"column":15}},"178":{"start":{"line":491,"column":41},"end":{"line":504,"column":4}},"179":{"start":{"line":505,"column":2},"end":{"line":505,"column":36}},"180":{"start":{"line":507,"column":2},"end":{"line":509,"column":3}},"181":{"start":{"line":508,"column":3},"end":{"line":508,"column":16}},"182":{"start":{"line":510,"column":2},"end":{"line":512,"column":3}},"183":{"start":{"line":511,"column":3},"end":{"line":511,"column":16}},"184":{"start":{"line":513,"column":2},"end":{"line":515,"column":3}},"185":{"start":{"line":514,"column":3},"end":{"line":514,"column":51}},"186":{"start":{"line":516,"column":2},"end":{"line":516,"column":14}},"187":{"start":{"line":530,"column":19},"end":{"line":559,"column":3}},"188":{"start":{"line":531,"column":3},"end":{"line":545,"column":4}},"189":{"start":{"line":532,"column":4},"end":{"line":544,"column":6}},"190":{"start":{"line":547,"column":3},"end":{"line":558,"column":5}},"191":{"start":{"line":561,"column":41},"end":{"line":563,"column":4}},"192":{"start":{"line":564,"column":2},"end":{"line":564,"column":36}},"193":{"start":{"line":565,"column":2},"end":{"line":567,"column":3}},"194":{"start":{"line":566,"column":3},"end":{"line":566,"column":16}},"195":{"start":{"line":568,"column":2},"end":{"line":570,"column":3}},"196":{"start":{"line":569,"column":3},"end":{"line":569,"column":16}},"197":{"start":{"line":571,"column":2},"end":{"line":573,"column":3}},"198":{"start":{"line":572,"column":3},"end":{"line":572,"column":50}},"199":{"start":{"line":574,"column":2},"end":{"line":574,"column":14}},"200":{"start":{"line":578,"column":2},"end":{"line":580,"column":3}},"201":{"start":{"line":579,"column":3},"end":{"line":579,"column":74}},"202":{"start":{"line":582,"column":3},"end":{"line":589,"column":5}},"203":{"start":{"line":591,"column":2},"end":{"line":593,"column":3}},"204":{"start":{"line":592,"column":3},"end":{"line":592,"column":74}},"205":{"start":{"line":594,"column":2},"end":{"line":594,"column":27}},"206":{"start":{"line":599,"column":3},"end":{"line":602,"column":5}},"207":{"start":{"line":604,"column":2},"end":{"line":604,"column":34}},"208":{"start":{"line":604,"column":26},"end":{"line":604,"column":32}},"209":{"start":{"line":609,"column":3},"end":{"line":612,"column":5}},"210":{"start":{"line":614,"column":2},"end":{"line":614,"column":38}},"211":{"start":{"line":614,"column":30},"end":{"line":614,"column":36}},"212":{"start":{"line":618,"column":41},"end":{"line":626,"column":4}},"213":{"start":{"line":628,"column":2},"end":{"line":630,"column":3}},"214":{"start":{"line":629,"column":3},"end":{"line":629,"column":13}},"215":{"start":{"line":632,"column":31},"end":{"line":632,"column":33}},"216":{"start":{"line":633,"column":2},"end":{"line":639,"column":5}},"217":{"start":{"line":634,"column":3},"end":{"line":638,"column":4}},"218":{"start":{"line":635,"column":4},"end":{"line":635,"column":31}},"219":{"start":{"line":637,"column":4},"end":{"line":637,"column":31}},"220":{"start":{"line":641,"column":37},"end":{"line":643,"column":4}},"221":{"start":{"line":645,"column":2},"end":{"line":647,"column":3}},"222":{"start":{"line":646,"column":3},"end":{"line":646,"column":40}},"223":{"start":{"line":648,"column":2},"end":{"line":648,"column":15}},"224":{"start":{"line":654,"column":42},"end":{"line":661,"column":4}},"225":{"start":{"line":662,"column":42},"end":{"line":669,"column":4}},"226":{"start":{"line":671,"column":2},"end":{"line":673,"column":3}},"227":{"start":{"line":672,"column":3},"end":{"line":672,"column":40}},"228":{"start":{"line":674,"column":32},"end":{"line":674,"column":34}},"229":{"start":{"line":675,"column":32},"end":{"line":675,"column":34}},"230":{"start":{"line":676,"column":2},"end":{"line":682,"column":5}},"231":{"start":{"line":677,"column":3},"end":{"line":681,"column":4}},"232":{"start":{"line":678,"column":4},"end":{"line":678,"column":32}},"233":{"start":{"line":680,"column":4},"end":{"line":680,"column":32}},"234":{"start":{"line":683,"column":2},"end":{"line":689,"column":5}},"235":{"start":{"line":684,"column":3},"end":{"line":688,"column":4}},"236":{"start":{"line":685,"column":4},"end":{"line":685,"column":32}},"237":{"start":{"line":687,"column":4},"end":{"line":687,"column":32}},"238":{"start":{"line":691,"column":34},"end":{"line":691,"column":36}},"239":{"start":{"line":692,"column":2},"end":{"line":696,"column":5}},"240":{"start":{"line":693,"column":3},"end":{"line":695,"column":4}},"241":{"start":{"line":694,"column":4},"end":{"line":694,"column":27}},"242":{"start":{"line":698,"column":37},"end":{"line":700,"column":4}},"243":{"start":{"line":702,"column":2},"end":{"line":704,"column":3}},"244":{"start":{"line":703,"column":3},"end":{"line":703,"column":47}},"245":{"start":{"line":705,"column":2},"end":{"line":705,"column":15}},"246":{"start":{"line":9,"column":13},"end":{"line":9,"column":27}},"247":{"start":{"line":9,"column":13},"end":{"line":707,"column":null}}},"fnMap":{"0":{"name":"(anonymous_8)","decl":{"start":{"line":12,"column":1},"end":{"line":12,"column":null}},"loc":{"start":{"line":14,"column":31},"end":{"line":22,"column":2}}},"1":{"name":"(anonymous_9)","decl":{"start":{"line":29,"column":1},"end":{"line":29,"column":6}},"loc":{"start":{"line":29,"column":38},"end":{"line":60,"column":2}}},"2":{"name":"(anonymous_10)","decl":{"start":{"line":67,"column":1},"end":{"line":67,"column":6}},"loc":{"start":{"line":67,"column":38},"end":{"line":100,"column":2}}},"3":{"name":"(anonymous_11)","decl":{"start":{"line":102,"column":1},"end":{"line":102,"column":6}},"loc":{"start":{"line":103,"column":25},"end":{"line":127,"column":2}}},"4":{"name":"(anonymous_12)","decl":{"start":{"line":129,"column":1},"end":{"line":129,"column":6}},"loc":{"start":{"line":129,"column":45},"end":{"line":172,"column":2}}},"5":{"name":"(anonymous_13)","decl":{"start":{"line":174,"column":1},"end":{"line":174,"column":6}},"loc":{"start":{"line":175,"column":25},"end":{"line":204,"column":2}}},"6":{"name":"(anonymous_14)","decl":{"start":{"line":206,"column":1},"end":{"line":206,"column":6}},"loc":{"start":{"line":206,"column":35},"end":{"line":222,"column":2}}},"7":{"name":"(anonymous_15)","decl":{"start":{"line":224,"column":1},"end":{"line":224,"column":6}},"loc":{"start":{"line":224,"column":34},"end":{"line":242,"column":2}}},"8":{"name":"(anonymous_16)","decl":{"start":{"line":244,"column":1},"end":{"line":244,"column":6}},"loc":{"start":{"line":244,"column":35},"end":{"line":262,"column":2}}},"9":{"name":"(anonymous_17)","decl":{"start":{"line":264,"column":1},"end":{"line":264,"column":6}},"loc":{"start":{"line":264,"column":32},"end":{"line":272,"column":2}}},"10":{"name":"(anonymous_18)","decl":{"start":{"line":274,"column":1},"end":{"line":274,"column":6}},"loc":{"start":{"line":274,"column":32},"end":{"line":282,"column":2}}},"11":{"name":"(anonymous_19)","decl":{"start":{"line":288,"column":1},"end":{"line":288,"column":6}},"loc":{"start":{"line":290,"column":27},"end":{"line":309,"column":2}}},"12":{"name":"(anonymous_20)","decl":{"start":{"line":311,"column":1},"end":{"line":311,"column":6}},"loc":{"start":{"line":311,"column":39},"end":{"line":320,"column":2}}},"13":{"name":"(anonymous_21)","decl":{"start":{"line":322,"column":1},"end":{"line":322,"column":6}},"loc":{"start":{"line":322,"column":40},"end":{"line":331,"column":2}}},"14":{"name":"(anonymous_22)","decl":{"start":{"line":334,"column":1},"end":{"line":334,"column":6}},"loc":{"start":{"line":334,"column":41},"end":{"line":385,"column":2}}},"15":{"name":"(anonymous_23)","decl":{"start":{"line":339,"column":35},"end":{"line":339,"column":36}},"loc":{"start":{"line":339,"column":42},"end":{"line":339,"column":63}}},"16":{"name":"(anonymous_24)","decl":{"start":{"line":340,"column":35},"end":{"line":340,"column":36}},"loc":{"start":{"line":340,"column":42},"end":{"line":340,"column":63}}},"17":{"name":"(anonymous_25)","decl":{"start":{"line":363,"column":3},"end":{"line":363,"column":4}},"loc":{"start":{"line":363,"column":11},"end":{"line":363,"column":52}}},"18":{"name":"(anonymous_26)","decl":{"start":{"line":387,"column":1},"end":{"line":387,"column":6}},"loc":{"start":{"line":389,"column":25},"end":{"line":426,"column":2}}},"19":{"name":"(anonymous_27)","decl":{"start":{"line":428,"column":1},"end":{"line":428,"column":6}},"loc":{"start":{"line":428,"column":33},"end":{"line":431,"column":2}}},"20":{"name":"(anonymous_28)","decl":{"start":{"line":433,"column":1},"end":{"line":433,"column":6}},"loc":{"start":{"line":436,"column":19},"end":{"line":481,"column":2}}},"21":{"name":"(anonymous_29)","decl":{"start":{"line":470,"column":3},"end":{"line":470,"column":4}},"loc":{"start":{"line":471,"column":4},"end":{"line":471,"column":72}}},"22":{"name":"(anonymous_30)","decl":{"start":{"line":483,"column":1},"end":{"line":483,"column":6}},"loc":{"start":{"line":485,"column":27},"end":{"line":517,"column":2}}},"23":{"name":"(anonymous_31)","decl":{"start":{"line":519,"column":1},"end":{"line":519,"column":6}},"loc":{"start":{"line":522,"column":21},"end":{"line":575,"column":2}}},"24":{"name":"(anonymous_32)","decl":{"start":{"line":530,"column":19},"end":{"line":530,"column":20}},"loc":{"start":{"line":530,"column":43},"end":{"line":559,"column":3}}},"25":{"name":"(anonymous_33)","decl":{"start":{"line":577,"column":1},"end":{"line":577,"column":6}},"loc":{"start":{"line":577,"column":38},"end":{"line":595,"column":2}}},"26":{"name":"(anonymous_34)","decl":{"start":{"line":596,"column":1},"end":{"line":596,"column":6}},"loc":{"start":{"line":596,"column":34},"end":{"line":605,"column":2}}},"27":{"name":"(anonymous_35)","decl":{"start":{"line":604,"column":19},"end":{"line":604,"column":20}},"loc":{"start":{"line":604,"column":26},"end":{"line":604,"column":32}}},"28":{"name":"(anonymous_36)","decl":{"start":{"line":606,"column":1},"end":{"line":606,"column":6}},"loc":{"start":{"line":606,"column":42},"end":{"line":615,"column":2}}},"29":{"name":"(anonymous_37)","decl":{"start":{"line":614,"column":23},"end":{"line":614,"column":24}},"loc":{"start":{"line":614,"column":30},"end":{"line":614,"column":36}}},"30":{"name":"(anonymous_38)","decl":{"start":{"line":617,"column":1},"end":{"line":617,"column":6}},"loc":{"start":{"line":617,"column":36},"end":{"line":649,"column":2}}},"31":{"name":"(anonymous_39)","decl":{"start":{"line":633,"column":18},"end":{"line":633,"column":19}},"loc":{"start":{"line":633,"column":24},"end":{"line":639,"column":3}}},"32":{"name":"(anonymous_40)","decl":{"start":{"line":650,"column":1},"end":{"line":650,"column":6}},"loc":{"start":{"line":652,"column":17},"end":{"line":706,"column":2}}},"33":{"name":"(anonymous_41)","decl":{"start":{"line":676,"column":19},"end":{"line":676,"column":20}},"loc":{"start":{"line":676,"column":25},"end":{"line":682,"column":3}}},"34":{"name":"(anonymous_42)","decl":{"start":{"line":683,"column":19},"end":{"line":683,"column":20}},"loc":{"start":{"line":683,"column":25},"end":{"line":689,"column":3}}},"35":{"name":"(anonymous_43)","decl":{"start":{"line":692,"column":22},"end":{"line":692,"column":23}},"loc":{"start":{"line":692,"column":29},"end":{"line":696,"column":3}}}},"branchMap":{"0":{"loc":{"start":{"line":18,"column":2},"end":{"line":20,"column":3}},"type":"if","locations":[{"start":{"line":18,"column":2},"end":{"line":20,"column":3}}]},"1":{"loc":{"start":{"line":35,"column":2},"end":{"line":37,"column":3}},"type":"if","locations":[{"start":{"line":35,"column":2},"end":{"line":37,"column":3}}]},"2":{"loc":{"start":{"line":42,"column":3},"end":{"line":46,"column":4}},"type":"if","locations":[{"start":{"line":42,"column":3},"end":{"line":46,"column":4}}]},"3":{"loc":{"start":{"line":42,"column":7},"end":{"line":42,"column":22}},"type":"binary-expr","locations":[{"start":{"line":42,"column":7},"end":{"line":42,"column":8}},{"start":{"line":42,"column":12},"end":{"line":42,"column":22}}]},"4":{"loc":{"start":{"line":43,"column":4},"end":{"line":45,"column":5}},"type":"if","locations":[{"start":{"line":43,"column":4},"end":{"line":45,"column":5}}]},"5":{"loc":{"start":{"line":43,"column":8},"end":{"line":43,"column":41}},"type":"binary-expr","locations":[{"start":{"line":43,"column":8},"end":{"line":43,"column":18}},{"start":{"line":43,"column":22},"end":{"line":43,"column":41}}]},"6":{"loc":{"start":{"line":55,"column":3},"end":{"line":57,"column":4}},"type":"if","locations":[{"start":{"line":55,"column":3},"end":{"line":57,"column":4}}]},"7":{"loc":{"start":{"line":55,"column":7},"end":{"line":55,"column":22}},"type":"binary-expr","locations":[{"start":{"line":55,"column":7},"end":{"line":55,"column":8}},{"start":{"line":55,"column":12},"end":{"line":55,"column":22}}]},"8":{"loc":{"start":{"line":74,"column":2},"end":{"line":76,"column":3}},"type":"if","locations":[{"start":{"line":74,"column":2},"end":{"line":76,"column":3}}]},"9":{"loc":{"start":{"line":82,"column":3},"end":{"line":86,"column":4}},"type":"if","locations":[{"start":{"line":82,"column":3},"end":{"line":86,"column":4}}]},"10":{"loc":{"start":{"line":82,"column":7},"end":{"line":82,"column":22}},"type":"binary-expr","locations":[{"start":{"line":82,"column":7},"end":{"line":82,"column":8}},{"start":{"line":82,"column":12},"end":{"line":82,"column":22}}]},"11":{"loc":{"start":{"line":83,"column":4},"end":{"line":85,"column":5}},"type":"if","locations":[{"start":{"line":83,"column":4},"end":{"line":85,"column":5}}]},"12":{"loc":{"start":{"line":83,"column":8},"end":{"line":83,"column":41}},"type":"binary-expr","locations":[{"start":{"line":83,"column":8},"end":{"line":83,"column":18}},{"start":{"line":83,"column":22},"end":{"line":83,"column":41}}]},"13":{"loc":{"start":{"line":95,"column":3},"end":{"line":97,"column":4}},"type":"if","locations":[{"start":{"line":95,"column":3},"end":{"line":97,"column":4}}]},"14":{"loc":{"start":{"line":95,"column":7},"end":{"line":95,"column":22}},"type":"binary-expr","locations":[{"start":{"line":95,"column":7},"end":{"line":95,"column":8}},{"start":{"line":95,"column":12},"end":{"line":95,"column":22}}]},"15":{"loc":{"start":{"line":105,"column":2},"end":{"line":107,"column":3}},"type":"if","locations":[{"start":{"line":105,"column":2},"end":{"line":107,"column":3}}]},"16":{"loc":{"start":{"line":105,"column":21},"end":{"line":105,"column":46}},"type":"binary-expr","locations":[{"start":{"line":105,"column":21},"end":{"line":105,"column":40}},{"start":{"line":105,"column":44},"end":{"line":105,"column":46}}]},"17":{"loc":{"start":{"line":115,"column":3},"end":{"line":122,"column":4}},"type":"if","locations":[{"start":{"line":115,"column":3},"end":{"line":122,"column":4}},{"start":{"line":120,"column":10},"end":{"line":122,"column":4}}]},"18":{"loc":{"start":{"line":115,"column":7},"end":{"line":115,"column":41}},"type":"binary-expr","locations":[{"start":{"line":115,"column":7},"end":{"line":115,"column":12}},{"start":{"line":115,"column":16},"end":{"line":115,"column":41}}]},"19":{"loc":{"start":{"line":133,"column":2},"end":{"line":138,"column":3}},"type":"if","locations":[{"start":{"line":133,"column":2},"end":{"line":138,"column":3}}]},"20":{"loc":{"start":{"line":146,"column":3},"end":{"line":164,"column":4}},"type":"if","locations":[{"start":{"line":146,"column":3},"end":{"line":164,"column":4}},{"start":{"line":162,"column":10},"end":{"line":164,"column":4}}]},"21":{"loc":{"start":{"line":147,"column":4},"end":{"line":150,"column":30}},"type":"binary-expr","locations":[{"start":{"line":147,"column":4},"end":{"line":147,"column":15}},{"start":{"line":148,"column":4},"end":{"line":148,"column":35}},{"start":{"line":149,"column":4},"end":{"line":149,"column":31}},{"start":{"line":150,"column":4},"end":{"line":150,"column":30}}]},"22":{"loc":{"start":{"line":177,"column":2},"end":{"line":182,"column":3}},"type":"if","locations":[{"start":{"line":177,"column":2},"end":{"line":182,"column":3}}]},"23":{"loc":{"start":{"line":189,"column":3},"end":{"line":196,"column":4}},"type":"if","locations":[{"start":{"line":189,"column":3},"end":{"line":196,"column":4}},{"start":{"line":194,"column":10},"end":{"line":196,"column":4}}]},"24":{"loc":{"start":{"line":189,"column":7},"end":{"line":189,"column":65}},"type":"binary-expr","locations":[{"start":{"line":189,"column":7},"end":{"line":189,"column":35}},{"start":{"line":189,"column":39},"end":{"line":189,"column":65}}]},"25":{"loc":{"start":{"line":209,"column":2},"end":{"line":211,"column":3}},"type":"if","locations":[{"start":{"line":209,"column":2},"end":{"line":211,"column":3}}]},"26":{"loc":{"start":{"line":217,"column":3},"end":{"line":219,"column":4}},"type":"if","locations":[{"start":{"line":217,"column":3},"end":{"line":219,"column":4}}]},"27":{"loc":{"start":{"line":217,"column":7},"end":{"line":217,"column":49}},"type":"binary-expr","locations":[{"start":{"line":217,"column":7},"end":{"line":217,"column":17}},{"start":{"line":217,"column":21},"end":{"line":217,"column":49}}]},"28":{"loc":{"start":{"line":228,"column":2},"end":{"line":230,"column":3}},"type":"if","locations":[{"start":{"line":228,"column":2},"end":{"line":230,"column":3}}]},"29":{"loc":{"start":{"line":228,"column":6},"end":{"line":228,"column":28}},"type":"binary-expr","locations":[{"start":{"line":228,"column":6},"end":{"line":228,"column":11}},{"start":{"line":228,"column":15},"end":{"line":228,"column":28}}]},"30":{"loc":{"start":{"line":237,"column":2},"end":{"line":239,"column":3}},"type":"if","locations":[{"start":{"line":237,"column":2},"end":{"line":239,"column":3}}]},"31":{"loc":{"start":{"line":237,"column":6},"end":{"line":237,"column":40}},"type":"binary-expr","locations":[{"start":{"line":237,"column":6},"end":{"line":237,"column":17}},{"start":{"line":237,"column":21},"end":{"line":237,"column":40}}]},"32":{"loc":{"start":{"line":248,"column":2},"end":{"line":250,"column":3}},"type":"if","locations":[{"start":{"line":248,"column":2},"end":{"line":250,"column":3}}]},"33":{"loc":{"start":{"line":248,"column":6},"end":{"line":248,"column":28}},"type":"binary-expr","locations":[{"start":{"line":248,"column":6},"end":{"line":248,"column":11}},{"start":{"line":248,"column":15},"end":{"line":248,"column":28}}]},"34":{"loc":{"start":{"line":257,"column":2},"end":{"line":259,"column":3}},"type":"if","locations":[{"start":{"line":257,"column":2},"end":{"line":259,"column":3}}]},"35":{"loc":{"start":{"line":257,"column":6},"end":{"line":257,"column":42}},"type":"binary-expr","locations":[{"start":{"line":257,"column":6},"end":{"line":257,"column":18}},{"start":{"line":257,"column":22},"end":{"line":257,"column":42}}]},"36":{"loc":{"start":{"line":268,"column":2},"end":{"line":270,"column":3}},"type":"if","locations":[{"start":{"line":268,"column":2},"end":{"line":270,"column":3}}]},"37":{"loc":{"start":{"line":268,"column":6},"end":{"line":268,"column":28}},"type":"binary-expr","locations":[{"start":{"line":268,"column":6},"end":{"line":268,"column":11}},{"start":{"line":268,"column":15},"end":{"line":268,"column":28}}]},"38":{"loc":{"start":{"line":278,"column":2},"end":{"line":280,"column":3}},"type":"if","locations":[{"start":{"line":278,"column":2},"end":{"line":280,"column":3}}]},"39":{"loc":{"start":{"line":278,"column":6},"end":{"line":278,"column":28}},"type":"binary-expr","locations":[{"start":{"line":278,"column":6},"end":{"line":278,"column":11}},{"start":{"line":278,"column":15},"end":{"line":278,"column":28}}]},"40":{"loc":{"start":{"line":299,"column":2},"end":{"line":301,"column":3}},"type":"if","locations":[{"start":{"line":299,"column":2},"end":{"line":301,"column":3}}]},"41":{"loc":{"start":{"line":299,"column":6},"end":{"line":299,"column":32}},"type":"binary-expr","locations":[{"start":{"line":299,"column":6},"end":{"line":299,"column":13}},{"start":{"line":299,"column":17},"end":{"line":299,"column":32}}]},"42":{"loc":{"start":{"line":302,"column":2},"end":{"line":304,"column":3}},"type":"if","locations":[{"start":{"line":302,"column":2},"end":{"line":304,"column":3}}]},"43":{"loc":{"start":{"line":305,"column":2},"end":{"line":307,"column":3}},"type":"if","locations":[{"start":{"line":305,"column":2},"end":{"line":307,"column":3}}]},"44":{"loc":{"start":{"line":345,"column":3},"end":{"line":349,"column":4}},"type":"if","locations":[{"start":{"line":345,"column":3},"end":{"line":349,"column":4}}]},"45":{"loc":{"start":{"line":345,"column":7},"end":{"line":345,"column":22}},"type":"binary-expr","locations":[{"start":{"line":345,"column":7},"end":{"line":345,"column":8}},{"start":{"line":345,"column":12},"end":{"line":345,"column":22}}]},"46":{"loc":{"start":{"line":346,"column":4},"end":{"line":348,"column":5}},"type":"if","locations":[{"start":{"line":346,"column":4},"end":{"line":348,"column":5}}]},"47":{"loc":{"start":{"line":346,"column":8},"end":{"line":346,"column":41}},"type":"binary-expr","locations":[{"start":{"line":346,"column":8},"end":{"line":346,"column":18}},{"start":{"line":346,"column":22},"end":{"line":346,"column":41}}]},"48":{"loc":{"start":{"line":355,"column":3},"end":{"line":359,"column":4}},"type":"if","locations":[{"start":{"line":355,"column":3},"end":{"line":359,"column":4}}]},"49":{"loc":{"start":{"line":355,"column":7},"end":{"line":355,"column":22}},"type":"binary-expr","locations":[{"start":{"line":355,"column":7},"end":{"line":355,"column":8}},{"start":{"line":355,"column":12},"end":{"line":355,"column":22}}]},"50":{"loc":{"start":{"line":356,"column":4},"end":{"line":358,"column":5}},"type":"if","locations":[{"start":{"line":356,"column":4},"end":{"line":358,"column":5}}]},"51":{"loc":{"start":{"line":356,"column":8},"end":{"line":356,"column":41}},"type":"binary-expr","locations":[{"start":{"line":356,"column":8},"end":{"line":356,"column":18}},{"start":{"line":356,"column":22},"end":{"line":356,"column":41}}]},"52":{"loc":{"start":{"line":363,"column":11},"end":{"line":363,"column":52}},"type":"binary-expr","locations":[{"start":{"line":363,"column":11},"end":{"line":363,"column":35}},{"start":{"line":363,"column":39},"end":{"line":363,"column":52}}]},"53":{"loc":{"start":{"line":370,"column":3},"end":{"line":372,"column":4}},"type":"if","locations":[{"start":{"line":370,"column":3},"end":{"line":372,"column":4}}]},"54":{"loc":{"start":{"line":374,"column":3},"end":{"line":382,"column":4}},"type":"if","locations":[{"start":{"line":374,"column":3},"end":{"line":382,"column":4}}]},"55":{"loc":{"start":{"line":379,"column":4},"end":{"line":381,"column":5}},"type":"if","locations":[{"start":{"line":379,"column":4},"end":{"line":381,"column":5}}]},"56":{"loc":{"start":{"line":379,"column":8},"end":{"line":379,"column":29}},"type":"binary-expr","locations":[{"start":{"line":379,"column":8},"end":{"line":379,"column":12}},{"start":{"line":379,"column":16},"end":{"line":379,"column":29}}]},"57":{"loc":{"start":{"line":413,"column":2},"end":{"line":425,"column":3}},"type":"if","locations":[{"start":{"line":413,"column":2},"end":{"line":425,"column":3}},{"start":{"line":415,"column":9},"end":{"line":425,"column":3}}]},"58":{"loc":{"start":{"line":415,"column":9},"end":{"line":425,"column":3}},"type":"if","locations":[{"start":{"line":415,"column":9},"end":{"line":425,"column":3}},{"start":{"line":417,"column":9},"end":{"line":425,"column":3}}]},"59":{"loc":{"start":{"line":417,"column":9},"end":{"line":425,"column":3}},"type":"if","locations":[{"start":{"line":417,"column":9},"end":{"line":425,"column":3}},{"start":{"line":419,"column":9},"end":{"line":425,"column":3}}]},"60":{"loc":{"start":{"line":417,"column":13},"end":{"line":417,"column":34}},"type":"binary-expr","locations":[{"start":{"line":417,"column":13},"end":{"line":417,"column":22}},{"start":{"line":417,"column":26},"end":{"line":417,"column":34}}]},"61":{"loc":{"start":{"line":419,"column":9},"end":{"line":425,"column":3}},"type":"if","locations":[{"start":{"line":419,"column":9},"end":{"line":425,"column":3}},{"start":{"line":421,"column":9},"end":{"line":425,"column":3}}]},"62":{"loc":{"start":{"line":421,"column":9},"end":{"line":425,"column":3}},"type":"if","locations":[{"start":{"line":421,"column":9},"end":{"line":425,"column":3}},{"start":{"line":423,"column":9},"end":{"line":425,"column":3}}]},"63":{"loc":{"start":{"line":463,"column":2},"end":{"line":467,"column":3}},"type":"if","locations":[{"start":{"line":463,"column":2},"end":{"line":467,"column":3}}]},"64":{"loc":{"start":{"line":463,"column":6},"end":{"line":463,"column":26}},"type":"binary-expr","locations":[{"start":{"line":463,"column":6},"end":{"line":463,"column":10}},{"start":{"line":463,"column":14},"end":{"line":463,"column":26}}]},"65":{"loc":{"start":{"line":471,"column":4},"end":{"line":471,"column":72}},"type":"binary-expr","locations":[{"start":{"line":471,"column":4},"end":{"line":471,"column":33}},{"start":{"line":471,"column":37},"end":{"line":471,"column":72}}]},"66":{"loc":{"start":{"line":473,"column":2},"end":{"line":479,"column":3}},"type":"if","locations":[{"start":{"line":473,"column":2},"end":{"line":479,"column":3}}]},"67":{"loc":{"start":{"line":507,"column":2},"end":{"line":509,"column":3}},"type":"if","locations":[{"start":{"line":507,"column":2},"end":{"line":509,"column":3}}]},"68":{"loc":{"start":{"line":507,"column":6},"end":{"line":507,"column":34}},"type":"binary-expr","locations":[{"start":{"line":507,"column":6},"end":{"line":507,"column":14}},{"start":{"line":507,"column":18},"end":{"line":507,"column":34}}]},"69":{"loc":{"start":{"line":510,"column":2},"end":{"line":512,"column":3}},"type":"if","locations":[{"start":{"line":510,"column":2},"end":{"line":512,"column":3}}]},"70":{"loc":{"start":{"line":510,"column":6},"end":{"line":510,"column":50}},"type":"binary-expr","locations":[{"start":{"line":510,"column":6},"end":{"line":510,"column":26}},{"start":{"line":510,"column":30},"end":{"line":510,"column":50}}]},"71":{"loc":{"start":{"line":513,"column":2},"end":{"line":515,"column":3}},"type":"if","locations":[{"start":{"line":513,"column":2},"end":{"line":515,"column":3}}]},"72":{"loc":{"start":{"line":531,"column":3},"end":{"line":545,"column":4}},"type":"if","locations":[{"start":{"line":531,"column":3},"end":{"line":545,"column":4}}]},"73":{"loc":{"start":{"line":565,"column":2},"end":{"line":567,"column":3}},"type":"if","locations":[{"start":{"line":565,"column":2},"end":{"line":567,"column":3}}]},"74":{"loc":{"start":{"line":565,"column":6},"end":{"line":565,"column":34}},"type":"binary-expr","locations":[{"start":{"line":565,"column":6},"end":{"line":565,"column":14}},{"start":{"line":565,"column":18},"end":{"line":565,"column":34}}]},"75":{"loc":{"start":{"line":568,"column":2},"end":{"line":570,"column":3}},"type":"if","locations":[{"start":{"line":568,"column":2},"end":{"line":570,"column":3}}]},"76":{"loc":{"start":{"line":571,"column":2},"end":{"line":573,"column":3}},"type":"if","locations":[{"start":{"line":571,"column":2},"end":{"line":573,"column":3}}]},"77":{"loc":{"start":{"line":578,"column":2},"end":{"line":580,"column":3}},"type":"if","locations":[{"start":{"line":578,"column":2},"end":{"line":580,"column":3}}]},"78":{"loc":{"start":{"line":591,"column":2},"end":{"line":593,"column":3}},"type":"if","locations":[{"start":{"line":591,"column":2},"end":{"line":593,"column":3}}]},"79":{"loc":{"start":{"line":628,"column":2},"end":{"line":630,"column":3}},"type":"if","locations":[{"start":{"line":628,"column":2},"end":{"line":630,"column":3}}]},"80":{"loc":{"start":{"line":634,"column":3},"end":{"line":638,"column":4}},"type":"if","locations":[{"start":{"line":634,"column":3},"end":{"line":638,"column":4}},{"start":{"line":636,"column":10},"end":{"line":638,"column":4}}]},"81":{"loc":{"start":{"line":645,"column":2},"end":{"line":647,"column":3}},"type":"if","locations":[{"start":{"line":645,"column":2},"end":{"line":647,"column":3}}]},"82":{"loc":{"start":{"line":645,"column":6},"end":{"line":645,"column":30}},"type":"binary-expr","locations":[{"start":{"line":645,"column":6},"end":{"line":645,"column":12}},{"start":{"line":645,"column":16},"end":{"line":645,"column":30}}]},"83":{"loc":{"start":{"line":671,"column":2},"end":{"line":673,"column":3}},"type":"if","locations":[{"start":{"line":671,"column":2},"end":{"line":673,"column":3}}]},"84":{"loc":{"start":{"line":671,"column":6},"end":{"line":671,"column":70}},"type":"binary-expr","locations":[{"start":{"line":671,"column":6},"end":{"line":671,"column":15}},{"start":{"line":671,"column":19},"end":{"line":671,"column":36}},{"start":{"line":671,"column":40},"end":{"line":671,"column":49}},{"start":{"line":671,"column":53},"end":{"line":671,"column":70}}]},"85":{"loc":{"start":{"line":677,"column":3},"end":{"line":681,"column":4}},"type":"if","locations":[{"start":{"line":677,"column":3},"end":{"line":681,"column":4}},{"start":{"line":679,"column":10},"end":{"line":681,"column":4}}]},"86":{"loc":{"start":{"line":684,"column":3},"end":{"line":688,"column":4}},"type":"if","locations":[{"start":{"line":684,"column":3},"end":{"line":688,"column":4}},{"start":{"line":686,"column":10},"end":{"line":688,"column":4}}]},"87":{"loc":{"start":{"line":693,"column":3},"end":{"line":695,"column":4}},"type":"if","locations":[{"start":{"line":693,"column":3},"end":{"line":695,"column":4}}]},"88":{"loc":{"start":{"line":702,"column":2},"end":{"line":704,"column":3}},"type":"if","locations":[{"start":{"line":702,"column":2},"end":{"line":704,"column":3}}]},"89":{"loc":{"start":{"line":702,"column":6},"end":{"line":702,"column":30}},"type":"binary-expr","locations":[{"start":{"line":702,"column":6},"end":{"line":702,"column":12}},{"start":{"line":702,"column":16},"end":{"line":702,"column":30}}]}},"s":{"0":1,"1":1,"2":1,"3":1,"4":1,"5":39,"6":39,"7":39,"8":39,"9":0,"10":39,"11":2,"12":2,"13":1,"14":1,"15":1,"16":1,"17":1,"18":2,"19":2,"20":2,"21":2,"22":1,"23":1,"24":1,"25":2,"26":2,"27":2,"28":1,"29":0,"30":0,"31":0,"32":0,"33":0,"34":0,"35":0,"36":0,"37":0,"38":0,"39":0,"40":0,"41":0,"42":0,"43":0,"44":0,"45":0,"46":0,"47":0,"48":0,"49":0,"50":0,"51":0,"52":0,"53":0,"54":0,"55":0,"56":0,"57":0,"58":0,"59":0,"60":0,"61":0,"62":0,"63":0,"64":0,"65":0,"66":0,"67":0,"68":0,"69":0,"70":0,"71":0,"72":0,"73":0,"74":0,"75":3,"76":3,"77":3,"78":0,"79":0,"80":0,"81":0,"82":0,"83":0,"84":0,"85":3,"86":3,"87":1,"88":2,"89":2,"90":1,"91":1,"92":3,"93":3,"94":1,"95":2,"96":2,"97":1,"98":1,"99":0,"100":0,"101":0,"102":0,"103":2,"104":2,"105":1,"106":1,"107":4,"108":4,"109":4,"110":1,"111":3,"112":1,"113":2,"114":1,"115":1,"116":2,"117":2,"118":2,"119":2,"120":4,"121":4,"122":10,"123":4,"124":10,"125":4,"126":4,"127":4,"128":5,"129":5,"130":5,"131":5,"132":4,"133":4,"134":4,"135":5,"136":5,"137":5,"138":5,"139":4,"140":5,"141":4,"142":4,"143":4,"144":5,"145":5,"146":0,"147":5,"148":5,"149":4,"150":4,"151":3,"152":4,"153":6,"154":6,"155":6,"156":6,"157":6,"158":1,"159":5,"160":1,"161":4,"162":1,"163":3,"164":1,"165":2,"166":1,"167":1,"168":0,"169":0,"170":0,"171":0,"172":0,"173":0,"174":0,"175":0,"176":0,"177":0,"178":4,"179":4,"180":4,"181":0,"182":4,"183":2,"184":2,"185":1,"186":1,"187":1,"188":1,"189":0,"190":1,"191":1,"192":1,"193":1,"194":1,"195":0,"196":0,"197":0,"198":0,"199":0,"200":0,"201":0,"202":0,"203":0,"204":0,"205":0,"206":0,"207":0,"208":0,"209":0,"210":0,"211":0,"212":3,"213":3,"214":1,"215":2,"216":2,"217":4,"218":2,"219":2,"220":2,"221":2,"222":1,"223":1,"224":0,"225":0,"226":0,"227":0,"228":0,"229":0,"230":0,"231":0,"232":0,"233":0,"234":0,"235":0,"236":0,"237":0,"238":0,"239":0,"240":0,"241":0,"242":0,"243":0,"244":0,"245":0,"246":1,"247":1},"f":{"0":39,"1":2,"2":0,"3":0,"4":0,"5":0,"6":3,"7":3,"8":3,"9":0,"10":2,"11":4,"12":2,"13":2,"14":4,"15":10,"16":10,"17":5,"18":6,"19":0,"20":0,"21":0,"22":4,"23":1,"24":1,"25":0,"26":0,"27":0,"28":0,"29":0,"30":3,"31":4,"32":0,"33":0,"34":0,"35":0},"b":{"0":[0],"1":[1],"2":[2],"3":[2,2],"4":[2],"5":[2,2],"6":[2],"7":[2,2],"8":[0],"9":[0],"10":[0,0],"11":[0],"12":[0,0],"13":[0],"14":[0,0],"15":[0],"16":[0,0],"17":[0,0],"18":[0,0],"19":[0],"20":[0,0],"21":[0,0,0,0],"22":[0],"23":[0,0],"24":[0,0],"25":[3],"26":[0],"27":[0,0],"28":[1],"29":[3,2],"30":[1],"31":[2,1],"32":[1],"33":[3,2],"34":[1],"35":[2,1],"36":[0],"37":[0,0],"38":[1],"39":[2,1],"40":[1],"41":[4,3],"42":[1],"43":[1],"44":[5],"45":[5,5],"46":[5],"47":[5,5],"48":[5],"49":[5,5],"50":[5],"51":[5,5],"52":[5,5],"53":[0],"54":[4],"55":[3],"56":[4,3],"57":[1,5],"58":[1,4],"59":[1,3],"60":[4,2],"61":[1,2],"62":[1,1],"63":[0],"64":[0,0],"65":[0,0],"66":[0],"67":[0],"68":[4,4],"69":[2],"70":[4,3],"71":[1],"72":[0],"73":[1],"74":[1,0],"75":[0],"76":[0],"77":[0],"78":[0],"79":[1],"80":[2,2],"81":[1],"82":[2,1],"83":[0],"84":[0,0,0,0],"85":[0,0],"86":[0,0],"87":[0],"88":[0],"89":[0,0]}}
}
